#
# A fatal error has been detected by the Java Runtime Environment:
#
#  SIGSEGV (0xb) at pc=0x00007fbd8810a216, pid=19971, tid=140451691788032
#
# JRE version: OpenJDK Runtime Environment (7.0_79-b14) (build 1.7.0_79-b14)
# Java VM: OpenJDK 64-Bit Server VM (24.79-b02 mixed mode linux-amd64 compressed oops)
# Derivative: IcedTea 2.5.5
# Distribution: Ubuntu Vivid Vervet (development branch), package 7u79-2.5.5-0ubuntu1
# Problematic frame:
# V  [libjvm.so+0x97e216]  interpretedVFrame::monitors() const+0x1c6
#
# Failed to write core dump. Core dumps have been disabled. To enable core dumping, try "ulimit -c unlimited" before starting Java again
#
# If you would like to submit a bug report, please include
# instructions on how to reproduce the bug and visit:
#   http://icedtea.classpath.org/bugzilla
#

---------------  T H R E A D  ---------------

Current thread (0x00007fbd801e4000):  JavaThread "JDWP Transport Listener: dt_socket" daemon [_thread_in_vm, id=19989, stack(0x00007fbd75227000,0x00007fbd75328000)]

siginfo:si_signo=SIGSEGV: si_errno=0, si_code=2 (SEGV_ACCERR), si_addr=0x00007fbd892e8ff0

Registers:
RAX=0x00000000ec5a0268, RBX=0x00007fbd4010b390, RCX=0x000000000000fca1, RDX=0x000000000000fca0
RSP=0x00007fbd753261a0, RBP=0x00007fbd75326250, RSI=0x0000000000000000, RDI=0x0000000000000020
R8 =0x00007fbd5024e0a0, R9 =0x0000000000000000, R10=0x0000000000000022, R11=0x0000000000000206
R12=0x00007fbd4010b990, R13=0x00007fbd892e8fe8, R14=0x00007fbd753261e0, R15=0x0000000000000000
RIP=0x00007fbd8810a216, EFLAGS=0x0000000000010246, CSGSFS=0x0000000000000033, ERR=0x0000000000000004
  TRAPNO=0x000000000000000e

Top of Stack: (sp=0x00007fbd753261a0)
0x00007fbd753261a0:   00007fbd753261c0 00007fbd5018cd60
0x00007fbd753261b0:   00007fbd893e5a08 00007fbd7d013085
0x00007fbd753261c0:   00007fbd7d005310 0000000000000000
0x00007fbd753261d0:   00007fbd893e5a48 00007fbd893e5a08
0x00007fbd753261e0:   00007fbd893e5a08 00007fbd7d013085
0x00007fbd753261f0:   00007fbd7d005310 0000000000000000
0x00007fbd75326200:   00007fbd893e5a48 00007fbd893e5a08
0x00007fbd75326210:   00007fbd801e4b58 06b3fc56296a9000
0x00007fbd75326220:   00007fbd75326400 00007fbd801e3a00
0x00007fbd75326230:   0000000000000000 00007fbd8000d000
0x00007fbd75326240:   00007fbd500070c0 00007fbd8000d000
0x00007fbd75326250:   00007fbd75326330 00007fbd87e3f7e8
0x00007fbd75326260:   00007fbd801e4680 0000000c00200021
0x00007fbd75326270:   0000007800000001 00007fbd801e4ae8
0x00007fbd75326280:   00000000000083b0 00000000296a9000
0x00007fbd75326290:   00007fbd801e4000 00007fbd40113368
0x00007fbd753262a0:   00007fbd4010b990 00007fbd4010b380
0x00007fbd753262b0:   00007fbd80004a10 00007fbd801e3a00
0x00007fbd753262c0:   00007fbd75326330 00007fbd880bfea9
0x00007fbd753262d0:   00007fbd893e5a08 00007fbd7d013085
0x00007fbd753262e0:   00007fbd7d005310 0000000000000000
0x00007fbd753262f0:   00007fbd893e5a48 06b3fc56296a9000
0x00007fbd75326300:   00000000000003d8 0000000000000000
0x00007fbd75326310:   00007fbd88584f38 00007fbd8000d000
0x00007fbd75326320:   00007fbd500070c0 00007fbd4010b390
0x00007fbd75326330:   00007fbd753269c0 00007fbd87e3fc55
0x00007fbd75326340:   0000000000000000 00000000000003d8
0x00007fbd75326350:   00007fbd801e3a00 00007fbd801e4a48
0x00007fbd75326360:   00007fbd801e4670 00007fbd500070c0
0x00007fbd75326370:   00007fbd75326390 00007fbd801e4660
0x00007fbd75326380:   00007fbd801e4000 00007fbd80004a10
0x00007fbd75326390:   00007fbd801e4000 00007fbd801e4a50 

Instructions: (pc=0x00007fbd8810a216)
0x00007fbd8810a1f6:   89 45 b0 48 8b 43 30 48 89 45 b8 e8 ea 3b ba ff
0x00007fbd8810a206:   49 39 c5 0f 82 11 01 00 00 31 f6 bf 20 00 00 00
0x00007fbd8810a216:   4d 8b 7d 08 e8 21 7e f0 ff 48 85 c0 49 89 c0 74
0x00007fbd8810a226:   17 4c 89 38 48 c7 40 10 00 00 00 00 4c 89 68 08 

Register to memory mapping:

RAX=0x00000000ec5a0268 is an oop
java.lang.NullPointerException 
 - klass: 'java/lang/NullPointerException'
RBX=0x00007fbd4010b390 is an unknown value
RCX=0x000000000000fca1 is an unknown value
RDX=0x000000000000fca0 is an unknown value
RSP=0x00007fbd753261a0 is pointing into the stack for thread: 0x00007fbd801e4000
RBP=0x00007fbd75326250 is pointing into the stack for thread: 0x00007fbd801e4000
RSI=0x0000000000000000 is an unknown value
RDI=0x0000000000000020 is an unknown value
R8 =0x00007fbd5024e0a0 is an unknown value
R9 =0x0000000000000000 is an unknown value
R10=0x0000000000000022 is an unknown value
R11=0x0000000000000206 is an unknown value
R12=0x00007fbd4010b990 is an unknown value
R13=0x00007fbd892e8fe8 is pointing into the stack for thread: 0x00007fbd8000d000
R14=0x00007fbd753261e0 is pointing into the stack for thread: 0x00007fbd801e4000
R15=0x0000000000000000 is an unknown value


Stack: [0x00007fbd75227000,0x00007fbd75328000],  sp=0x00007fbd753261a0,  free space=1020k
Native frames: (J=compiled Java code, j=interpreted, Vv=VM code, C=native code)
V  [libjvm.so+0x97e216]  interpretedVFrame::monitors() const+0x1c6
V  [libjvm.so+0x6b37e8]  JvmtiEnvBase::get_locked_objects_in_frame(JavaThread*, JavaThread*, javaVFrame*, GrowableArray<_jvmtiMonitorStackDepthInfo*>*, int)+0x88
V  [libjvm.so+0x6b3c55]  JvmtiEnvBase::get_owned_monitors(JavaThread*, JavaThread*, GrowableArray<_jvmtiMonitorStackDepthInfo*>*)+0x115
V  [libjvm.so+0x6a8dce]  JvmtiEnv::GetOwnedMonitorInfo(JavaThread*, int*, _jobject***)+0xfe
V  [libjvm.so+0x6625c7]  jvmti_GetOwnedMonitorInfo+0x187
C  [libjdwp.so+0xa3e6]
C  [libjdwp.so+0x11b08]
C  [libjdwp.so+0x23f65]
V  [libjvm.so+0x6ca221]  JvmtiAgentThread::start_function_wrapper(JavaThread*, Thread*)+0xa1
V  [libjvm.so+0x937cc8]  JavaThread::thread_main_inner()+0x118
V  [libjvm.so+0x937f51]  JavaThread::run()+0x231
V  [libjvm.so+0x7fa442]  java_start(Thread*)+0xf2


---------------  P R O C E S S  ---------------

Java Threads: ( => current thread )
  0x00007fbd24017000 JavaThread "TimerQueue" daemon [_thread_blocked, id=20006, stack(0x00007fbd362d3000,0x00007fbd363d4000)]
  0x00007fbd80316000 JavaThread "AWT-XAWT" daemon [_thread_in_native, id=20001, stack(0x00007fbd3767e000,0x00007fbd3777f000)]
  0x00007fbd802e2000 JavaThread "Java2D Disposer" daemon [_thread_blocked, id=20000, stack(0x00007fbd3c001000,0x00007fbd3c102000)]
  0x00007fbd801ef000 JavaThread "Service Thread" daemon [_thread_blocked, id=19998, stack(0x00007fbd74d22000,0x00007fbd74e23000)]
  0x00007fbd801ec800 JavaThread "C2 CompilerThread1" daemon [_thread_blocked, id=19997, stack(0x00007fbd74e23000,0x00007fbd74f24000)]
  0x00007fbd801ea000 JavaThread "C2 CompilerThread0" daemon [_thread_blocked, id=19996, stack(0x00007fbd74f24000,0x00007fbd75025000)]
  0x00007fbd50001000 JavaThread "JDWP Command Reader" daemon [_thread_in_native, id=19993, stack(0x00007fbd75025000,0x00007fbd75126000)]
  0x00007fbd801e7800 JavaThread "JDWP Event Helper Thread" daemon [_thread_blocked, id=19990, stack(0x00007fbd75126000,0x00007fbd75227000)]
=>0x00007fbd801e4000 JavaThread "JDWP Transport Listener: dt_socket" daemon [_thread_in_vm, id=19989, stack(0x00007fbd75227000,0x00007fbd75328000)]
  0x00007fbd80170000 JavaThread "Signal Dispatcher" daemon [_thread_blocked, id=19987, stack(0x00007fbd7c4f5000,0x00007fbd7c5f6000)]
  0x00007fbd80146800 JavaThread "Finalizer" daemon [_thread_blocked, id=19985, stack(0x00007fbd7c5f6000,0x00007fbd7c6f7000)]
  0x00007fbd80144000 JavaThread "Reference Handler" daemon [_thread_blocked, id=19984, stack(0x00007fbd7c6f7000,0x00007fbd7c7f8000)]
  0x00007fbd8000d000 JavaThread "main" [_thread_blocked, id=19978, stack(0x00007fbd892e6000,0x00007fbd893e7000)]

Other Threads:
  0x00007fbd80140000 VMThread [stack: 0x00007fbd7c7f8000,0x00007fbd7c8f9000] [id=19983]
  0x00007fbd801f2000 WatcherThread [stack: 0x00007fbd74c21000,0x00007fbd74d22000] [id=19999]

VM state:not at safepoint (normal execution)

VM Mutex/Monitor currently owned by a thread: None

Heap
 PSYoungGen      total 18432K, used 11037K [0x00000000ebc00000, 0x00000000ed080000, 0x0000000100000000)
  eden space 15872K, 69% used [0x00000000ebc00000,0x00000000ec6c76e0,0x00000000ecb80000)
  from space 2560K, 0% used [0x00000000ece00000,0x00000000ece00000,0x00000000ed080000)
  to   space 2560K, 0% used [0x00000000ecb80000,0x00000000ecb80000,0x00000000ece00000)
 ParOldGen       total 41472K, used 0K [0x00000000c3400000, 0x00000000c5c80000, 0x00000000ebc00000)
  object space 41472K, 0% used [0x00000000c3400000,0x00000000c3400000,0x00000000c5c80000)
 PSPermGen       total 21504K, used 12163K [0x00000000b8e00000, 0x00000000ba300000, 0x00000000c3400000)
  object space 21504K, 56% used [0x00000000b8e00000,0x00000000b99e0d18,0x00000000ba300000)

Card table byte_map: [0x00007fbd85382000,0x00007fbd855bc000] byte_map_base: 0x00007fbd84dbb000

Polling page: 0x00007fbd89406000

Code Cache  [0x00007fbd7d000000, 0x00007fbd7d270000, 0x00007fbd80000000)
 total_blobs=482 nmethods=22 adapters=422 free_code_cache=48582Kb largest_free_block=49727488

Compilation events (10 events):
Event: 558.397 Thread 0x00007fbd801ec800   18             java.util.concurrent.locks.AbstractQueuedSynchronizer::getState (5 bytes)
Event: 558.397 Thread 0x00007fbd801ec800 nmethod 18 0x00007fbd7d08ec50 code [0x00007fbd7d08ed80, 0x00007fbd7d08edd8]
Event: 564.684 Thread 0x00007fbd801ea000   19             sun.util.logging.PlatformLogger$DefaultLoggerProxy::doLog (22 bytes)
Event: 564.688 Thread 0x00007fbd801ea000 nmethod 19 0x00007fbd7d08da10 code [0x00007fbd7d08db80, 0x00007fbd7d08ddb8]
Event: 575.552 Thread 0x00007fbd801ec800   20             sun.util.logging.PlatformLogger::finest (12 bytes)
Event: 575.556 Thread 0x00007fbd801ec800 nmethod 20 0x00007fbd7d08d2d0 code [0x00007fbd7d08d460, 0x00007fbd7d08d6f8]
Event: 614.508 Thread 0x00007fbd801ea000   21             java.util.concurrent.locks.AbstractOwnableSynchronizer::getExclusiveOwnerThread (5 bytes)
Event: 614.508 Thread 0x00007fbd801ea000 nmethod 21 0x00007fbd7d08d0d0 code [0x00007fbd7d08d200, 0x00007fbd7d08d258]
Event: 679.571 Thread 0x00007fbd801ec800   22             java.util.concurrent.locks.AbstractQueuedSynchronizer::setState (6 bytes)
Event: 679.571 Thread 0x00007fbd801ec800 nmethod 22 0x00007fbd7d08ea50 code [0x00007fbd7d08eb80, 0x00007fbd7d08ebd8]

GC Heap History (0 events):
No events

Deoptimization events (6 events):
Event: 0.493 Thread 0x00007fbd8000d000 Uncommon trap: reason=class_check action=maybe_recompile pc=0x00007fbd7d07c50c method=java.util.Properties$LineReader.readLine()I @ 62
Event: 0.495 Thread 0x00007fbd8000d000 Uncommon trap: reason=class_check action=maybe_recompile pc=0x00007fbd7d07c50c method=java.util.Properties$LineReader.readLine()I @ 62
Event: 0.495 Thread 0x00007fbd8000d000 Uncommon trap: reason=class_check action=maybe_recompile pc=0x00007fbd7d07c50c method=java.util.Properties$LineReader.readLine()I @ 62
Event: 3.031 Thread 0x00007fbd803b2800 Uncommon trap: reason=class_check action=maybe_recompile pc=0x00007fbd7d07ee54 method=java.lang.String.equals(Ljava/lang/Object;)Z @ 8
Event: 3.031 Thread 0x00007fbd803b2800 Uncommon trap: reason=class_check action=maybe_recompile pc=0x00007fbd7d07ee54 method=java.lang.String.equals(Ljava/lang/Object;)Z @ 8
Event: 3.031 Thread 0x00007fbd803b2800 Uncommon trap: reason=class_check action=maybe_recompile pc=0x00007fbd7d07ee54 method=java.lang.String.equals(Ljava/lang/Object;)Z @ 8

Internal exceptions (10 events):
Event: 0.398 Thread 0x00007fbd8000d000 Threw 0x00000000ec0d5c00 at /build/buildd/openjdk-7-7u79-2.5.5/build/openjdk/hotspot/src/share/vm/prims/jvm.cpp:1284
Event: 0.398 Thread 0x00007fbd8000d000 Threw 0x00000000ec0d7220 at /build/buildd/openjdk-7-7u79-2.5.5/build/openjdk/hotspot/src/share/vm/prims/jvm.cpp:1284
Event: 0.399 Thread 0x00007fbd8000d000 Threw 0x00000000ec0dfdc8 at /build/buildd/openjdk-7-7u79-2.5.5/build/openjdk/hotspot/src/share/vm/prims/jvm.cpp:1284
Event: 0.400 Thread 0x00007fbd80316000 Threw 0x00000000ec015e68 at /build/buildd/openjdk-7-7u79-2.5.5/build/openjdk/hotspot/src/share/vm/prims/jvm.cpp:1284
Event: 0.400 Thread 0x00007fbd8000d000 Threw 0x00000000ec0e1428 at /build/buildd/openjdk-7-7u79-2.5.5/build/openjdk/hotspot/src/share/vm/prims/jvm.cpp:1284
Event: 0.402 Thread 0x00007fbd80316000 Threw 0x00000000ec026e18 at /build/buildd/openjdk-7-7u79-2.5.5/build/openjdk/hotspot/src/share/vm/prims/jvm.cpp:1284
Event: 0.403 Thread 0x00007fbd80316000 Threw 0x00000000ec02b338 at /build/buildd/openjdk-7-7u79-2.5.5/build/openjdk/hotspot/src/share/vm/prims/jvm.cpp:1284
Event: 0.668 Thread 0x00007fbd803b2800 Threw 0x00000000ec38f2b8 at /build/buildd/openjdk-7-7u79-2.5.5/build/openjdk/hotspot/src/share/vm/prims/jvm.cpp:1284
Event: 0.763 Thread 0x00007fbd803b2800 Threw 0x00000000ec5e7d88 at /build/buildd/openjdk-7-7u79-2.5.5/build/openjdk/hotspot/src/share/vm/prims/jni.cpp:747
Event: 3.054 Thread 0x00007fbd8000d000 Threw 0x00000000ec5a0268 at /build/buildd/openjdk-7-7u79-2.5.5/build/openjdk/hotspot/src/share/vm/interpreter/linkResolver.cpp:895

Events (10 events):
Event: 39.094 Executing VM operation: RedefineClasses
Event: 39.095 Executing VM operation: RedefineClasses done
Event: 881.341 Executing VM operation: GetCurrentLocation
Event: 881.342 Executing VM operation: GetCurrentLocation done
Event: 881.342 Executing VM operation: EnterInterpOnlyMode
Event: 881.342 Executing VM operation: EnterInterpOnlyMode done
Event: 881.342 Executing VM operation: ChangeSingleStep
Event: 881.342 Executing VM operation: ChangeSingleStep done
Event: 881.342 Executing VM operation: ChangeSingleStep
Event: 881.342 Executing VM operation: ChangeSingleStep done


Dynamic libraries:
00400000-00401000 r-xp 00000000 08:02 134932                             /usr/lib/jvm/java-7-openjdk-amd64/jre/bin/java
00600000-00601000 r--p 00000000 08:02 134932                             /usr/lib/jvm/java-7-openjdk-amd64/jre/bin/java
00601000-00602000 rw-p 00001000 08:02 134932                             /usr/lib/jvm/java-7-openjdk-amd64/jre/bin/java
017a8000-017c9000 rw-p 00000000 00:00 0                                  [heap]
b8e00000-ba300000 rw-p 00000000 00:00 0 
ba300000-c3400000 rw-p 00000000 00:00 0 
c3400000-c5c80000 rw-p 00000000 00:00 0 
c5c80000-ebc00000 rw-p 00000000 00:00 0 
ebc00000-ed080000 rw-p 00000000 00:00 0 
ed080000-100000000 rw-p 00000000 00:00 0 
7fbd18000000-7fbd18021000 rw-p 00000000 00:00 0 
7fbd18021000-7fbd1c000000 ---p 00000000 00:00 0 
7fbd20000000-7fbd20021000 rw-p 00000000 00:00 0 
7fbd20021000-7fbd24000000 ---p 00000000 00:00 0 
7fbd24000000-7fbd24026000 rw-p 00000000 00:00 0 
7fbd24026000-7fbd28000000 ---p 00000000 00:00 0 
7fbd28000000-7fbd28025000 rw-p 00000000 00:00 0 
7fbd28025000-7fbd2c000000 ---p 00000000 00:00 0 
7fbd2c000000-7fbd2c021000 rw-p 00000000 00:00 0 
7fbd2c021000-7fbd30000000 ---p 00000000 00:00 0 
7fbd30000000-7fbd30021000 rw-p 00000000 00:00 0 
7fbd30021000-7fbd34000000 ---p 00000000 00:00 0 
7fbd36173000-7fbd362d3000 rw-p 00000000 00:00 0 
7fbd362d3000-7fbd362d6000 ---p 00000000 00:00 0 
7fbd362d6000-7fbd363d4000 rw-p 00000000 00:00 0                          [stack:20006]
7fbd363d4000-7fbd363d7000 ---p 00000000 00:00 0 
7fbd363d7000-7fbd364d5000 rw-p 00000000 00:00 0 
7fbd364d5000-7fbd364d8000 ---p 00000000 00:00 0 
7fbd364d8000-7fbd365d6000 rw-p 00000000 00:00 0 
7fbd365d6000-7fbd365e7000 r-xp 00000000 08:02 133545                     /usr/lib/jvm/java-7-openjdk-amd64/jre/lib/amd64/libnio.so
7fbd365e7000-7fbd367e6000 ---p 00011000 08:02 133545                     /usr/lib/jvm/java-7-openjdk-amd64/jre/lib/amd64/libnio.so
7fbd367e6000-7fbd367e7000 r--p 00010000 08:02 133545                     /usr/lib/jvm/java-7-openjdk-amd64/jre/lib/amd64/libnio.so
7fbd367e7000-7fbd367e8000 rw-p 00011000 08:02 133545                     /usr/lib/jvm/java-7-openjdk-amd64/jre/lib/amd64/libnio.so
7fbd367e8000-7fbd36ae9000 rw-p 00000000 00:00 0 
7fbd36ae9000-7fbd36b00000 r-xp 00000000 08:02 133562                     /usr/lib/jvm/java-7-openjdk-amd64/jre/lib/amd64/libnet.so
7fbd36b00000-7fbd36cff000 ---p 00017000 08:02 133562                     /usr/lib/jvm/java-7-openjdk-amd64/jre/lib/amd64/libnet.so
7fbd36cff000-7fbd36d00000 r--p 00016000 08:02 133562                     /usr/lib/jvm/java-7-openjdk-amd64/jre/lib/amd64/libnet.so
7fbd36d00000-7fbd36d01000 rw-p 00017000 08:02 133562                     /usr/lib/jvm/java-7-openjdk-amd64/jre/lib/amd64/libnet.so
7fbd36d01000-7fbd36d54000 r-xp 00000000 08:02 133704                     /usr/lib/jvm/java-7-openjdk-amd64/jre/lib/amd64/libfontmanager.so
7fbd36d54000-7fbd36f53000 ---p 00053000 08:02 133704                     /usr/lib/jvm/java-7-openjdk-amd64/jre/lib/amd64/libfontmanager.so
7fbd36f53000-7fbd36f56000 r--p 00052000 08:02 133704                     /usr/lib/jvm/java-7-openjdk-amd64/jre/lib/amd64/libfontmanager.so
7fbd36f56000-7fbd36f57000 rw-p 00055000 08:02 133704                     /usr/lib/jvm/java-7-openjdk-amd64/jre/lib/amd64/libfontmanager.so
7fbd36f57000-7fbd36f5a000 ---p 00000000 00:00 0 
7fbd36f5a000-7fbd37058000 rw-p 00000000 00:00 0 
7fbd37058000-7fbd37072000 r-xp 00000000 08:02 8388712                    /usr/lib/x86_64-linux-gnu/libdbusmenu-glib.so.4.0.12
7fbd37072000-7fbd37272000 ---p 0001a000 08:02 8388712                    /usr/lib/x86_64-linux-gnu/libdbusmenu-glib.so.4.0.12
7fbd37272000-7fbd37274000 r--p 0001a000 08:02 8388712                    /usr/lib/x86_64-linux-gnu/libdbusmenu-glib.so.4.0.12
7fbd37274000-7fbd37275000 rw-p 0001c000 08:02 8388712                    /usr/lib/x86_64-linux-gnu/libdbusmenu-glib.so.4.0.12
7fbd37275000-7fbd3727b000 r-xp 00000000 08:02 8392516                    /usr/lib/jayatana/libjayatana.so
7fbd3727b000-7fbd3747a000 ---p 00006000 08:02 8392516                    /usr/lib/jayatana/libjayatana.so
7fbd3747a000-7fbd3747b000 r--p 00005000 08:02 8392516                    /usr/lib/jayatana/libjayatana.so
7fbd3747b000-7fbd3747c000 rw-p 00006000 08:02 8392516                    /usr/lib/jayatana/libjayatana.so
7fbd3747c000-7fbd3747d000 r-xp 00000000 08:02 133245                     /usr/lib/jvm/java-7-openjdk-amd64/jre/lib/amd64/libjawt.so
7fbd3747d000-7fbd3767c000 ---p 00001000 08:02 133245                     /usr/lib/jvm/java-7-openjdk-amd64/jre/lib/amd64/libjawt.so
7fbd3767c000-7fbd3767d000 r--p 00000000 08:02 133245                     /usr/lib/jvm/java-7-openjdk-amd64/jre/lib/amd64/libjawt.so
7fbd3767d000-7fbd3767e000 rw-p 00001000 08:02 133245                     /usr/lib/jvm/java-7-openjdk-amd64/jre/lib/amd64/libjawt.so
7fbd3767e000-7fbd37681000 ---p 00000000 00:00 0 
7fbd37681000-7fbd3777f000 rw-p 00000000 00:00 0                          [stack:20001]
7fbd3777f000-7fbd37784000 r-xp 00000000 08:02 8395997                    /usr/lib/x86_64-linux-gnu/libXfixes.so.3.1.0
7fbd37784000-7fbd37983000 ---p 00005000 08:02 8395997                    /usr/lib/x86_64-linux-gnu/libXfixes.so.3.1.0
7fbd37983000-7fbd37984000 r--p 00004000 08:02 8395997                    /usr/lib/x86_64-linux-gnu/libXfixes.so.3.1.0
7fbd37984000-7fbd37985000 rw-p 00005000 08:02 8395997                    /usr/lib/x86_64-linux-gnu/libXfixes.so.3.1.0
7fbd37985000-7fbd3798e000 r-xp 00000000 08:02 8396731                    /usr/lib/x86_64-linux-gnu/libXcursor.so.1.0.2
7fbd3798e000-7fbd37b8d000 ---p 00009000 08:02 8396731                    /usr/lib/x86_64-linux-gnu/libXcursor.so.1.0.2
7fbd37b8d000-7fbd37b8e000 r--p 00008000 08:02 8396731                    /usr/lib/x86_64-linux-gnu/libXcursor.so.1.0.2
7fbd37b8e000-7fbd37b8f000 rw-p 00009000 08:02 8396731                    /usr/lib/x86_64-linux-gnu/libXcursor.so.1.0.2
7fbd37b8f000-7fbd37b92000 r-xp 00000000 08:02 2884548                    /lib/x86_64-linux-gnu/libkeyutils.so.1.5
7fbd37b92000-7fbd37d91000 ---p 00003000 08:02 2884548                    /lib/x86_64-linux-gnu/libkeyutils.so.1.5
7fbd37d91000-7fbd37d92000 r--p 00002000 08:02 2884548                    /lib/x86_64-linux-gnu/libkeyutils.so.1.5
7fbd37d92000-7fbd37d93000 rw-p 00003000 08:02 2884548                    /lib/x86_64-linux-gnu/libkeyutils.so.1.5
7fbd37d93000-7fbd37dff000 r-xp 00000000 08:02 2884467                    /lib/x86_64-linux-gnu/libpcre.so.3.13.1
7fbd37dff000-7fbd37ffe000 ---p 0006c000 08:02 2884467                    /lib/x86_64-linux-gnu/libpcre.so.3.13.1
7fbd37ffe000-7fbd37fff000 r--p 0006b000 08:02 2884467                    /lib/x86_64-linux-gnu/libpcre.so.3.13.1
7fbd37fff000-7fbd38000000 rw-p 0006c000 08:02 2884467                    /lib/x86_64-linux-gnu/libpcre.so.3.13.1
7fbd38000000-7fbd38021000 rw-p 00000000 00:00 0 
7fbd38021000-7fbd3c000000 ---p 00000000 00:00 0 
7fbd3c001000-7fbd3c004000 ---p 00000000 00:00 0 
7fbd3c004000-7fbd3c102000 rw-p 00000000 00:00 0                          [stack:20000]
7fbd3c102000-7fbd3c127000 r-xp 00000000 08:02 2884579                    /lib/x86_64-linux-gnu/libpng12.so.0.51.0
7fbd3c127000-7fbd3c326000 ---p 00025000 08:02 2884579                    /lib/x86_64-linux-gnu/libpng12.so.0.51.0
7fbd3c326000-7fbd3c327000 r--p 00024000 08:02 2884579                    /lib/x86_64-linux-gnu/libpng12.so.0.51.0
7fbd3c327000-7fbd3c328000 rw-p 00025000 08:02 2884579                    /lib/x86_64-linux-gnu/libpng12.so.0.51.0
7fbd3c328000-7fbd3c36e000 r-xp 00000000 08:02 2884461                    /lib/x86_64-linux-gnu/libdbus-1.so.3.8.9
7fbd3c36e000-7fbd3c56e000 ---p 00046000 08:02 2884461                    /lib/x86_64-linux-gnu/libdbus-1.so.3.8.9
7fbd3c56e000-7fbd3c56f000 r--p 00046000 08:02 2884461                    /lib/x86_64-linux-gnu/libdbus-1.so.3.8.9
7fbd3c56f000-7fbd3c570000 rw-p 00047000 08:02 2884461                    /lib/x86_64-linux-gnu/libdbus-1.so.3.8.9
7fbd3c570000-7fbd3c5ee000 r-xp 00000000 08:02 8390130                    /usr/lib/x86_64-linux-gnu/libgmp.so.10.2.0
7fbd3c5ee000-7fbd3c7ee000 ---p 0007e000 08:02 8390130                    /usr/lib/x86_64-linux-gnu/libgmp.so.10.2.0
7fbd3c7ee000-7fbd3c7ef000 r--p 0007e000 08:02 8390130                    /usr/lib/x86_64-linux-gnu/libgmp.so.10.2.0
7fbd3c7ef000-7fbd3c7f0000 rw-p 0007f000 08:02 8390130                    /usr/lib/x86_64-linux-gnu/libgmp.so.10.2.0
7fbd3c7f0000-7fbd3c81d000 r-xp 00000000 08:02 8390134                    /usr/lib/x86_64-linux-gnu/libhogweed.so.2.5
7fbd3c81d000-7fbd3ca1c000 ---p 0002d000 08:02 8390134                    /usr/lib/x86_64-linux-gnu/libhogweed.so.2.5
7fbd3ca1c000-7fbd3ca1d000 r--p 0002c000 08:02 8390134                    /usr/lib/x86_64-linux-gnu/libhogweed.so.2.5
7fbd3ca1d000-7fbd3ca1e000 rw-p 0002d000 08:02 8390134                    /usr/lib/x86_64-linux-gnu/libhogweed.so.2.5
7fbd3ca1e000-7fbd3ca4e000 r-xp 00000000 08:02 8390132                    /usr/lib/x86_64-linux-gnu/libnettle.so.4.7
7fbd3ca4e000-7fbd3cc4d000 ---p 00030000 08:02 8390132                    /usr/lib/x86_64-linux-gnu/libnettle.so.4.7
7fbd3cc4d000-7fbd3cc4e000 r--p 0002f000 08:02 8390132                    /usr/lib/x86_64-linux-gnu/libnettle.so.4.7
7fbd3cc4e000-7fbd3cc4f000 rw-p 00030000 08:02 8390132                    /usr/lib/x86_64-linux-gnu/libnettle.so.4.7
7fbd3cc4f000-7fbd3cc60000 r-xp 00000000 08:02 8394287                    /usr/lib/x86_64-linux-gnu/libtasn1.so.6.3.2
7fbd3cc60000-7fbd3ce60000 ---p 00011000 08:02 8394287                    /usr/lib/x86_64-linux-gnu/libtasn1.so.6.3.2
7fbd3ce60000-7fbd3ce62000 r--p 00011000 08:02 8394287                    /usr/lib/x86_64-linux-gnu/libtasn1.so.6.3.2
7fbd3ce62000-7fbd3ce63000 rw-p 00013000 08:02 8394287                    /usr/lib/x86_64-linux-gnu/libtasn1.so.6.3.2
7fbd3ce63000-7fbd3ce9f000 r-xp 00000000 08:02 8392824                    /usr/lib/x86_64-linux-gnu/libp11-kit.so.0.0.0
7fbd3ce9f000-7fbd3d09e000 ---p 0003c000 08:02 8392824                    /usr/lib/x86_64-linux-gnu/libp11-kit.so.0.0.0
7fbd3d09e000-7fbd3d0a7000 r--p 0003b000 08:02 8392824                    /usr/lib/x86_64-linux-gnu/libp11-kit.so.0.0.0
7fbd3d0a7000-7fbd3d0a9000 rw-p 00044000 08:02 8392824                    /usr/lib/x86_64-linux-gnu/libp11-kit.so.0.0.0
7fbd3d0a9000-7fbd3d0b3000 r-xp 00000000 08:02 8396512                    /usr/lib/x86_64-linux-gnu/libkrb5support.so.0.1
7fbd3d0b3000-7fbd3d2b2000 ---p 0000a000 08:02 8396512                    /usr/lib/x86_64-linux-gnu/libkrb5support.so.0.1
7fbd3d2b2000-7fbd3d2b3000 r--p 00009000 08:02 8396512                    /usr/lib/x86_64-linux-gnu/libkrb5support.so.0.1
7fbd3d2b3000-7fbd3d2b4000 rw-p 0000a000 08:02 8396512                    /usr/lib/x86_64-linux-gnu/libkrb5support.so.0.1
7fbd3d2b4000-7fbd3d2b7000 r-xp 00000000 08:02 2884557                    /lib/x86_64-linux-gnu/libcom_err.so.2.1
7fbd3d2b7000-7fbd3d4b6000 ---p 00003000 08:02 2884557                    /lib/x86_64-linux-gnu/libcom_err.so.2.1
7fbd3d4b6000-7fbd3d4b7000 r--p 00002000 08:02 2884557                    /lib/x86_64-linux-gnu/libcom_err.so.2.1
7fbd3d4b7000-7fbd3d4b8000 rw-p 00003000 08:02 2884557                    /lib/x86_64-linux-gnu/libcom_err.so.2.1
7fbd3d4b8000-7fbd3d4e6000 r-xp 00000000 08:02 8392734                    /usr/lib/x86_64-linux-gnu/libk5crypto.so.3.1
7fbd3d4e6000-7fbd3d6e5000 ---p 0002e000 08:02 8392734                    /usr/lib/x86_64-linux-gnu/libk5crypto.so.3.1
7fbd3d6e5000-7fbd3d6e7000 r--p 0002d000 08:02 8392734                    /usr/lib/x86_64-linux-gnu/libk5crypto.so.3.1
7fbd3d6e7000-7fbd3d6e8000 rw-p 0002f000 08:02 8392734                    /usr/lib/x86_64-linux-gnu/libk5crypto.so.3.1
7fbd3d6e8000-7fbd3d6e9000 rw-p 00000000 00:00 0 
7fbd3d6e9000-7fbd3d7a9000 r-xp 00000000 08:02 8396511                    /usr/lib/x86_64-linux-gnu/libkrb5.so.3.3
7fbd3d7a9000-7fbd3d9a9000 ---p 000c0000 08:02 8396511                    /usr/lib/x86_64-linux-gnu/libkrb5.so.3.3
7fbd3d9a9000-7fbd3d9b6000 r--p 000c0000 08:02 8396511                    /usr/lib/x86_64-linux-gnu/libkrb5.so.3.3
7fbd3d9b6000-7fbd3d9b8000 rw-p 000cd000 08:02 8396511                    /usr/lib/x86_64-linux-gnu/libkrb5.so.3.3
7fbd3d9b8000-7fbd3d9bf000 r-xp 00000000 08:02 8388691                    /usr/lib/x86_64-linux-gnu/libffi.so.6.0.4
7fbd3d9bf000-7fbd3dbbe000 ---p 00007000 08:02 8388691                    /usr/lib/x86_64-linux-gnu/libffi.so.6.0.4
7fbd3dbbe000-7fbd3dbbf000 r--p 00006000 08:02 8388691                    /usr/lib/x86_64-linux-gnu/libffi.so.6.0.4
7fbd3dbbf000-7fbd3dbc0000 rw-p 00007000 08:02 8388691                    /usr/lib/x86_64-linux-gnu/libffi.so.6.0.4
7fbd3dbc0000-7fbd3dbd7000 r-xp 00000000 08:02 2887612                    /lib/x86_64-linux-gnu/libresolv-2.21.so
7fbd3dbd7000-7fbd3ddd7000 ---p 00017000 08:02 2887612                    /lib/x86_64-linux-gnu/libresolv-2.21.so
7fbd3ddd7000-7fbd3ddd9000 r--p 00017000 08:02 2887612                    /lib/x86_64-linux-gnu/libresolv-2.21.so
7fbd3ddd9000-7fbd3ddda000 rw-p 00019000 08:02 2887612                    /lib/x86_64-linux-gnu/libresolv-2.21.so
7fbd3ddda000-7fbd3dddc000 rw-p 00000000 00:00 0 
7fbd3dddc000-7fbd3ddfd000 r-xp 00000000 08:02 2883629                    /lib/x86_64-linux-gnu/libselinux.so.1
7fbd3ddfd000-7fbd3dffc000 ---p 00021000 08:02 2883629                    /lib/x86_64-linux-gnu/libselinux.so.1
7fbd3dffc000-7fbd3dffd000 r--p 00020000 08:02 2883629                    /lib/x86_64-linux-gnu/libselinux.so.1
7fbd3dffd000-7fbd3dffe000 rw-p 00021000 08:02 2883629                    /lib/x86_64-linux-gnu/libselinux.so.1
7fbd3dffe000-7fbd3e000000 rw-p 00000000 00:00 0 
7fbd3e000000-7fbd3e10d000 r-xp 00000000 08:02 2887671                    /lib/x86_64-linux-gnu/libglib-2.0.so.0.4400.0
7fbd3e10d000-7fbd3e30c000 ---p 0010d000 08:02 2887671                    /lib/x86_64-linux-gnu/libglib-2.0.so.0.4400.0
7fbd3e30c000-7fbd3e30d000 r--p 0010c000 08:02 2887671                    /lib/x86_64-linux-gnu/libglib-2.0.so.0.4400.0
7fbd3e30d000-7fbd3e30e000 rw-p 0010d000 08:02 2887671                    /lib/x86_64-linux-gnu/libglib-2.0.so.0.4400.0
7fbd3e30e000-7fbd3e30f000 rw-p 00000000 00:00 0 
7fbd3e30f000-7fbd3e312000 r-xp 00000000 08:02 8397439                    /usr/lib/x86_64-linux-gnu/libgmodule-2.0.so.0.4400.0
7fbd3e312000-7fbd3e511000 ---p 00003000 08:02 8397439                    /usr/lib/x86_64-linux-gnu/libgmodule-2.0.so.0.4400.0
7fbd3e511000-7fbd3e512000 r--p 00002000 08:02 8397439                    /usr/lib/x86_64-linux-gnu/libgmodule-2.0.so.0.4400.0
7fbd3e512000-7fbd3e513000 rw-p 00003000 08:02 8397439                    /usr/lib/x86_64-linux-gnu/libgmodule-2.0.so.0.4400.0
7fbd3e513000-7fbd3e539000 r-xp 00000000 08:02 2883624                    /lib/x86_64-linux-gnu/libexpat.so.1.6.0
7fbd3e539000-7fbd3e738000 ---p 00026000 08:02 2883624                    /lib/x86_64-linux-gnu/libexpat.so.1.6.0
7fbd3e738000-7fbd3e73b000 r--p 00025000 08:02 2883624                    /lib/x86_64-linux-gnu/libexpat.so.1.6.0
7fbd3e73b000-7fbd3e73c000 rw-p 00028000 08:02 2883624                    /lib/x86_64-linux-gnu/libexpat.so.1.6.0
7fbd3e73c000-7fbd3e7de000 r-xp 00000000 08:02 8402531                    /usr/lib/x86_64-linux-gnu/libfreetype.so.6.11.1
7fbd3e7de000-7fbd3e9dd000 ---p 000a2000 08:02 8402531                    /usr/lib/x86_64-linux-gnu/libfreetype.so.6.11.1
7fbd3e9dd000-7fbd3e9e3000 r--p 000a1000 08:02 8402531                    /usr/lib/x86_64-linux-gnu/libfreetype.so.6.11.1
7fbd3e9e3000-7fbd3e9e4000 rw-p 000a7000 08:02 8402531                    /usr/lib/x86_64-linux-gnu/libfreetype.so.6.11.1
7fbd3e9e4000-7fbd3e9f4000 r-xp 00000000 08:02 8392812                    /usr/lib/x86_64-linux-gnu/libavahi-client.so.3.2.9
7fbd3e9f4000-7fbd3ebf3000 ---p 00010000 08:02 8392812                    /usr/lib/x86_64-linux-gnu/libavahi-client.so.3.2.9
7fbd3ebf3000-7fbd3ebf4000 r--p 0000f000 08:02 8392812                    /usr/lib/x86_64-linux-gnu/libavahi-client.so.3.2.9
7fbd3ebf4000-7fbd3ebf5000 rw-p 00010000 08:02 8392812                    /usr/lib/x86_64-linux-gnu/libavahi-client.so.3.2.9
7fbd3ebf5000-7fbd3ec00000 r-xp 00000000 08:02 8390400                    /usr/lib/x86_64-linux-gnu/libavahi-common.so.3.5.3
7fbd3ec00000-7fbd3edff000 ---p 0000b000 08:02 8390400                    /usr/lib/x86_64-linux-gnu/libavahi-common.so.3.5.3
7fbd3edff000-7fbd3ee00000 r--p 0000a000 08:02 8390400                    /usr/lib/x86_64-linux-gnu/libavahi-common.so.3.5.3
7fbd3ee00000-7fbd3ee01000 rw-p 0000b000 08:02 8390400                    /usr/lib/x86_64-linux-gnu/libavahi-common.so.3.5.3
7fbd3ee01000-7fbd3ef10000 r-xp 00000000 08:02 8398833                    /usr/lib/x86_64-linux-gnu/libgnutls-deb0.so.28.41.0
7fbd3ef10000-7fbd3f110000 ---p 0010f000 08:02 8398833                    /usr/lib/x86_64-linux-gnu/libgnutls-deb0.so.28.41.0
7fbd3f110000-7fbd3f119000 r--p 0010f000 08:02 8398833                    /usr/lib/x86_64-linux-gnu/libgnutls-deb0.so.28.41.0
7fbd3f119000-7fbd3f11b000 rw-p 00118000 08:02 8398833                    /usr/lib/x86_64-linux-gnu/libgnutls-deb0.so.28.41.0
7fbd3f11b000-7fbd3f160000 r-xp 00000000 08:02 8396510                    /usr/lib/x86_64-linux-gnu/libgssapi_krb5.so.2.2
7fbd3f160000-7fbd3f35f000 ---p 00045000 08:02 8396510                    /usr/lib/x86_64-linux-gnu/libgssapi_krb5.so.2.2
7fbd3f35f000-7fbd3f361000 r--p 00044000 08:02 8396510                    /usr/lib/x86_64-linux-gnu/libgssapi_krb5.so.2.2
7fbd3f361000-7fbd3f362000 rw-p 00046000 08:02 8396510                    /usr/lib/x86_64-linux-gnu/libgssapi_krb5.so.2.2
7fbd3f362000-7fbd3f363000 rw-p 00000000 00:00 0 
7fbd3f363000-7fbd3f3b3000 r-xp 00000000 08:02 8396516                    /usr/lib/x86_64-linux-gnu/libgobject-2.0.so.0.4400.0
7fbd3f3b3000-7fbd3f5b3000 ---p 00050000 08:02 8396516                    /usr/lib/x86_64-linux-gnu/libgobject-2.0.so.0.4400.0
7fbd3f5b3000-7fbd3f5b4000 r--p 00050000 08:02 8396516                    /usr/lib/x86_64-linux-gnu/libgobject-2.0.so.0.4400.0
7fbd3f5b4000-7fbd3f5b5000 rw-p 00051000 08:02 8396516                    /usr/lib/x86_64-linux-gnu/libgobject-2.0.so.0.4400.0
7fbd3f5b5000-7fbd3f72d000 r-xp 00000000 08:02 8397420                    /usr/lib/x86_64-linux-gnu/libgio-2.0.so.0.4400.0
7fbd3f72d000-7fbd3f92d000 ---p 00178000 08:02 8397420                    /usr/lib/x86_64-linux-gnu/libgio-2.0.so.0.4400.0
7fbd3f92d000-7fbd3f931000 r--p 00178000 08:02 8397420                    /usr/lib/x86_64-linux-gnu/libgio-2.0.so.0.4400.0
7fbd3f931000-7fbd3f933000 rw-p 0017c000 08:02 8397420                    /usr/lib/x86_64-linux-gnu/libgio-2.0.so.0.4400.0
7fbd3f933000-7fbd3f935000 rw-p 00000000 00:00 0 
7fbd3f935000-7fbd3f971000 r-xp 00000000 08:02 8389850                    /usr/lib/x86_64-linux-gnu/libfontconfig.so.1.8.0
7fbd3f971000-7fbd3fb70000 ---p 0003c000 08:02 8389850                    /usr/lib/x86_64-linux-gnu/libfontconfig.so.1.8.0
7fbd3fb70000-7fbd3fb72000 r--p 0003b000 08:02 8389850                    /usr/lib/x86_64-linux-gnu/libfontconfig.so.1.8.0
7fbd3fb72000-7fbd3fb73000 rw-p 0003d000 08:02 8389850                    /usr/lib/x86_64-linux-gnu/libfontconfig.so.1.8.0
7fbd3fb73000-7fbd3fbe8000 r-xp 00000000 08:02 8392309                    /usr/lib/x86_64-linux-gnu/libcups.so.2
7fbd3fbe8000-7fbd3fde7000 ---p 00075000 08:02 8392309                    /usr/lib/x86_64-linux-gnu/libcups.so.2
7fbd3fde7000-7fbd3fdef000 r--p 00274000 08:02 8392309                    /usr/lib/x86_64-linux-gnu/libcups.so.2
7fbd3fdef000-7fbd3fdf0000 rw-p 0027c000 08:02 8392309                    /usr/lib/x86_64-linux-gnu/libcups.so.2
7fbd3fdf0000-7fbd3fdff000 r-xp 00000000 08:02 8388700                    /usr/lib/x86_64-linux-gnu/libXi.so.6.1.0
7fbd3fdff000-7fbd3fffe000 ---p 0000f000 08:02 8388700                    /usr/lib/x86_64-linux-gnu/libXi.so.6.1.0
7fbd3fffe000-7fbd3ffff000 r--p 0000e000 08:02 8388700                    /usr/lib/x86_64-linux-gnu/libXi.so.6.1.0
7fbd3ffff000-7fbd40000000 rw-p 0000f000 08:02 8388700                    /usr/lib/x86_64-linux-gnu/libXi.so.6.1.0
7fbd40000000-7fbd40270000 rw-p 00000000 00:00 0 
7fbd40270000-7fbd44000000 ---p 00000000 00:00 0 
7fbd44000000-7fbd44021000 rw-p 00000000 00:00 0 
7fbd44021000-7fbd48000000 ---p 00000000 00:00 0 
7fbd48000000-7fbd48021000 rw-p 00000000 00:00 0 
7fbd48021000-7fbd4c000000 ---p 00000000 00:00 0 
7fbd4c000000-7fbd4c1a5000 rw-p 00000000 00:00 0 
7fbd4c1a5000-7fbd50000000 ---p 00000000 00:00 0 
7fbd50000000-7fbd50255000 rw-p 00000000 00:00 0 
7fbd50255000-7fbd54000000 ---p 00000000 00:00 0 
7fbd54000000-7fbd54021000 rw-p 00000000 00:00 0 
7fbd54021000-7fbd58000000 ---p 00000000 00:00 0 
7fbd58000000-7fbd58021000 rw-p 00000000 00:00 0 
7fbd58021000-7fbd5c000000 ---p 00000000 00:00 0 
7fbd5c000000-7fbd5c021000 rw-p 00000000 00:00 0 
7fbd5c021000-7fbd60000000 ---p 00000000 00:00 0 
7fbd60000000-7fbd60021000 rw-p 00000000 00:00 0 
7fbd60021000-7fbd64000000 ---p 00000000 00:00 0 
7fbd64000000-7fbd64021000 rw-p 00000000 00:00 0 
7fbd64021000-7fbd68000000 ---p 00000000 00:00 0 
7fbd68000000-7fbd68021000 rw-p 00000000 00:00 0 
7fbd68021000-7fbd6c000000 ---p 00000000 00:00 0 
7fbd6c000000-7fbd6c021000 rw-p 00000000 00:00 0 
7fbd6c021000-7fbd70000000 ---p 00000000 00:00 0 
7fbd70000000-7fbd70021000 rw-p 00000000 00:00 0 
7fbd70021000-7fbd74000000 ---p 00000000 00:00 0 
7fbd74008000-7fbd740e1000 rw-p 00000000 00:00 0 
7fbd740e1000-7fbd740e6000 r-xp 00000000 08:02 8396765                    /usr/lib/x86_64-linux-gnu/libXtst.so.6.1.0
7fbd740e6000-7fbd742e5000 ---p 00005000 08:02 8396765                    /usr/lib/x86_64-linux-gnu/libXtst.so.6.1.0
7fbd742e5000-7fbd742e6000 r--p 00004000 08:02 8396765                    /usr/lib/x86_64-linux-gnu/libXtst.so.6.1.0
7fbd742e6000-7fbd742e7000 rw-p 00005000 08:02 8396765                    /usr/lib/x86_64-linux-gnu/libXtst.so.6.1.0
7fbd742e7000-7fbd742f0000 r-xp 00000000 08:02 8390870                    /usr/lib/x86_64-linux-gnu/libXrender.so.1.3.0
7fbd742f0000-7fbd744ef000 ---p 00009000 08:02 8390870                    /usr/lib/x86_64-linux-gnu/libXrender.so.1.3.0
7fbd744ef000-7fbd744f0000 r--p 00008000 08:02 8390870                    /usr/lib/x86_64-linux-gnu/libXrender.so.1.3.0
7fbd744f0000-7fbd744f1000 rw-p 00009000 08:02 8390870                    /usr/lib/x86_64-linux-gnu/libXrender.so.1.3.0
7fbd744f1000-7fbd74502000 r-xp 00000000 08:02 8389397                    /usr/lib/x86_64-linux-gnu/libXext.so.6.4.0
7fbd74502000-7fbd74701000 ---p 00011000 08:02 8389397                    /usr/lib/x86_64-linux-gnu/libXext.so.6.4.0
7fbd74701000-7fbd74702000 r--p 00010000 08:02 8389397                    /usr/lib/x86_64-linux-gnu/libXext.so.6.4.0
7fbd74702000-7fbd74703000 rw-p 00011000 08:02 8389397                    /usr/lib/x86_64-linux-gnu/libXext.so.6.4.0
7fbd74703000-7fbd7474c000 r-xp 00000000 08:02 132840                     /usr/lib/jvm/java-7-openjdk-amd64/jre/lib/amd64/xawt/libmawt.so
7fbd7474c000-7fbd7494b000 ---p 00049000 08:02 132840                     /usr/lib/jvm/java-7-openjdk-amd64/jre/lib/amd64/xawt/libmawt.so
7fbd7494b000-7fbd7494c000 r--p 00048000 08:02 132840                     /usr/lib/jvm/java-7-openjdk-amd64/jre/lib/amd64/xawt/libmawt.so
7fbd7494c000-7fbd7494f000 rw-p 00049000 08:02 132840                     /usr/lib/jvm/java-7-openjdk-amd64/jre/lib/amd64/xawt/libmawt.so
7fbd7494f000-7fbd74950000 rw-p 00000000 00:00 0 
7fbd74950000-7fbd749f1000 r-xp 00000000 08:02 133266                     /usr/lib/jvm/java-7-openjdk-amd64/jre/lib/amd64/libawt.so
7fbd749f1000-7fbd74bf0000 ---p 000a1000 08:02 133266                     /usr/lib/jvm/java-7-openjdk-amd64/jre/lib/amd64/libawt.so
7fbd74bf0000-7fbd74bf1000 r--p 000a0000 08:02 133266                     /usr/lib/jvm/java-7-openjdk-amd64/jre/lib/amd64/libawt.so
7fbd74bf1000-7fbd74bfc000 rw-p 000a1000 08:02 133266                     /usr/lib/jvm/java-7-openjdk-amd64/jre/lib/amd64/libawt.so
7fbd74bfc000-7fbd74c21000 rw-p 00000000 00:00 0 
7fbd74c21000-7fbd74c22000 ---p 00000000 00:00 0 
7fbd74c22000-7fbd74d22000 rw-p 00000000 00:00 0                          [stack:19999]
7fbd74d22000-7fbd74d25000 ---p 00000000 00:00 0 
7fbd74d25000-7fbd74e23000 rw-p 00000000 00:00 0                          [stack:19998]
7fbd74e23000-7fbd74e26000 ---p 00000000 00:00 0 
7fbd74e26000-7fbd74f24000 rw-p 00000000 00:00 0                          [stack:19997]
7fbd74f24000-7fbd74f27000 ---p 00000000 00:00 0 
7fbd74f27000-7fbd75025000 rw-p 00000000 00:00 0                          [stack:19996]
7fbd75025000-7fbd75028000 ---p 00000000 00:00 0 
7fbd75028000-7fbd75126000 rw-p 00000000 00:00 0                          [stack:19993]
7fbd75126000-7fbd75129000 ---p 00000000 00:00 0 
7fbd75129000-7fbd75227000 rw-p 00000000 00:00 0                          [stack:19990]
7fbd75227000-7fbd7522a000 ---p 00000000 00:00 0 
7fbd7522a000-7fbd75328000 rw-p 00000000 00:00 0                          [stack:19989]
7fbd75328000-7fbd7532c000 r-xp 00000000 08:02 133553                     /usr/lib/jvm/java-7-openjdk-amd64/jre/lib/amd64/libdt_socket.so
7fbd7532c000-7fbd7552b000 ---p 00004000 08:02 133553                     /usr/lib/jvm/java-7-openjdk-amd64/jre/lib/amd64/libdt_socket.so
7fbd7552b000-7fbd7552c000 r--p 00003000 08:02 133553                     /usr/lib/jvm/java-7-openjdk-amd64/jre/lib/amd64/libdt_socket.so
7fbd7552c000-7fbd7552d000 rw-p 00004000 08:02 133553                     /usr/lib/jvm/java-7-openjdk-amd64/jre/lib/amd64/libdt_socket.so
7fbd7552d000-7fbd75532000 r-xp 00000000 08:02 8389060                    /usr/lib/x86_64-linux-gnu/libXdmcp.so.6.0.0
7fbd75532000-7fbd75731000 ---p 00005000 08:02 8389060                    /usr/lib/x86_64-linux-gnu/libXdmcp.so.6.0.0
7fbd75731000-7fbd75732000 r--p 00004000 08:02 8389060                    /usr/lib/x86_64-linux-gnu/libXdmcp.so.6.0.0
7fbd75732000-7fbd75733000 rw-p 00005000 08:02 8389060                    /usr/lib/x86_64-linux-gnu/libXdmcp.so.6.0.0
7fbd75733000-7fbd75735000 r-xp 00000000 08:02 8396724                    /usr/lib/x86_64-linux-gnu/libXau.so.6.0.0
7fbd75735000-7fbd75935000 ---p 00002000 08:02 8396724                    /usr/lib/x86_64-linux-gnu/libXau.so.6.0.0
7fbd75935000-7fbd75936000 r--p 00002000 08:02 8396724                    /usr/lib/x86_64-linux-gnu/libXau.so.6.0.0
7fbd75936000-7fbd75937000 rw-p 00003000 08:02 8396724                    /usr/lib/x86_64-linux-gnu/libXau.so.6.0.0
7fbd75937000-7fbd75a6a000 r-xp 00000000 08:02 8393265                    /usr/lib/x86_64-linux-gnu/libX11.so.6.3.0
7fbd75a6a000-7fbd75c6a000 ---p 00133000 08:02 8393265                    /usr/lib/x86_64-linux-gnu/libX11.so.6.3.0
7fbd75c6a000-7fbd75c6b000 r--p 00133000 08:02 8393265                    /usr/lib/x86_64-linux-gnu/libX11.so.6.3.0
7fbd75c6b000-7fbd75c6f000 rw-p 00134000 08:02 8393265                    /usr/lib/x86_64-linux-gnu/libX11.so.6.3.0
7fbd75c6f000-7fbd78000000 rw-p 00000000 00:00 0 
7fbd78000000-7fbd78021000 rw-p 00000000 00:00 0 
7fbd78021000-7fbd7c000000 ---p 00000000 00:00 0 
7fbd7c032000-7fbd7c0d3000 rw-p 00000000 00:00 0 
7fbd7c0d3000-7fbd7c0f0000 r-xp 00000000 08:02 8397794                    /usr/lib/x86_64-linux-gnu/libxcb.so.1.1.0
7fbd7c0f0000-7fbd7c2f0000 ---p 0001d000 08:02 8397794                    /usr/lib/x86_64-linux-gnu/libxcb.so.1.1.0
7fbd7c2f0000-7fbd7c2f1000 r--p 0001d000 08:02 8397794                    /usr/lib/x86_64-linux-gnu/libxcb.so.1.1.0
7fbd7c2f1000-7fbd7c2f2000 rw-p 0001e000 08:02 8397794                    /usr/lib/x86_64-linux-gnu/libxcb.so.1.1.0
7fbd7c2f2000-7fbd7c2f4000 r-xp 00000000 08:02 8392522                    /usr/lib/jayatana/libjayatanaag.so
7fbd7c2f4000-7fbd7c4f3000 ---p 00002000 08:02 8392522                    /usr/lib/jayatana/libjayatanaag.so
7fbd7c4f3000-7fbd7c4f4000 r--p 00001000 08:02 8392522                    /usr/lib/jayatana/libjayatanaag.so
7fbd7c4f4000-7fbd7c4f5000 rw-p 00002000 08:02 8392522                    /usr/lib/jayatana/libjayatanaag.so
7fbd7c4f5000-7fbd7c4f8000 ---p 00000000 00:00 0 
7fbd7c4f8000-7fbd7c5f6000 rw-p 00000000 00:00 0                          [stack:19987]
7fbd7c5f6000-7fbd7c5f9000 ---p 00000000 00:00 0 
7fbd7c5f9000-7fbd7c6f7000 rw-p 00000000 00:00 0                          [stack:19985]
7fbd7c6f7000-7fbd7c6fa000 ---p 00000000 00:00 0 
7fbd7c6fa000-7fbd7c7f8000 rw-p 00000000 00:00 0                          [stack:19984]
7fbd7c7f8000-7fbd7c7f9000 ---p 00000000 00:00 0 
7fbd7c7f9000-7fbd7d000000 rw-p 00000000 00:00 0                          [stack:19983]
7fbd7d000000-7fbd7d270000 rwxp 00000000 00:00 0 
7fbd7d270000-7fbd803fd000 rw-p 00000000 00:00 0 
7fbd803fd000-7fbd84000000 ---p 00000000 00:00 0 
7fbd8406b000-7fbd840be000 rw-p 00000000 00:00 0 
7fbd840be000-7fbd840c8000 r--s 000ae000 08:02 133731                     /usr/lib/jvm/java-7-openjdk-amd64/jre/lib/resources.jar
7fbd840c8000-7fbd840d2000 r--s 00203000 08:02 134926                     /usr/lib/jvm/java-7-openjdk-amd64/jre/lib/charsets.jar
7fbd840d2000-7fbd840db000 r--s 000ee000 08:02 8782040                    /usr/share/java/mysql-connector-java-5.1.32.jar
7fbd840db000-7fbd8492c000 rw-p 00000000 00:00 0 
7fbd8492c000-7fbd84add000 r--s 01d27000 08:02 133016                     /usr/lib/jvm/java-7-openjdk-amd64/jre/lib/rt.jar
7fbd84add000-7fbd84de7000 rw-p 00000000 00:00 0 
7fbd84de7000-7fbd84de8000 ---p 00000000 00:00 0 
7fbd84de8000-7fbd84ee8000 rw-p 00000000 00:00 0                          [stack:19982]
7fbd84ee8000-7fbd84ee9000 ---p 00000000 00:00 0 
7fbd84ee9000-7fbd84fe9000 rw-p 00000000 00:00 0                          [stack:19981]
7fbd84fe9000-7fbd84fea000 ---p 00000000 00:00 0 
7fbd84fea000-7fbd850ea000 rw-p 00000000 00:00 0                          [stack:19980]
7fbd850ea000-7fbd850eb000 ---p 00000000 00:00 0 
7fbd850eb000-7fbd851f6000 rw-p 00000000 00:00 0                          [stack:19979]
7fbd851f6000-7fbd8523e000 rw-p 00000000 00:00 0 
7fbd8523e000-7fbd85253000 rw-p 00000000 00:00 0 
7fbd85253000-7fbd85382000 rw-p 00000000 00:00 0 
7fbd85382000-7fbd8538d000 rw-p 00000000 00:00 0 
7fbd8538d000-7fbd853d5000 rw-p 00000000 00:00 0 
7fbd853d5000-7fbd853ea000 rw-p 00000000 00:00 0 
7fbd853ea000-7fbd85519000 rw-p 00000000 00:00 0 
7fbd85519000-7fbd85524000 rw-p 00000000 00:00 0 
7fbd85524000-7fbd855bb000 rw-p 00000000 00:00 0 
7fbd855bb000-7fbd855bc000 rw-p 00000000 00:00 0 
7fbd855bc000-7fbd855c4000 r-xp 00000000 08:02 133332                     /usr/lib/jvm/java-7-openjdk-amd64/jre/lib/amd64/libzip.so
7fbd855c4000-7fbd857c3000 ---p 00008000 08:02 133332                     /usr/lib/jvm/java-7-openjdk-amd64/jre/lib/amd64/libzip.so
7fbd857c3000-7fbd857c4000 r--p 00007000 08:02 133332                     /usr/lib/jvm/java-7-openjdk-amd64/jre/lib/amd64/libzip.so
7fbd857c4000-7fbd857c5000 rw-p 00008000 08:02 133332                     /usr/lib/jvm/java-7-openjdk-amd64/jre/lib/amd64/libzip.so
7fbd857c5000-7fbd857d1000 r-xp 00000000 08:02 2887616                    /lib/x86_64-linux-gnu/libnss_files-2.21.so
7fbd857d1000-7fbd859d0000 ---p 0000c000 08:02 2887616                    /lib/x86_64-linux-gnu/libnss_files-2.21.so
7fbd859d0000-7fbd859d1000 r--p 0000b000 08:02 2887616                    /lib/x86_64-linux-gnu/libnss_files-2.21.so
7fbd859d1000-7fbd859d2000 rw-p 0000c000 08:02 2887616                    /lib/x86_64-linux-gnu/libnss_files-2.21.so
7fbd859d2000-7fbd859dd000 r-xp 00000000 08:02 2883677                    /lib/x86_64-linux-gnu/libnss_nis-2.21.so
7fbd859dd000-7fbd85bdc000 ---p 0000b000 08:02 2883677                    /lib/x86_64-linux-gnu/libnss_nis-2.21.so
7fbd85bdc000-7fbd85bdd000 r--p 0000a000 08:02 2883677                    /lib/x86_64-linux-gnu/libnss_nis-2.21.so
7fbd85bdd000-7fbd85bde000 rw-p 0000b000 08:02 2883677                    /lib/x86_64-linux-gnu/libnss_nis-2.21.so
7fbd85bde000-7fbd85bf5000 r-xp 00000000 08:02 2887629                    /lib/x86_64-linux-gnu/libnsl-2.21.so
7fbd85bf5000-7fbd85df4000 ---p 00017000 08:02 2887629                    /lib/x86_64-linux-gnu/libnsl-2.21.so
7fbd85df4000-7fbd85df5000 r--p 00016000 08:02 2887629                    /lib/x86_64-linux-gnu/libnsl-2.21.so
7fbd85df5000-7fbd85df6000 rw-p 00017000 08:02 2887629                    /lib/x86_64-linux-gnu/libnsl-2.21.so
7fbd85df6000-7fbd85df8000 rw-p 00000000 00:00 0 
7fbd85df8000-7fbd85e00000 r-xp 00000000 08:02 2887620                    /lib/x86_64-linux-gnu/libnss_compat-2.21.so
7fbd85e00000-7fbd85fff000 ---p 00008000 08:02 2887620                    /lib/x86_64-linux-gnu/libnss_compat-2.21.so
7fbd85fff000-7fbd86000000 r--p 00007000 08:02 2887620                    /lib/x86_64-linux-gnu/libnss_compat-2.21.so
7fbd86000000-7fbd86001000 rw-p 00008000 08:02 2887620                    /lib/x86_64-linux-gnu/libnss_compat-2.21.so
7fbd86001000-7fbd862ca000 r--p 00000000 08:02 8392995                    /usr/lib/locale/locale-archive
7fbd862ca000-7fbd862cd000 r-xp 00000000 08:02 133268                     /usr/lib/jvm/java-7-openjdk-amd64/jre/lib/amd64/libnpt.so
7fbd862cd000-7fbd864cc000 ---p 00003000 08:02 133268                     /usr/lib/jvm/java-7-openjdk-amd64/jre/lib/amd64/libnpt.so
7fbd864cc000-7fbd864cd000 r--p 00002000 08:02 133268                     /usr/lib/jvm/java-7-openjdk-amd64/jre/lib/amd64/libnpt.so
7fbd864cd000-7fbd864ce000 rw-p 00003000 08:02 133268                     /usr/lib/jvm/java-7-openjdk-amd64/jre/lib/amd64/libnpt.so
7fbd864ce000-7fbd86509000 r-xp 00000000 08:02 133653                     /usr/lib/jvm/java-7-openjdk-amd64/jre/lib/amd64/libjdwp.so
7fbd86509000-7fbd86708000 ---p 0003b000 08:02 133653                     /usr/lib/jvm/java-7-openjdk-amd64/jre/lib/amd64/libjdwp.so
7fbd86708000-7fbd86709000 r--p 0003a000 08:02 133653                     /usr/lib/jvm/java-7-openjdk-amd64/jre/lib/amd64/libjdwp.so
7fbd86709000-7fbd8670a000 rw-p 0003b000 08:02 133653                     /usr/lib/jvm/java-7-openjdk-amd64/jre/lib/amd64/libjdwp.so
7fbd8670a000-7fbd8670b000 rw-p 00000000 00:00 0 
7fbd8670b000-7fbd86715000 r-xp 00000000 08:02 133240                     /usr/lib/jvm/java-7-openjdk-amd64/jre/lib/amd64/libinstrument.so
7fbd86715000-7fbd86914000 ---p 0000a000 08:02 133240                     /usr/lib/jvm/java-7-openjdk-amd64/jre/lib/amd64/libinstrument.so
7fbd86914000-7fbd86915000 r--p 00009000 08:02 133240                     /usr/lib/jvm/java-7-openjdk-amd64/jre/lib/amd64/libinstrument.so
7fbd86915000-7fbd86916000 rw-p 0000a000 08:02 133240                     /usr/lib/jvm/java-7-openjdk-amd64/jre/lib/amd64/libinstrument.so
7fbd86916000-7fbd86943000 r-xp 00000000 08:02 133554                     /usr/lib/jvm/java-7-openjdk-amd64/jre/lib/amd64/libjava.so
7fbd86943000-7fbd86b42000 ---p 0002d000 08:02 133554                     /usr/lib/jvm/java-7-openjdk-amd64/jre/lib/amd64/libjava.so
7fbd86b42000-7fbd86b43000 r--p 0002c000 08:02 133554                     /usr/lib/jvm/java-7-openjdk-amd64/jre/lib/amd64/libjava.so
7fbd86b43000-7fbd86b45000 rw-p 0002d000 08:02 133554                     /usr/lib/jvm/java-7-openjdk-amd64/jre/lib/amd64/libjava.so
7fbd86b45000-7fbd86b54000 r-xp 00000000 08:02 133547                     /usr/lib/jvm/java-7-openjdk-amd64/jre/lib/amd64/libverify.so
7fbd86b54000-7fbd86d53000 ---p 0000f000 08:02 133547                     /usr/lib/jvm/java-7-openjdk-amd64/jre/lib/amd64/libverify.so
7fbd86d53000-7fbd86d56000 r--p 0000e000 08:02 133547                     /usr/lib/jvm/java-7-openjdk-amd64/jre/lib/amd64/libverify.so
7fbd86d56000-7fbd86d57000 rw-p 00011000 08:02 133547                     /usr/lib/jvm/java-7-openjdk-amd64/jre/lib/amd64/libverify.so
7fbd86d57000-7fbd86d5e000 r-xp 00000000 08:02 2887631                    /lib/x86_64-linux-gnu/librt-2.21.so
7fbd86d5e000-7fbd86f5d000 ---p 00007000 08:02 2887631                    /lib/x86_64-linux-gnu/librt-2.21.so
7fbd86f5d000-7fbd86f5e000 r--p 00006000 08:02 2887631                    /lib/x86_64-linux-gnu/librt-2.21.so
7fbd86f5e000-7fbd86f5f000 rw-p 00007000 08:02 2887631                    /lib/x86_64-linux-gnu/librt-2.21.so
7fbd86f5f000-7fbd86f75000 r-xp 00000000 08:02 2883678                    /lib/x86_64-linux-gnu/libgcc_s.so.1
7fbd86f75000-7fbd87174000 ---p 00016000 08:02 2883678                    /lib/x86_64-linux-gnu/libgcc_s.so.1
7fbd87174000-7fbd87175000 rw-p 00015000 08:02 2883678                    /lib/x86_64-linux-gnu/libgcc_s.so.1
7fbd87175000-7fbd8727c000 r-xp 00000000 08:02 2887624                    /lib/x86_64-linux-gnu/libm-2.21.so
7fbd8727c000-7fbd8747b000 ---p 00107000 08:02 2887624                    /lib/x86_64-linux-gnu/libm-2.21.so
7fbd8747b000-7fbd8747c000 r--p 00106000 08:02 2887624                    /lib/x86_64-linux-gnu/libm-2.21.so
7fbd8747c000-7fbd8747d000 rw-p 00107000 08:02 2887624                    /lib/x86_64-linux-gnu/libm-2.21.so
7fbd8747d000-7fbd8756d000 r-xp 00000000 08:02 8389681                    /usr/lib/x86_64-linux-gnu/libstdc++.so.6.0.20
7fbd8756d000-7fbd8776d000 ---p 000f0000 08:02 8389681                    /usr/lib/x86_64-linux-gnu/libstdc++.so.6.0.20
7fbd8776d000-7fbd87775000 r--p 000f0000 08:02 8389681                    /usr/lib/x86_64-linux-gnu/libstdc++.so.6.0.20
7fbd87775000-7fbd87777000 rw-p 000f8000 08:02 8389681                    /usr/lib/x86_64-linux-gnu/libstdc++.so.6.0.20
7fbd87777000-7fbd8778c000 rw-p 00000000 00:00 0 
7fbd8778c000-7fbd882e3000 r-xp 00000000 08:02 133243                     /usr/lib/jvm/java-7-openjdk-amd64/jre/lib/amd64/server/libjvm.so
7fbd882e3000-7fbd884e2000 ---p 00b57000 08:02 133243                     /usr/lib/jvm/java-7-openjdk-amd64/jre/lib/amd64/server/libjvm.so
7fbd884e2000-7fbd88581000 r--p 00b56000 08:02 133243                     /usr/lib/jvm/java-7-openjdk-amd64/jre/lib/amd64/server/libjvm.so
7fbd88581000-7fbd885a4000 rw-p 00bf5000 08:02 133243                     /usr/lib/jvm/java-7-openjdk-amd64/jre/lib/amd64/server/libjvm.so
7fbd885a4000-7fbd885d1000 rw-p 00000000 00:00 0 
7fbd885d1000-7fbd885ea000 r-xp 00000000 08:02 2884449                    /lib/x86_64-linux-gnu/libz.so.1.2.8
7fbd885ea000-7fbd887ea000 ---p 00019000 08:02 2884449                    /lib/x86_64-linux-gnu/libz.so.1.2.8
7fbd887ea000-7fbd887eb000 r--p 00019000 08:02 2884449                    /lib/x86_64-linux-gnu/libz.so.1.2.8
7fbd887eb000-7fbd887ec000 rw-p 0001a000 08:02 2884449                    /lib/x86_64-linux-gnu/libz.so.1.2.8
7fbd887ec000-7fbd88804000 r-xp 00000000 08:02 2887606                    /lib/x86_64-linux-gnu/libpthread-2.21.so
7fbd88804000-7fbd88a04000 ---p 00018000 08:02 2887606                    /lib/x86_64-linux-gnu/libpthread-2.21.so
7fbd88a04000-7fbd88a05000 r--p 00018000 08:02 2887606                    /lib/x86_64-linux-gnu/libpthread-2.21.so
7fbd88a05000-7fbd88a06000 rw-p 00019000 08:02 2887606                    /lib/x86_64-linux-gnu/libpthread-2.21.so
7fbd88a06000-7fbd88a0a000 rw-p 00000000 00:00 0 
7fbd88a0a000-7fbd88a0d000 r-xp 00000000 08:02 2887583                    /lib/x86_64-linux-gnu/libdl-2.21.so
7fbd88a0d000-7fbd88c0c000 ---p 00003000 08:02 2887583                    /lib/x86_64-linux-gnu/libdl-2.21.so
7fbd88c0c000-7fbd88c0d000 r--p 00002000 08:02 2887583                    /lib/x86_64-linux-gnu/libdl-2.21.so
7fbd88c0d000-7fbd88c0e000 rw-p 00003000 08:02 2887583                    /lib/x86_64-linux-gnu/libdl-2.21.so
7fbd88c0e000-7fbd88dce000 r-xp 00000000 08:02 2887636                    /lib/x86_64-linux-gnu/libc-2.21.so
7fbd88dce000-7fbd88fce000 ---p 001c0000 08:02 2887636                    /lib/x86_64-linux-gnu/libc-2.21.so
7fbd88fce000-7fbd88fd2000 r--p 001c0000 08:02 2887636                    /lib/x86_64-linux-gnu/libc-2.21.so
7fbd88fd2000-7fbd88fd4000 rw-p 001c4000 08:02 2887636                    /lib/x86_64-linux-gnu/libc-2.21.so
7fbd88fd4000-7fbd88fd8000 rw-p 00000000 00:00 0 
7fbd88fd8000-7fbd88fe5000 r-xp 00000000 08:02 133551                     /usr/lib/jvm/java-7-openjdk-amd64/jre/lib/amd64/jli/libjli.so
7fbd88fe5000-7fbd891e4000 ---p 0000d000 08:02 133551                     /usr/lib/jvm/java-7-openjdk-amd64/jre/lib/amd64/jli/libjli.so
7fbd891e4000-7fbd891e5000 r--p 0000c000 08:02 133551                     /usr/lib/jvm/java-7-openjdk-amd64/jre/lib/amd64/jli/libjli.so
7fbd891e5000-7fbd891e6000 rw-p 0000d000 08:02 133551                     /usr/lib/jvm/java-7-openjdk-amd64/jre/lib/amd64/jli/libjli.so
7fbd891e6000-7fbd8920a000 r-xp 00000000 08:02 2887597                    /lib/x86_64-linux-gnu/ld-2.21.so
7fbd8920a000-7fbd8920c000 r--s 00006000 08:02 8789351                    /usr/share/java/jayatana.jar
7fbd8920c000-7fbd8920d000 r--s 00000000 08:02 8786851                    /usr/share/java/jayatanaag.jar
7fbd8920d000-7fbd8920f000 r--s 00006000 08:02 8783448                    /usr/share/java/java-atk-wrapper.jar
7fbd8920f000-7fbd89230000 rw-p 00000000 00:00 0 
7fbd89230000-7fbd892e6000 rw-p 00000000 00:00 0 
7fbd892e6000-7fbd892e9000 ---p 00000000 00:00 0 
7fbd892e9000-7fbd893ec000 rw-p 00000000 00:00 0                          [stack:19978]
7fbd893ec000-7fbd893ef000 r--s 0000f000 08:02 133732                     /usr/lib/jvm/java-7-openjdk-amd64/jre/lib/ext/icedtea-sound.jar
7fbd893ef000-7fbd893f0000 r--s 00002000 08:02 134148                     /usr/lib/jvm/java-7-openjdk-amd64/jre/lib/ext/dnsns.jar
7fbd893f0000-7fbd893f3000 r--s 00086000 08:02 134149                     /usr/lib/jvm/java-7-openjdk-amd64/jre/lib/ext/localedata.jar
7fbd893f3000-7fbd893f7000 r--s 00034000 08:02 133734                     /usr/lib/jvm/java-7-openjdk-amd64/jre/lib/ext/sunjce_provider.jar
7fbd893f7000-7fbd893f9000 r--s 00012000 08:02 133733                     /usr/lib/jvm/java-7-openjdk-amd64/jre/lib/ext/zipfs.jar
7fbd893f9000-7fbd893fd000 r--s 0003c000 08:02 133735                     /usr/lib/jvm/java-7-openjdk-amd64/jre/lib/ext/sunpkcs11.jar
7fbd893fd000-7fbd89405000 rw-s 00000000 08:02 4980784                    /tmp/hsperfdata_ashish/19971
7fbd89405000-7fbd89406000 rw-p 00000000 00:00 0 
7fbd89406000-7fbd89407000 r--p 00000000 00:00 0 
7fbd89407000-7fbd89409000 rw-p 00000000 00:00 0 
7fbd89409000-7fbd8940a000 r--p 00023000 08:02 2887597                    /lib/x86_64-linux-gnu/ld-2.21.so
7fbd8940a000-7fbd8940b000 rw-p 00024000 08:02 2887597                    /lib/x86_64-linux-gnu/ld-2.21.so
7fbd8940b000-7fbd8940c000 rw-p 00000000 00:00 0 
7ffe049c2000-7ffe049e3000 rw-p 00000000 00:00 0                          [stack]
7ffe049ef000-7ffe049f1000 r--p 00000000 00:00 0                          [vvar]
7ffe049f1000-7ffe049f3000 r-xp 00000000 00:00 0                          [vdso]
ffffffffff600000-ffffffffff601000 r-xp 00000000 00:00 0                  [vsyscall]

VM Arguments:
jvm_args: -javaagent:/usr/share/java/jayatanaag.jar -agentlib:jdwp=transport=dt_socket,suspend=y,address=localhost:60209 -Dfile.encoding=UTF-8 
java_command: Display
Launcher Type: SUN_STANDARD

Environment Variables:
JAVA_TOOL_OPTIONS=-javaagent:/usr/share/java/jayatanaag.jar 
PATH=/usr/local/sbin:/usr/local/bin:/usr/sbin:/usr/bin:/sbin:/bin:/usr/games:/usr/local/games
SHELL=/bin/bash
DISPLAY=:0

Signal Handlers:
SIGSEGV: [libjvm.so+0x98abe0], sa_mask[0]=0x7ffbfeff, sa_flags=0x10000004
SIGBUS: [libjvm.so+0x98abe0], sa_mask[0]=0x7ffbfeff, sa_flags=0x10000004
SIGFPE: [libjvm.so+0x7f8a60], sa_mask[0]=0x7ffbfeff, sa_flags=0x10000004
SIGPIPE: [libjvm.so+0x7f8a60], sa_mask[0]=0x7ffbfeff, sa_flags=0x10000004
SIGXFSZ: [libjvm.so+0x7f8a60], sa_mask[0]=0x7ffbfeff, sa_flags=0x10000004
SIGILL: [libjvm.so+0x7f8a60], sa_mask[0]=0x7ffbfeff, sa_flags=0x10000004
SIGUSR1: SIG_DFL, sa_mask[0]=0x00000000, sa_flags=0x00000000
SIGUSR2: [libjvm.so+0x7f88e0], sa_mask[0]=0x00000004, sa_flags=0x10000004
SIGHUP: [libjvm.so+0x7f8ae0], sa_mask[0]=0x7ffbfeff, sa_flags=0x10000004
SIGINT: [libjvm.so+0x7f8ae0], sa_mask[0]=0x7ffbfeff, sa_flags=0x10000004
SIGTERM: [libjvm.so+0x7f8ae0], sa_mask[0]=0x7ffbfeff, sa_flags=0x10000004
SIGQUIT: [libjvm.so+0x7f8ae0], sa_mask[0]=0x7ffbfeff, sa_flags=0x10000004
SIGTRAP: SIG_DFL, sa_mask[0]=0x00000000, sa_flags=0x00000000


---------------  S Y S T E M  ---------------

OS:Ubuntu 15.04 (vivid)
uname:Linux 3.19.0-16-generic #16-Ubuntu SMP Thu Apr 30 16:09:58 UTC 2015 x86_64
libc:glibc 2.21 NPTL 2.21 
rlimit: STACK 8192k, CORE 0k, NPROC 15212, NOFILE 65536, AS infinity
load average:0.33 0.28 0.31

/proc/meminfo:
MemTotal:        3977236 kB
MemFree:          206360 kB
MemAvailable:     784568 kB
Buffers:          101196 kB
Cached:          1116064 kB
SwapCached:          216 kB
Active:          2162764 kB
Inactive:        1413448 kB
Active(anon):    1742376 kB
Inactive(anon):  1115772 kB
Active(file):     420388 kB
Inactive(file):   297676 kB
Unevictable:         264 kB
Mlocked:             264 kB
SwapTotal:       9764860 kB
SwapFree:        9757904 kB
Dirty:               144 kB
Writeback:             0 kB
AnonPages:       2359148 kB
Mapped:           359268 kB
Shmem:            499196 kB
Slab:              98924 kB
SReclaimable:      58156 kB
SUnreclaim:        40768 kB
KernelStack:       10864 kB
PageTables:        42028 kB
NFS_Unstable:          0 kB
Bounce:                0 kB
WritebackTmp:          0 kB
CommitLimit:    11753476 kB
Committed_AS:    7863024 kB
VmallocTotal:   34359738367 kB
VmallocUsed:      547744 kB
VmallocChunk:   34359138380 kB
HardwareCorrupted:     0 kB
AnonHugePages:   1357824 kB
CmaTotal:              0 kB
CmaFree:               0 kB
HugePages_Total:       0
HugePages_Free:        0
HugePages_Rsvd:        0
HugePages_Surp:        0
Hugepagesize:       2048 kB
DirectMap4k:      180544 kB
DirectMap2M:     2895872 kB
DirectMap1G:     2097152 kB


CPU:total 4 (2 cores per cpu, 2 threads per core) family 6 model 69 stepping 1, cmov, cx8, fxsr, mmx, sse, sse2, sse3, ssse3, sse4.1, sse4.2, popcnt, avx, avx2, aes, erms, ht, tsc, tscinvbit

/proc/cpuinfo:
processor	: 0
vendor_id	: GenuineIntel
cpu family	: 6
model		: 69
model name	: Intel(R) Core(TM) i3-4010U CPU @ 1.70GHz
stepping	: 1
microcode	: 0x17
cpu MHz		: 1699.933
cache size	: 3072 KB
physical id	: 0
siblings	: 4
core id		: 0
cpu cores	: 2
apicid		: 0
initial apicid	: 0
fpu		: yes
fpu_exception	: yes
cpuid level	: 13
wp		: yes
flags		: fpu vme de pse tsc msr pae mce cx8 apic sep mtrr pge mca cmov pat pse36 clflush dts acpi mmx fxsr sse sse2 ss ht tm pbe syscall nx pdpe1gb rdtscp lm constant_tsc arch_perfmon pebs bts rep_good nopl xtopology nonstop_tsc aperfmperf eagerfpu pni pclmulqdq dtes64 monitor ds_cpl vmx est tm2 ssse3 fma cx16 xtpr pdcm pcid sse4_1 sse4_2 x2apic movbe popcnt tsc_deadline_timer aes xsave avx f16c rdrand lahf_lm abm ida arat epb pln pts dtherm tpr_shadow vnmi flexpriority ept vpid fsgsbase tsc_adjust bmi1 avx2 smep bmi2 erms invpcid xsaveopt
bugs		:
bogomips	: 3391.96
clflush size	: 64
cache_alignment	: 64
address sizes	: 39 bits physical, 48 bits virtual
power management:

processor	: 1
vendor_id	: GenuineIntel
cpu family	: 6
model		: 69
model name	: Intel(R) Core(TM) i3-4010U CPU @ 1.70GHz
stepping	: 1
microcode	: 0x17
cpu MHz		: 1699.933
cache size	: 3072 KB
physical id	: 0
siblings	: 4
core id		: 0
cpu cores	: 2
apicid		: 1
initial apicid	: 1
fpu		: yes
fpu_exception	: yes
cpuid level	: 13
wp		: yes
flags		: fpu vme de pse tsc msr pae mce cx8 apic sep mtrr pge mca cmov pat pse36 clflush dts acpi mmx fxsr sse sse2 ss ht tm pbe syscall nx pdpe1gb rdtscp lm constant_tsc arch_perfmon pebs bts rep_good nopl xtopology nonstop_tsc aperfmperf eagerfpu pni pclmulqdq dtes64 monitor ds_cpl vmx est tm2 ssse3 fma cx16 xtpr pdcm pcid sse4_1 sse4_2 x2apic movbe popcnt tsc_deadline_timer aes xsave avx f16c rdrand lahf_lm abm ida arat epb pln pts dtherm tpr_shadow vnmi flexpriority ept vpid fsgsbase tsc_adjust bmi1 avx2 smep bmi2 erms invpcid xsaveopt
bugs		:
bogomips	: 3391.96
clflush size	: 64
cache_alignment	: 64
address sizes	: 39 bits physical, 48 bits virtual
power management:

processor	: 2
vendor_id	: GenuineIntel
cpu family	: 6
model		: 69
model name	: Intel(R) Core(TM) i3-4010U CPU @ 1.70GHz
stepping	: 1
microcode	: 0x17
cpu MHz		: 1699.933
cache size	: 3072 KB
physical id	: 0
siblings	: 4
core id		: 1
cpu cores	: 2
apicid		: 2
initial apicid	: 2
fpu		: yes
fpu_exception	: yes
cpuid level	: 13
wp		: yes
flags		: fpu vme de pse tsc msr pae mce cx8 apic sep mtrr pge mca cmov pat pse36 clflush dts acpi mmx fxsr sse sse2 ss ht tm pbe syscall nx pdpe1gb rdtscp lm constant_tsc arch_perfmon pebs bts rep_good nopl xtopology nonstop_tsc aperfmperf eagerfpu pni pclmulqdq dtes64 monitor ds_cpl vmx est tm2 ssse3 fma cx16 xtpr pdcm pcid sse4_1 sse4_2 x2apic movbe popcnt tsc_deadline_timer aes xsave avx f16c rdrand lahf_lm abm ida arat epb pln pts dtherm tpr_shadow vnmi flexpriority ept vpid fsgsbase tsc_adjust bmi1 avx2 smep bmi2 erms invpcid xsaveopt
bugs		:
bogomips	: 3391.96
clflush size	: 64
cache_alignment	: 64
address sizes	: 39 bits physical, 48 bits virtual
power management:

processor	: 3
vendor_id	: GenuineIntel
cpu family	: 6
model		: 69
model name	: Intel(R) Core(TM) i3-4010U CPU @ 1.70GHz
stepping	: 1
microcode	: 0x17
cpu MHz		: 1700.000
cache size	: 3072 KB
physical id	: 0
siblings	: 4
core id		: 1
cpu cores	: 2
apicid		: 3
initial apicid	: 3
fpu		: yes
fpu_exception	: yes
cpuid level	: 13
wp		: yes
flags		: fpu vme de pse tsc msr pae mce cx8 apic sep mtrr pge mca cmov pat pse36 clflush dts acpi mmx fxsr sse sse2 ss ht tm pbe syscall nx pdpe1gb rdtscp lm constant_tsc arch_perfmon pebs bts rep_good nopl xtopology nonstop_tsc aperfmperf eagerfpu pni pclmulqdq dtes64 monitor ds_cpl vmx est tm2 ssse3 fma cx16 xtpr pdcm pcid sse4_1 sse4_2 x2apic movbe popcnt tsc_deadline_timer aes xsave avx f16c rdrand lahf_lm abm ida arat epb pln pts dtherm tpr_shadow vnmi flexpriority ept vpid fsgsbase tsc_adjust bmi1 avx2 smep bmi2 erms invpcid xsaveopt
bugs		:
bogomips	: 3391.96
clflush size	: 64
cache_alignment	: 64
address sizes	: 39 bits physical, 48 bits virtual
power management:



Memory: 4k page, physical 3977236k(206360k free), swap 9764860k(9757904k free)

vm_info: OpenJDK 64-Bit Server VM (24.79-b02) for linux-amd64 JRE (1.7.0_79-b14), built on Apr 15 2015 21:06:31 by "buildd" with gcc 4.9.2

time: Mon May 18 23:29:10 2015
elapsed time: 1086 seconds

