#
# A fatal error has been detected by the Java Runtime Environment:
#
#  SIGSEGV (0xb) at pc=0x00007f4c4fc28216, pid=20723, tid=139965415573248
#
# JRE version: OpenJDK Runtime Environment (7.0_79-b14) (build 1.7.0_79-b14)
# Java VM: OpenJDK 64-Bit Server VM (24.79-b02 mixed mode linux-amd64 compressed oops)
# Derivative: IcedTea 2.5.5
# Distribution: Ubuntu Vivid Vervet (development branch), package 7u79-2.5.5-0ubuntu1
# Problematic frame:
# V  [libjvm.so+0x97e216]  interpretedVFrame::monitors() const+0x1c6
#
# Failed to write core dump. Core dumps have been disabled. To enable core dumping, try "ulimit -c unlimited" before starting Java again
#
# If you would like to submit a bug report, please include
# instructions on how to reproduce the bug and visit:
#   http://icedtea.classpath.org/bugzilla
#

---------------  T H R E A D  ---------------

Current thread (0x00007f4c481e4000):  JavaThread "JDWP Transport Listener: dt_socket" daemon [_thread_in_vm, id=20741, stack(0x00007f4c3cd04000,0x00007f4c3ce05000)]

siginfo:si_signo=SIGSEGV: si_errno=0, si_code=2 (SEGV_ACCERR), si_addr=0x00007f4c50e06ff0

Registers:
RAX=0x00000000ec1619c8, RBX=0x00007f4c080022c0, RCX=0x000000000000fca1, RDX=0x000000000000fca0
RSP=0x00007f4c3ce031a0, RBP=0x00007f4c3ce03250, RSI=0x0000000000000000, RDI=0x0000000000000020
R8 =0x00007f4c1824bb00, R9 =0x0000000000000000, R10=0x0000000000000022, R11=0x0000000000000206
R12=0x00007f4c080028c0, R13=0x00007f4c50e06fe8, R14=0x00007f4c3ce031e0, R15=0x0000000000000000
RIP=0x00007f4c4fc28216, EFLAGS=0x0000000000010246, CSGSFS=0x0000000000000033, ERR=0x0000000000000004
  TRAPNO=0x000000000000000e

Top of Stack: (sp=0x00007f4c3ce031a0)
0x00007f4c3ce031a0:   0000000000000000 00007f4c1818a7c0
0x00007f4c3ce031b0:   00007f4c50f03960 00007f4c450060d8
0x00007f4c3ce031c0:   00007f4c45005310 00007f4c00000000
0x00007f4c3ce031d0:   00007f4c50f03a48 00007f4c50f03a08
0x00007f4c3ce031e0:   00007f4c50f03960 00007f4c450060d8
0x00007f4c3ce031f0:   00007f4c45005310 00007f4c00000000
0x00007f4c3ce03200:   00007f4c50f03a48 00007f4c50f03a08
0x00007f4c3ce03210:   00007f4c481e39d0 0ac816b113b24700
0x00007f4c3ce03220:   0000000000000000 00007f4c481e39d0
0x00007f4c3ce03230:   0000000000000000 00007f4c4800d000
0x00007f4c3ce03240:   00007f4c18006b90 00007f4c4800d000
0x00007f4c3ce03250:   00007f4c3ce03330 00007f4c4f95d7e8
0x00007f4c3ce03260:   00007f4c481e4640 000000000000001f
0x00007f4c3ce03270:   00007f4c3ce032e0 00007f4c4fbddea9
0x00007f4c3ce03280:   00000000000083b0 0000000113b24700
0x00007f4c3ce03290:   00007f4c481e4000 00007f4c08009c98
0x00007f4c3ce032a0:   00007f4c080028c0 00007f4c08001cb0
0x00007f4c3ce032b0:   00007f4c48004a10 00007f4c481e39d0
0x00007f4c3ce032c0:   00007f4c3ce03330 00007f4c4fbddea9
0x00007f4c3ce032d0:   00007f4c50f03910 0ac816b113b24700
0x00007f4c3ce032e0:   00007f4c45005310 0000000000000001
0x00007f4c3ce032f0:   00007f4c500a2f38 0ac816b113b24700
0x00007f4c3ce03300:   00007f4c18006b90 0000000000000001
0x00007f4c3ce03310:   00007f4c500a2f38 00007f4c4800d000
0x00007f4c3ce03320:   00007f4c18006b90 00007f4c080022c0
0x00007f4c3ce03330:   00007f4c3ce039c0 00007f4c4f95dc55
0x00007f4c3ce03340:   00007f4c3ce033e0 00000000000003d8
0x00007f4c3ce03350:   00007f4c481e39d0 00007f4c481e4a18
0x00007f4c3ce03360:   00007f4c481e4640 00007f4c18006b90
0x00007f4c3ce03370:   00007f4c3ce03390 00007f4c481e4630
0x00007f4c3ce03380:   00007f4c481e4000 00007f4c48004a10
0x00007f4c3ce03390:   00007f4c481e4000 00007f4c481e4a20 

Instructions: (pc=0x00007f4c4fc28216)
0x00007f4c4fc281f6:   89 45 b0 48 8b 43 30 48 89 45 b8 e8 ea 3b ba ff
0x00007f4c4fc28206:   49 39 c5 0f 82 11 01 00 00 31 f6 bf 20 00 00 00
0x00007f4c4fc28216:   4d 8b 7d 08 e8 21 7e f0 ff 48 85 c0 49 89 c0 74
0x00007f4c4fc28226:   17 4c 89 38 48 c7 40 10 00 00 00 00 4c 89 68 08 

Register to memory mapping:

RAX=0x00000000ec1619c8 is an oop
java.lang.NullPointerException 
 - klass: 'java/lang/NullPointerException'
RBX=0x00007f4c080022c0 is an unknown value
RCX=0x000000000000fca1 is an unknown value
RDX=0x000000000000fca0 is an unknown value
RSP=0x00007f4c3ce031a0 is pointing into the stack for thread: 0x00007f4c481e4000
RBP=0x00007f4c3ce03250 is pointing into the stack for thread: 0x00007f4c481e4000
RSI=0x0000000000000000 is an unknown value
RDI=0x0000000000000020 is an unknown value
R8 =0x00007f4c1824bb00 is an unknown value
R9 =0x0000000000000000 is an unknown value
R10=0x0000000000000022 is an unknown value
R11=0x0000000000000206 is an unknown value
R12=0x00007f4c080028c0 is an unknown value
R13=0x00007f4c50e06fe8 is pointing into the stack for thread: 0x00007f4c4800d000
R14=0x00007f4c3ce031e0 is pointing into the stack for thread: 0x00007f4c481e4000
R15=0x0000000000000000 is an unknown value


Stack: [0x00007f4c3cd04000,0x00007f4c3ce05000],  sp=0x00007f4c3ce031a0,  free space=1020k
Native frames: (J=compiled Java code, j=interpreted, Vv=VM code, C=native code)
V  [libjvm.so+0x97e216]  interpretedVFrame::monitors() const+0x1c6
V  [libjvm.so+0x6b37e8]  JvmtiEnvBase::get_locked_objects_in_frame(JavaThread*, JavaThread*, javaVFrame*, GrowableArray<_jvmtiMonitorStackDepthInfo*>*, int)+0x88
V  [libjvm.so+0x6b3c55]  JvmtiEnvBase::get_owned_monitors(JavaThread*, JavaThread*, GrowableArray<_jvmtiMonitorStackDepthInfo*>*)+0x115
V  [libjvm.so+0x6a8dce]  JvmtiEnv::GetOwnedMonitorInfo(JavaThread*, int*, _jobject***)+0xfe
V  [libjvm.so+0x6625c7]  jvmti_GetOwnedMonitorInfo+0x187
C  [libjdwp.so+0xa3e6]
C  [libjdwp.so+0x11b08]
C  [libjdwp.so+0x23f65]
V  [libjvm.so+0x6ca221]  JvmtiAgentThread::start_function_wrapper(JavaThread*, Thread*)+0xa1
V  [libjvm.so+0x937cc8]  JavaThread::thread_main_inner()+0x118
V  [libjvm.so+0x937f51]  JavaThread::run()+0x231
V  [libjvm.so+0x7fa442]  java_start(Thread*)+0xf2


---------------  P R O C E S S  ---------------

Java Threads: ( => current thread )
  0x00007f4c48306000 JavaThread "AWT-XAWT" daemon [_thread_in_native, id=20754, stack(0x00007f4c040cd000,0x00007f4c041ce000)]
  0x00007f4c482e2000 JavaThread "Java2D Disposer" daemon [_thread_blocked, id=20753, stack(0x00007f4c3c0df000,0x00007f4c3c1e0000)]
  0x00007f4c481ef000 JavaThread "Service Thread" daemon [_thread_blocked, id=20750, stack(0x00007f4c3c7ff000,0x00007f4c3c900000)]
  0x00007f4c481ec800 JavaThread "C2 CompilerThread1" daemon [_thread_blocked, id=20749, stack(0x00007f4c3c900000,0x00007f4c3ca01000)]
  0x00007f4c481ea000 JavaThread "C2 CompilerThread0" daemon [_thread_blocked, id=20748, stack(0x00007f4c3ca01000,0x00007f4c3cb02000)]
  0x00007f4c18001000 JavaThread "JDWP Command Reader" daemon [_thread_in_native, id=20745, stack(0x00007f4c3cb02000,0x00007f4c3cc03000)]
  0x00007f4c481e7800 JavaThread "JDWP Event Helper Thread" daemon [_thread_blocked, id=20743, stack(0x00007f4c3cc03000,0x00007f4c3cd04000)]
=>0x00007f4c481e4000 JavaThread "JDWP Transport Listener: dt_socket" daemon [_thread_in_vm, id=20741, stack(0x00007f4c3cd04000,0x00007f4c3ce05000)]
  0x00007f4c48170000 JavaThread "Signal Dispatcher" daemon [_thread_blocked, id=20739, stack(0x00007f4c3db6f000,0x00007f4c3dc70000)]
  0x00007f4c48146800 JavaThread "Finalizer" daemon [_thread_blocked, id=20737, stack(0x00007f4c440f1000,0x00007f4c441f2000)]
  0x00007f4c48144000 JavaThread "Reference Handler" daemon [_thread_blocked, id=20736, stack(0x00007f4c441f2000,0x00007f4c442f3000)]
  0x00007f4c4800d000 JavaThread "main" [_thread_blocked, id=20729, stack(0x00007f4c50e04000,0x00007f4c50f05000)]

Other Threads:
  0x00007f4c48140000 VMThread [stack: 0x00007f4c442f3000,0x00007f4c443f4000] [id=20735]
  0x00007f4c481f9800 WatcherThread [stack: 0x00007f4c3c6fe000,0x00007f4c3c7ff000] [id=20751]

VM state:not at safepoint (normal execution)

VM Mutex/Monitor currently owned by a thread: None

Heap
 PSYoungGen      total 18432K, used 5652K [0x00000000ebc00000, 0x00000000ed080000, 0x0000000100000000)
  eden space 15872K, 35% used [0x00000000ebc00000,0x00000000ec1850a8,0x00000000ecb80000)
  from space 2560K, 0% used [0x00000000ece00000,0x00000000ece00000,0x00000000ed080000)
  to   space 2560K, 0% used [0x00000000ecb80000,0x00000000ecb80000,0x00000000ece00000)
 ParOldGen       total 41472K, used 0K [0x00000000c3400000, 0x00000000c5c80000, 0x00000000ebc00000)
  object space 41472K, 0% used [0x00000000c3400000,0x00000000c3400000,0x00000000c5c80000)
 PSPermGen       total 21504K, used 7316K [0x00000000b8e00000, 0x00000000ba300000, 0x00000000c3400000)
  object space 21504K, 34% used [0x00000000b8e00000,0x00000000b9525248,0x00000000ba300000)

Card table byte_map: [0x00007f4c4cea0000,0x00007f4c4d0da000] byte_map_base: 0x00007f4c4c8d9000

Polling page: 0x00007f4c50f24000

Code Cache  [0x00007f4c45000000, 0x00007f4c45270000, 0x00007f4c48000000)
 total_blobs=355 nmethods=3 adapters=314 free_code_cache=48672Kb largest_free_block=49834112

Compilation events (6 events):
Event: 0.268 Thread 0x00007f4c481ea000    1             java.lang.String::indexOf (70 bytes)
Event: 0.269 Thread 0x00007f4c481ec800    2             java.lang.String::hashCode (55 bytes)
Event: 0.277 Thread 0x00007f4c481ec800 nmethod 2 0x00007f4c45066a50 code [0x00007f4c45066ba0, 0x00007f4c45066d38]
Event: 0.278 Thread 0x00007f4c481ea000 nmethod 1 0x00007f4c45063150 code [0x00007f4c450632a0, 0x00007f4c45063468]
Event: 0.385 Thread 0x00007f4c481ec800    3             sun.nio.cs.UTF_8$Encoder::encode (361 bytes)
Event: 0.399 Thread 0x00007f4c481ec800 nmethod 3 0x00007f4c45078b10 code [0x00007f4c45078ca0, 0x00007f4c45079368]

GC Heap History (0 events):
No events

Deoptimization events (0 events):
No events

Internal exceptions (10 events):
Event: 0.400 Thread 0x00007f4c48306000 Threw 0x00000000ec007748 at /build/buildd/openjdk-7-7u79-2.5.5/build/openjdk/hotspot/src/share/vm/prims/jvm.cpp:1284
Event: 0.405 Thread 0x00007f4c48306000 Threw 0x00000000ec025e70 at /build/buildd/openjdk-7-7u79-2.5.5/build/openjdk/hotspot/src/share/vm/prims/jvm.cpp:1284
Event: 0.407 Thread 0x00007f4c48306000 Threw 0x00000000ec02b680 at /build/buildd/openjdk-7-7u79-2.5.5/build/openjdk/hotspot/src/share/vm/prims/jvm.cpp:1284
Event: 0.409 Thread 0x00007f4c48306000 Threw 0x00000000ec0370c0 at /build/buildd/openjdk-7-7u79-2.5.5/build/openjdk/hotspot/src/share/vm/prims/jvm.cpp:1284
Event: 0.410 Thread 0x00007f4c48306000 Threw 0x00000000ec098e88 at /build/buildd/openjdk-7-7u79-2.5.5/build/openjdk/hotspot/src/share/vm/prims/jvm.cpp:1284
Event: 0.428 Thread 0x00007f4c4800d000 Threw 0x00000000ec117590 at /build/buildd/openjdk-7-7u79-2.5.5/build/openjdk/hotspot/src/share/vm/prims/jvm.cpp:1284
Event: 0.428 Thread 0x00007f4c4800d000 Threw 0x00000000ec118bb0 at /build/buildd/openjdk-7-7u79-2.5.5/build/openjdk/hotspot/src/share/vm/prims/jvm.cpp:1284
Event: 0.430 Thread 0x00007f4c4800d000 Threw 0x00000000ec1216d8 at /build/buildd/openjdk-7-7u79-2.5.5/build/openjdk/hotspot/src/share/vm/prims/jvm.cpp:1284
Event: 0.430 Thread 0x00007f4c4800d000 Threw 0x00000000ec122cf8 at /build/buildd/openjdk-7-7u79-2.5.5/build/openjdk/hotspot/src/share/vm/prims/jvm.cpp:1284
Event: 0.442 Thread 0x00007f4c4800d000 Threw 0x00000000ec1619c8 at /build/buildd/openjdk-7-7u79-2.5.5/build/openjdk/hotspot/src/share/vm/interpreter/linkResolver.cpp:895

Events (10 events):
Event: 230.162 Executing VM operation: ChangeSingleStep
Event: 230.162 Executing VM operation: ChangeSingleStep done
Event: 230.163 Executing VM operation: EnterInterpOnlyMode
Event: 230.163 Executing VM operation: EnterInterpOnlyMode done
Event: 230.163 Executing VM operation: GetCurrentLocation
Event: 230.163 Executing VM operation: GetCurrentLocation done
Event: 230.163 Executing VM operation: ChangeSingleStep
Event: 230.163 Executing VM operation: ChangeSingleStep done
Event: 230.164 Executing VM operation: ChangeSingleStep
Event: 230.164 Executing VM operation: ChangeSingleStep done


Dynamic libraries:
00400000-00401000 r-xp 00000000 08:02 134932                             /usr/lib/jvm/java-7-openjdk-amd64/jre/bin/java
00600000-00601000 r--p 00000000 08:02 134932                             /usr/lib/jvm/java-7-openjdk-amd64/jre/bin/java
00601000-00602000 rw-p 00001000 08:02 134932                             /usr/lib/jvm/java-7-openjdk-amd64/jre/bin/java
00634000-00655000 rw-p 00000000 00:00 0                                  [heap]
b8e00000-ba300000 rw-p 00000000 00:00 0 
ba300000-c3400000 rw-p 00000000 00:00 0 
c3400000-c5c80000 rw-p 00000000 00:00 0 
c5c80000-ebc00000 rw-p 00000000 00:00 0 
ebc00000-ed080000 rw-p 00000000 00:00 0 
ed080000-100000000 rw-p 00000000 00:00 0 
7f4bf0000000-7f4bf0026000 rw-p 00000000 00:00 0 
7f4bf0026000-7f4bf4000000 ---p 00000000 00:00 0 
7f4bf8000000-7f4bf8021000 rw-p 00000000 00:00 0 
7f4bf8021000-7f4bfc000000 ---p 00000000 00:00 0 
7f4bfe90b000-7f4bfea6b000 rw-p 00000000 00:00 0 
7f4bfea6b000-7f4bfea85000 r-xp 00000000 08:02 8388712                    /usr/lib/x86_64-linux-gnu/libdbusmenu-glib.so.4.0.12
7f4bfea85000-7f4bfec85000 ---p 0001a000 08:02 8388712                    /usr/lib/x86_64-linux-gnu/libdbusmenu-glib.so.4.0.12
7f4bfec85000-7f4bfec87000 r--p 0001a000 08:02 8388712                    /usr/lib/x86_64-linux-gnu/libdbusmenu-glib.so.4.0.12
7f4bfec87000-7f4bfec88000 rw-p 0001c000 08:02 8388712                    /usr/lib/x86_64-linux-gnu/libdbusmenu-glib.so.4.0.12
7f4bfec88000-7f4bfec8e000 r-xp 00000000 08:02 8392516                    /usr/lib/jayatana/libjayatana.so
7f4bfec8e000-7f4bfee8d000 ---p 00006000 08:02 8392516                    /usr/lib/jayatana/libjayatana.so
7f4bfee8d000-7f4bfee8e000 r--p 00005000 08:02 8392516                    /usr/lib/jayatana/libjayatana.so
7f4bfee8e000-7f4bfee8f000 rw-p 00006000 08:02 8392516                    /usr/lib/jayatana/libjayatana.so
7f4bfee8f000-7f4bfee90000 r-xp 00000000 08:02 133245                     /usr/lib/jvm/java-7-openjdk-amd64/jre/lib/amd64/libjawt.so
7f4bfee90000-7f4bff08f000 ---p 00001000 08:02 133245                     /usr/lib/jvm/java-7-openjdk-amd64/jre/lib/amd64/libjawt.so
7f4bff08f000-7f4bff090000 r--p 00000000 08:02 133245                     /usr/lib/jvm/java-7-openjdk-amd64/jre/lib/amd64/libjawt.so
7f4bff090000-7f4bff091000 rw-p 00001000 08:02 133245                     /usr/lib/jvm/java-7-openjdk-amd64/jre/lib/amd64/libjawt.so
7f4bff091000-7f4bff096000 r-xp 00000000 08:02 8395997                    /usr/lib/x86_64-linux-gnu/libXfixes.so.3.1.0
7f4bff096000-7f4bff295000 ---p 00005000 08:02 8395997                    /usr/lib/x86_64-linux-gnu/libXfixes.so.3.1.0
7f4bff295000-7f4bff296000 r--p 00004000 08:02 8395997                    /usr/lib/x86_64-linux-gnu/libXfixes.so.3.1.0
7f4bff296000-7f4bff297000 rw-p 00005000 08:02 8395997                    /usr/lib/x86_64-linux-gnu/libXfixes.so.3.1.0
7f4bff297000-7f4bff2a0000 r-xp 00000000 08:02 8396731                    /usr/lib/x86_64-linux-gnu/libXcursor.so.1.0.2
7f4bff2a0000-7f4bff49f000 ---p 00009000 08:02 8396731                    /usr/lib/x86_64-linux-gnu/libXcursor.so.1.0.2
7f4bff49f000-7f4bff4a0000 r--p 00008000 08:02 8396731                    /usr/lib/x86_64-linux-gnu/libXcursor.so.1.0.2
7f4bff4a0000-7f4bff4a1000 rw-p 00009000 08:02 8396731                    /usr/lib/x86_64-linux-gnu/libXcursor.so.1.0.2
7f4bff4a1000-7f4bff4a4000 r-xp 00000000 08:02 2884548                    /lib/x86_64-linux-gnu/libkeyutils.so.1.5
7f4bff4a4000-7f4bff6a3000 ---p 00003000 08:02 2884548                    /lib/x86_64-linux-gnu/libkeyutils.so.1.5
7f4bff6a3000-7f4bff6a4000 r--p 00002000 08:02 2884548                    /lib/x86_64-linux-gnu/libkeyutils.so.1.5
7f4bff6a4000-7f4bff6a5000 rw-p 00003000 08:02 2884548                    /lib/x86_64-linux-gnu/libkeyutils.so.1.5
7f4bff6a5000-7f4bff711000 r-xp 00000000 08:02 2884467                    /lib/x86_64-linux-gnu/libpcre.so.3.13.1
7f4bff711000-7f4bff910000 ---p 0006c000 08:02 2884467                    /lib/x86_64-linux-gnu/libpcre.so.3.13.1
7f4bff910000-7f4bff911000 r--p 0006b000 08:02 2884467                    /lib/x86_64-linux-gnu/libpcre.so.3.13.1
7f4bff911000-7f4bff912000 rw-p 0006c000 08:02 2884467                    /lib/x86_64-linux-gnu/libpcre.so.3.13.1
7f4bff912000-7f4bff937000 r-xp 00000000 08:02 2884579                    /lib/x86_64-linux-gnu/libpng12.so.0.51.0
7f4bff937000-7f4bffb36000 ---p 00025000 08:02 2884579                    /lib/x86_64-linux-gnu/libpng12.so.0.51.0
7f4bffb36000-7f4bffb37000 r--p 00024000 08:02 2884579                    /lib/x86_64-linux-gnu/libpng12.so.0.51.0
7f4bffb37000-7f4bffb38000 rw-p 00025000 08:02 2884579                    /lib/x86_64-linux-gnu/libpng12.so.0.51.0
7f4bffb38000-7f4bffb7e000 r-xp 00000000 08:02 2884461                    /lib/x86_64-linux-gnu/libdbus-1.so.3.8.9
7f4bffb7e000-7f4bffd7e000 ---p 00046000 08:02 2884461                    /lib/x86_64-linux-gnu/libdbus-1.so.3.8.9
7f4bffd7e000-7f4bffd7f000 r--p 00046000 08:02 2884461                    /lib/x86_64-linux-gnu/libdbus-1.so.3.8.9
7f4bffd7f000-7f4bffd80000 rw-p 00047000 08:02 2884461                    /lib/x86_64-linux-gnu/libdbus-1.so.3.8.9
7f4bffd80000-7f4bffdfe000 r-xp 00000000 08:02 8390130                    /usr/lib/x86_64-linux-gnu/libgmp.so.10.2.0
7f4bffdfe000-7f4bffffe000 ---p 0007e000 08:02 8390130                    /usr/lib/x86_64-linux-gnu/libgmp.so.10.2.0
7f4bffffe000-7f4bfffff000 r--p 0007e000 08:02 8390130                    /usr/lib/x86_64-linux-gnu/libgmp.so.10.2.0
7f4bfffff000-7f4c00000000 rw-p 0007f000 08:02 8390130                    /usr/lib/x86_64-linux-gnu/libgmp.so.10.2.0
7f4c00000000-7f4c00021000 rw-p 00000000 00:00 0 
7f4c00021000-7f4c04000000 ---p 00000000 00:00 0 
7f4c040cd000-7f4c040d0000 ---p 00000000 00:00 0 
7f4c040d0000-7f4c041ce000 rw-p 00000000 00:00 0                          [stack:20754]
7f4c041ce000-7f4c041fb000 r-xp 00000000 08:02 8390134                    /usr/lib/x86_64-linux-gnu/libhogweed.so.2.5
7f4c041fb000-7f4c043fa000 ---p 0002d000 08:02 8390134                    /usr/lib/x86_64-linux-gnu/libhogweed.so.2.5
7f4c043fa000-7f4c043fb000 r--p 0002c000 08:02 8390134                    /usr/lib/x86_64-linux-gnu/libhogweed.so.2.5
7f4c043fb000-7f4c043fc000 rw-p 0002d000 08:02 8390134                    /usr/lib/x86_64-linux-gnu/libhogweed.so.2.5
7f4c043fc000-7f4c0442c000 r-xp 00000000 08:02 8390132                    /usr/lib/x86_64-linux-gnu/libnettle.so.4.7
7f4c0442c000-7f4c0462b000 ---p 00030000 08:02 8390132                    /usr/lib/x86_64-linux-gnu/libnettle.so.4.7
7f4c0462b000-7f4c0462c000 r--p 0002f000 08:02 8390132                    /usr/lib/x86_64-linux-gnu/libnettle.so.4.7
7f4c0462c000-7f4c0462d000 rw-p 00030000 08:02 8390132                    /usr/lib/x86_64-linux-gnu/libnettle.so.4.7
7f4c0462d000-7f4c0463e000 r-xp 00000000 08:02 8394287                    /usr/lib/x86_64-linux-gnu/libtasn1.so.6.3.2
7f4c0463e000-7f4c0483e000 ---p 00011000 08:02 8394287                    /usr/lib/x86_64-linux-gnu/libtasn1.so.6.3.2
7f4c0483e000-7f4c04840000 r--p 00011000 08:02 8394287                    /usr/lib/x86_64-linux-gnu/libtasn1.so.6.3.2
7f4c04840000-7f4c04841000 rw-p 00013000 08:02 8394287                    /usr/lib/x86_64-linux-gnu/libtasn1.so.6.3.2
7f4c04841000-7f4c0487d000 r-xp 00000000 08:02 8392824                    /usr/lib/x86_64-linux-gnu/libp11-kit.so.0.0.0
7f4c0487d000-7f4c04a7c000 ---p 0003c000 08:02 8392824                    /usr/lib/x86_64-linux-gnu/libp11-kit.so.0.0.0
7f4c04a7c000-7f4c04a85000 r--p 0003b000 08:02 8392824                    /usr/lib/x86_64-linux-gnu/libp11-kit.so.0.0.0
7f4c04a85000-7f4c04a87000 rw-p 00044000 08:02 8392824                    /usr/lib/x86_64-linux-gnu/libp11-kit.so.0.0.0
7f4c04a87000-7f4c04a91000 r-xp 00000000 08:02 8396512                    /usr/lib/x86_64-linux-gnu/libkrb5support.so.0.1
7f4c04a91000-7f4c04c90000 ---p 0000a000 08:02 8396512                    /usr/lib/x86_64-linux-gnu/libkrb5support.so.0.1
7f4c04c90000-7f4c04c91000 r--p 00009000 08:02 8396512                    /usr/lib/x86_64-linux-gnu/libkrb5support.so.0.1
7f4c04c91000-7f4c04c92000 rw-p 0000a000 08:02 8396512                    /usr/lib/x86_64-linux-gnu/libkrb5support.so.0.1
7f4c04c92000-7f4c04c95000 r-xp 00000000 08:02 2884557                    /lib/x86_64-linux-gnu/libcom_err.so.2.1
7f4c04c95000-7f4c04e94000 ---p 00003000 08:02 2884557                    /lib/x86_64-linux-gnu/libcom_err.so.2.1
7f4c04e94000-7f4c04e95000 r--p 00002000 08:02 2884557                    /lib/x86_64-linux-gnu/libcom_err.so.2.1
7f4c04e95000-7f4c04e96000 rw-p 00003000 08:02 2884557                    /lib/x86_64-linux-gnu/libcom_err.so.2.1
7f4c04e96000-7f4c04ec4000 r-xp 00000000 08:02 8392734                    /usr/lib/x86_64-linux-gnu/libk5crypto.so.3.1
7f4c04ec4000-7f4c050c3000 ---p 0002e000 08:02 8392734                    /usr/lib/x86_64-linux-gnu/libk5crypto.so.3.1
7f4c050c3000-7f4c050c5000 r--p 0002d000 08:02 8392734                    /usr/lib/x86_64-linux-gnu/libk5crypto.so.3.1
7f4c050c5000-7f4c050c6000 rw-p 0002f000 08:02 8392734                    /usr/lib/x86_64-linux-gnu/libk5crypto.so.3.1
7f4c050c6000-7f4c050c7000 rw-p 00000000 00:00 0 
7f4c050c7000-7f4c05187000 r-xp 00000000 08:02 8396511                    /usr/lib/x86_64-linux-gnu/libkrb5.so.3.3
7f4c05187000-7f4c05387000 ---p 000c0000 08:02 8396511                    /usr/lib/x86_64-linux-gnu/libkrb5.so.3.3
7f4c05387000-7f4c05394000 r--p 000c0000 08:02 8396511                    /usr/lib/x86_64-linux-gnu/libkrb5.so.3.3
7f4c05394000-7f4c05396000 rw-p 000cd000 08:02 8396511                    /usr/lib/x86_64-linux-gnu/libkrb5.so.3.3
7f4c05396000-7f4c0539d000 r-xp 00000000 08:02 8388691                    /usr/lib/x86_64-linux-gnu/libffi.so.6.0.4
7f4c0539d000-7f4c0559c000 ---p 00007000 08:02 8388691                    /usr/lib/x86_64-linux-gnu/libffi.so.6.0.4
7f4c0559c000-7f4c0559d000 r--p 00006000 08:02 8388691                    /usr/lib/x86_64-linux-gnu/libffi.so.6.0.4
7f4c0559d000-7f4c0559e000 rw-p 00007000 08:02 8388691                    /usr/lib/x86_64-linux-gnu/libffi.so.6.0.4
7f4c0559e000-7f4c055b5000 r-xp 00000000 08:02 2887612                    /lib/x86_64-linux-gnu/libresolv-2.21.so
7f4c055b5000-7f4c057b5000 ---p 00017000 08:02 2887612                    /lib/x86_64-linux-gnu/libresolv-2.21.so
7f4c057b5000-7f4c057b7000 r--p 00017000 08:02 2887612                    /lib/x86_64-linux-gnu/libresolv-2.21.so
7f4c057b7000-7f4c057b8000 rw-p 00019000 08:02 2887612                    /lib/x86_64-linux-gnu/libresolv-2.21.so
7f4c057b8000-7f4c057ba000 rw-p 00000000 00:00 0 
7f4c057ba000-7f4c057db000 r-xp 00000000 08:02 2883629                    /lib/x86_64-linux-gnu/libselinux.so.1
7f4c057db000-7f4c059da000 ---p 00021000 08:02 2883629                    /lib/x86_64-linux-gnu/libselinux.so.1
7f4c059da000-7f4c059db000 r--p 00020000 08:02 2883629                    /lib/x86_64-linux-gnu/libselinux.so.1
7f4c059db000-7f4c059dc000 rw-p 00021000 08:02 2883629                    /lib/x86_64-linux-gnu/libselinux.so.1
7f4c059dc000-7f4c059de000 rw-p 00000000 00:00 0 
7f4c059de000-7f4c05aeb000 r-xp 00000000 08:02 2887671                    /lib/x86_64-linux-gnu/libglib-2.0.so.0.4400.0
7f4c05aeb000-7f4c05cea000 ---p 0010d000 08:02 2887671                    /lib/x86_64-linux-gnu/libglib-2.0.so.0.4400.0
7f4c05cea000-7f4c05ceb000 r--p 0010c000 08:02 2887671                    /lib/x86_64-linux-gnu/libglib-2.0.so.0.4400.0
7f4c05ceb000-7f4c05cec000 rw-p 0010d000 08:02 2887671                    /lib/x86_64-linux-gnu/libglib-2.0.so.0.4400.0
7f4c05cec000-7f4c05ced000 rw-p 00000000 00:00 0 
7f4c05ced000-7f4c05cf0000 r-xp 00000000 08:02 8397439                    /usr/lib/x86_64-linux-gnu/libgmodule-2.0.so.0.4400.0
7f4c05cf0000-7f4c05eef000 ---p 00003000 08:02 8397439                    /usr/lib/x86_64-linux-gnu/libgmodule-2.0.so.0.4400.0
7f4c05eef000-7f4c05ef0000 r--p 00002000 08:02 8397439                    /usr/lib/x86_64-linux-gnu/libgmodule-2.0.so.0.4400.0
7f4c05ef0000-7f4c05ef1000 rw-p 00003000 08:02 8397439                    /usr/lib/x86_64-linux-gnu/libgmodule-2.0.so.0.4400.0
7f4c05ef1000-7f4c05f17000 r-xp 00000000 08:02 2883624                    /lib/x86_64-linux-gnu/libexpat.so.1.6.0
7f4c05f17000-7f4c06116000 ---p 00026000 08:02 2883624                    /lib/x86_64-linux-gnu/libexpat.so.1.6.0
7f4c06116000-7f4c06119000 r--p 00025000 08:02 2883624                    /lib/x86_64-linux-gnu/libexpat.so.1.6.0
7f4c06119000-7f4c0611a000 rw-p 00028000 08:02 2883624                    /lib/x86_64-linux-gnu/libexpat.so.1.6.0
7f4c0611a000-7f4c061bc000 r-xp 00000000 08:02 8402531                    /usr/lib/x86_64-linux-gnu/libfreetype.so.6.11.1
7f4c061bc000-7f4c063bb000 ---p 000a2000 08:02 8402531                    /usr/lib/x86_64-linux-gnu/libfreetype.so.6.11.1
7f4c063bb000-7f4c063c1000 r--p 000a1000 08:02 8402531                    /usr/lib/x86_64-linux-gnu/libfreetype.so.6.11.1
7f4c063c1000-7f4c063c2000 rw-p 000a7000 08:02 8402531                    /usr/lib/x86_64-linux-gnu/libfreetype.so.6.11.1
7f4c063c2000-7f4c063d2000 r-xp 00000000 08:02 8392812                    /usr/lib/x86_64-linux-gnu/libavahi-client.so.3.2.9
7f4c063d2000-7f4c065d1000 ---p 00010000 08:02 8392812                    /usr/lib/x86_64-linux-gnu/libavahi-client.so.3.2.9
7f4c065d1000-7f4c065d2000 r--p 0000f000 08:02 8392812                    /usr/lib/x86_64-linux-gnu/libavahi-client.so.3.2.9
7f4c065d2000-7f4c065d3000 rw-p 00010000 08:02 8392812                    /usr/lib/x86_64-linux-gnu/libavahi-client.so.3.2.9
7f4c065d3000-7f4c065de000 r-xp 00000000 08:02 8390400                    /usr/lib/x86_64-linux-gnu/libavahi-common.so.3.5.3
7f4c065de000-7f4c067dd000 ---p 0000b000 08:02 8390400                    /usr/lib/x86_64-linux-gnu/libavahi-common.so.3.5.3
7f4c067dd000-7f4c067de000 r--p 0000a000 08:02 8390400                    /usr/lib/x86_64-linux-gnu/libavahi-common.so.3.5.3
7f4c067de000-7f4c067df000 rw-p 0000b000 08:02 8390400                    /usr/lib/x86_64-linux-gnu/libavahi-common.so.3.5.3
7f4c067df000-7f4c068ee000 r-xp 00000000 08:02 8398833                    /usr/lib/x86_64-linux-gnu/libgnutls-deb0.so.28.41.0
7f4c068ee000-7f4c06aee000 ---p 0010f000 08:02 8398833                    /usr/lib/x86_64-linux-gnu/libgnutls-deb0.so.28.41.0
7f4c06aee000-7f4c06af7000 r--p 0010f000 08:02 8398833                    /usr/lib/x86_64-linux-gnu/libgnutls-deb0.so.28.41.0
7f4c06af7000-7f4c06af9000 rw-p 00118000 08:02 8398833                    /usr/lib/x86_64-linux-gnu/libgnutls-deb0.so.28.41.0
7f4c06af9000-7f4c06b3e000 r-xp 00000000 08:02 8396510                    /usr/lib/x86_64-linux-gnu/libgssapi_krb5.so.2.2
7f4c06b3e000-7f4c06d3d000 ---p 00045000 08:02 8396510                    /usr/lib/x86_64-linux-gnu/libgssapi_krb5.so.2.2
7f4c06d3d000-7f4c06d3f000 r--p 00044000 08:02 8396510                    /usr/lib/x86_64-linux-gnu/libgssapi_krb5.so.2.2
7f4c06d3f000-7f4c06d40000 rw-p 00046000 08:02 8396510                    /usr/lib/x86_64-linux-gnu/libgssapi_krb5.so.2.2
7f4c06d40000-7f4c06d41000 rw-p 00000000 00:00 0 
7f4c06d41000-7f4c06d91000 r-xp 00000000 08:02 8396516                    /usr/lib/x86_64-linux-gnu/libgobject-2.0.so.0.4400.0
7f4c06d91000-7f4c06f91000 ---p 00050000 08:02 8396516                    /usr/lib/x86_64-linux-gnu/libgobject-2.0.so.0.4400.0
7f4c06f91000-7f4c06f92000 r--p 00050000 08:02 8396516                    /usr/lib/x86_64-linux-gnu/libgobject-2.0.so.0.4400.0
7f4c06f92000-7f4c06f93000 rw-p 00051000 08:02 8396516                    /usr/lib/x86_64-linux-gnu/libgobject-2.0.so.0.4400.0
7f4c06f93000-7f4c0710b000 r-xp 00000000 08:02 8397420                    /usr/lib/x86_64-linux-gnu/libgio-2.0.so.0.4400.0
7f4c0710b000-7f4c0730b000 ---p 00178000 08:02 8397420                    /usr/lib/x86_64-linux-gnu/libgio-2.0.so.0.4400.0
7f4c0730b000-7f4c0730f000 r--p 00178000 08:02 8397420                    /usr/lib/x86_64-linux-gnu/libgio-2.0.so.0.4400.0
7f4c0730f000-7f4c07311000 rw-p 0017c000 08:02 8397420                    /usr/lib/x86_64-linux-gnu/libgio-2.0.so.0.4400.0
7f4c07311000-7f4c07313000 rw-p 00000000 00:00 0 
7f4c07313000-7f4c0734f000 r-xp 00000000 08:02 8389850                    /usr/lib/x86_64-linux-gnu/libfontconfig.so.1.8.0
7f4c0734f000-7f4c0754e000 ---p 0003c000 08:02 8389850                    /usr/lib/x86_64-linux-gnu/libfontconfig.so.1.8.0
7f4c0754e000-7f4c07550000 r--p 0003b000 08:02 8389850                    /usr/lib/x86_64-linux-gnu/libfontconfig.so.1.8.0
7f4c07550000-7f4c07551000 rw-p 0003d000 08:02 8389850                    /usr/lib/x86_64-linux-gnu/libfontconfig.so.1.8.0
7f4c07551000-7f4c075c6000 r-xp 00000000 08:02 8392309                    /usr/lib/x86_64-linux-gnu/libcups.so.2
7f4c075c6000-7f4c077c5000 ---p 00075000 08:02 8392309                    /usr/lib/x86_64-linux-gnu/libcups.so.2
7f4c077c5000-7f4c077cd000 r--p 00274000 08:02 8392309                    /usr/lib/x86_64-linux-gnu/libcups.so.2
7f4c077cd000-7f4c077ce000 rw-p 0027c000 08:02 8392309                    /usr/lib/x86_64-linux-gnu/libcups.so.2
7f4c077ce000-7f4c077dd000 r-xp 00000000 08:02 8388700                    /usr/lib/x86_64-linux-gnu/libXi.so.6.1.0
7f4c077dd000-7f4c079dc000 ---p 0000f000 08:02 8388700                    /usr/lib/x86_64-linux-gnu/libXi.so.6.1.0
7f4c079dc000-7f4c079dd000 r--p 0000e000 08:02 8388700                    /usr/lib/x86_64-linux-gnu/libXi.so.6.1.0
7f4c079dd000-7f4c079de000 rw-p 0000f000 08:02 8388700                    /usr/lib/x86_64-linux-gnu/libXi.so.6.1.0
7f4c079de000-7f4c079e3000 r-xp 00000000 08:02 8396765                    /usr/lib/x86_64-linux-gnu/libXtst.so.6.1.0
7f4c079e3000-7f4c07be2000 ---p 00005000 08:02 8396765                    /usr/lib/x86_64-linux-gnu/libXtst.so.6.1.0
7f4c07be2000-7f4c07be3000 r--p 00004000 08:02 8396765                    /usr/lib/x86_64-linux-gnu/libXtst.so.6.1.0
7f4c07be3000-7f4c07be4000 rw-p 00005000 08:02 8396765                    /usr/lib/x86_64-linux-gnu/libXtst.so.6.1.0
7f4c07be4000-7f4c07bed000 r-xp 00000000 08:02 8390870                    /usr/lib/x86_64-linux-gnu/libXrender.so.1.3.0
7f4c07bed000-7f4c07dec000 ---p 00009000 08:02 8390870                    /usr/lib/x86_64-linux-gnu/libXrender.so.1.3.0
7f4c07dec000-7f4c07ded000 r--p 00008000 08:02 8390870                    /usr/lib/x86_64-linux-gnu/libXrender.so.1.3.0
7f4c07ded000-7f4c07dee000 rw-p 00009000 08:02 8390870                    /usr/lib/x86_64-linux-gnu/libXrender.so.1.3.0
7f4c07dee000-7f4c07dff000 r-xp 00000000 08:02 8389397                    /usr/lib/x86_64-linux-gnu/libXext.so.6.4.0
7f4c07dff000-7f4c07ffe000 ---p 00011000 08:02 8389397                    /usr/lib/x86_64-linux-gnu/libXext.so.6.4.0
7f4c07ffe000-7f4c07fff000 r--p 00010000 08:02 8389397                    /usr/lib/x86_64-linux-gnu/libXext.so.6.4.0
7f4c07fff000-7f4c08000000 rw-p 00011000 08:02 8389397                    /usr/lib/x86_64-linux-gnu/libXext.so.6.4.0
7f4c08000000-7f4c080a7000 rw-p 00000000 00:00 0 
7f4c080a7000-7f4c0c000000 ---p 00000000 00:00 0 
7f4c0c000000-7f4c0c021000 rw-p 00000000 00:00 0 
7f4c0c021000-7f4c10000000 ---p 00000000 00:00 0 
7f4c10000000-7f4c10021000 rw-p 00000000 00:00 0 
7f4c10021000-7f4c14000000 ---p 00000000 00:00 0 
7f4c14000000-7f4c14099000 rw-p 00000000 00:00 0 
7f4c14099000-7f4c18000000 ---p 00000000 00:00 0 
7f4c18000000-7f4c18255000 rw-p 00000000 00:00 0 
7f4c18255000-7f4c1c000000 ---p 00000000 00:00 0 
7f4c1c000000-7f4c1c021000 rw-p 00000000 00:00 0 
7f4c1c021000-7f4c20000000 ---p 00000000 00:00 0 
7f4c20000000-7f4c20021000 rw-p 00000000 00:00 0 
7f4c20021000-7f4c24000000 ---p 00000000 00:00 0 
7f4c24000000-7f4c24021000 rw-p 00000000 00:00 0 
7f4c24021000-7f4c28000000 ---p 00000000 00:00 0 
7f4c28000000-7f4c28021000 rw-p 00000000 00:00 0 
7f4c28021000-7f4c2c000000 ---p 00000000 00:00 0 
7f4c2c000000-7f4c2c021000 rw-p 00000000 00:00 0 
7f4c2c021000-7f4c30000000 ---p 00000000 00:00 0 
7f4c30000000-7f4c30021000 rw-p 00000000 00:00 0 
7f4c30021000-7f4c34000000 ---p 00000000 00:00 0 
7f4c34000000-7f4c34021000 rw-p 00000000 00:00 0 
7f4c34021000-7f4c38000000 ---p 00000000 00:00 0 
7f4c38000000-7f4c38021000 rw-p 00000000 00:00 0 
7f4c38021000-7f4c3c000000 ---p 00000000 00:00 0 
7f4c3c006000-7f4c3c0df000 rw-p 00000000 00:00 0 
7f4c3c0df000-7f4c3c0e2000 ---p 00000000 00:00 0 
7f4c3c0e2000-7f4c3c1e0000 rw-p 00000000 00:00 0                          [stack:20753]
7f4c3c1e0000-7f4c3c229000 r-xp 00000000 08:02 132840                     /usr/lib/jvm/java-7-openjdk-amd64/jre/lib/amd64/xawt/libmawt.so
7f4c3c229000-7f4c3c428000 ---p 00049000 08:02 132840                     /usr/lib/jvm/java-7-openjdk-amd64/jre/lib/amd64/xawt/libmawt.so
7f4c3c428000-7f4c3c429000 r--p 00048000 08:02 132840                     /usr/lib/jvm/java-7-openjdk-amd64/jre/lib/amd64/xawt/libmawt.so
7f4c3c429000-7f4c3c42c000 rw-p 00049000 08:02 132840                     /usr/lib/jvm/java-7-openjdk-amd64/jre/lib/amd64/xawt/libmawt.so
7f4c3c42c000-7f4c3c42d000 rw-p 00000000 00:00 0 
7f4c3c42d000-7f4c3c4ce000 r-xp 00000000 08:02 133266                     /usr/lib/jvm/java-7-openjdk-amd64/jre/lib/amd64/libawt.so
7f4c3c4ce000-7f4c3c6cd000 ---p 000a1000 08:02 133266                     /usr/lib/jvm/java-7-openjdk-amd64/jre/lib/amd64/libawt.so
7f4c3c6cd000-7f4c3c6ce000 r--p 000a0000 08:02 133266                     /usr/lib/jvm/java-7-openjdk-amd64/jre/lib/amd64/libawt.so
7f4c3c6ce000-7f4c3c6d9000 rw-p 000a1000 08:02 133266                     /usr/lib/jvm/java-7-openjdk-amd64/jre/lib/amd64/libawt.so
7f4c3c6d9000-7f4c3c6fe000 rw-p 00000000 00:00 0 
7f4c3c6fe000-7f4c3c6ff000 ---p 00000000 00:00 0 
7f4c3c6ff000-7f4c3c7ff000 rw-p 00000000 00:00 0                          [stack:20751]
7f4c3c7ff000-7f4c3c802000 ---p 00000000 00:00 0 
7f4c3c802000-7f4c3c900000 rw-p 00000000 00:00 0                          [stack:20750]
7f4c3c900000-7f4c3c903000 ---p 00000000 00:00 0 
7f4c3c903000-7f4c3ca01000 rw-p 00000000 00:00 0                          [stack:20749]
7f4c3ca01000-7f4c3ca04000 ---p 00000000 00:00 0 
7f4c3ca04000-7f4c3cb02000 rw-p 00000000 00:00 0                          [stack:20748]
7f4c3cb02000-7f4c3cb05000 ---p 00000000 00:00 0 
7f4c3cb05000-7f4c3cc03000 rw-p 00000000 00:00 0                          [stack:20745]
7f4c3cc03000-7f4c3cc06000 ---p 00000000 00:00 0 
7f4c3cc06000-7f4c3cd04000 rw-p 00000000 00:00 0                          [stack:20743]
7f4c3cd04000-7f4c3cd07000 ---p 00000000 00:00 0 
7f4c3cd07000-7f4c3ce05000 rw-p 00000000 00:00 0                          [stack:20741]
7f4c3ce05000-7f4c3ce09000 r-xp 00000000 08:02 133553                     /usr/lib/jvm/java-7-openjdk-amd64/jre/lib/amd64/libdt_socket.so
7f4c3ce09000-7f4c3d008000 ---p 00004000 08:02 133553                     /usr/lib/jvm/java-7-openjdk-amd64/jre/lib/amd64/libdt_socket.so
7f4c3d008000-7f4c3d009000 r--p 00003000 08:02 133553                     /usr/lib/jvm/java-7-openjdk-amd64/jre/lib/amd64/libdt_socket.so
7f4c3d009000-7f4c3d00a000 rw-p 00004000 08:02 133553                     /usr/lib/jvm/java-7-openjdk-amd64/jre/lib/amd64/libdt_socket.so
7f4c3d00a000-7f4c3d00f000 r-xp 00000000 08:02 8389060                    /usr/lib/x86_64-linux-gnu/libXdmcp.so.6.0.0
7f4c3d00f000-7f4c3d20e000 ---p 00005000 08:02 8389060                    /usr/lib/x86_64-linux-gnu/libXdmcp.so.6.0.0
7f4c3d20e000-7f4c3d20f000 r--p 00004000 08:02 8389060                    /usr/lib/x86_64-linux-gnu/libXdmcp.so.6.0.0
7f4c3d20f000-7f4c3d210000 rw-p 00005000 08:02 8389060                    /usr/lib/x86_64-linux-gnu/libXdmcp.so.6.0.0
7f4c3d210000-7f4c3d212000 r-xp 00000000 08:02 8396724                    /usr/lib/x86_64-linux-gnu/libXau.so.6.0.0
7f4c3d212000-7f4c3d412000 ---p 00002000 08:02 8396724                    /usr/lib/x86_64-linux-gnu/libXau.so.6.0.0
7f4c3d412000-7f4c3d413000 r--p 00002000 08:02 8396724                    /usr/lib/x86_64-linux-gnu/libXau.so.6.0.0
7f4c3d413000-7f4c3d414000 rw-p 00003000 08:02 8396724                    /usr/lib/x86_64-linux-gnu/libXau.so.6.0.0
7f4c3d414000-7f4c3d431000 r-xp 00000000 08:02 8397794                    /usr/lib/x86_64-linux-gnu/libxcb.so.1.1.0
7f4c3d431000-7f4c3d631000 ---p 0001d000 08:02 8397794                    /usr/lib/x86_64-linux-gnu/libxcb.so.1.1.0
7f4c3d631000-7f4c3d632000 r--p 0001d000 08:02 8397794                    /usr/lib/x86_64-linux-gnu/libxcb.so.1.1.0
7f4c3d632000-7f4c3d633000 rw-p 0001e000 08:02 8397794                    /usr/lib/x86_64-linux-gnu/libxcb.so.1.1.0
7f4c3d633000-7f4c3d766000 r-xp 00000000 08:02 8393265                    /usr/lib/x86_64-linux-gnu/libX11.so.6.3.0
7f4c3d766000-7f4c3d966000 ---p 00133000 08:02 8393265                    /usr/lib/x86_64-linux-gnu/libX11.so.6.3.0
7f4c3d966000-7f4c3d967000 r--p 00133000 08:02 8393265                    /usr/lib/x86_64-linux-gnu/libX11.so.6.3.0
7f4c3d967000-7f4c3d96b000 rw-p 00134000 08:02 8393265                    /usr/lib/x86_64-linux-gnu/libX11.so.6.3.0
7f4c3d96b000-7f4c3d96c000 rw-p 00000000 00:00 0 
7f4c3d96c000-7f4c3d96e000 r-xp 00000000 08:02 8392522                    /usr/lib/jayatana/libjayatanaag.so
7f4c3d96e000-7f4c3db6d000 ---p 00002000 08:02 8392522                    /usr/lib/jayatana/libjayatanaag.so
7f4c3db6d000-7f4c3db6e000 r--p 00001000 08:02 8392522                    /usr/lib/jayatana/libjayatanaag.so
7f4c3db6e000-7f4c3db6f000 rw-p 00002000 08:02 8392522                    /usr/lib/jayatana/libjayatanaag.so
7f4c3db6f000-7f4c3db72000 ---p 00000000 00:00 0 
7f4c3db72000-7f4c40000000 rw-p 00000000 00:00 0                          [stack:20739]
7f4c40000000-7f4c40021000 rw-p 00000000 00:00 0 
7f4c40021000-7f4c44000000 ---p 00000000 00:00 0 
7f4c44050000-7f4c440f1000 rw-p 00000000 00:00 0 
7f4c440f1000-7f4c440f4000 ---p 00000000 00:00 0 
7f4c440f4000-7f4c441f2000 rw-p 00000000 00:00 0                          [stack:20737]
7f4c441f2000-7f4c441f5000 ---p 00000000 00:00 0 
7f4c441f5000-7f4c442f3000 rw-p 00000000 00:00 0                          [stack:20736]
7f4c442f3000-7f4c442f4000 ---p 00000000 00:00 0 
7f4c442f4000-7f4c45000000 rw-p 00000000 00:00 0                          [stack:20735]
7f4c45000000-7f4c45270000 rwxp 00000000 00:00 0 
7f4c45270000-7f4c48351000 rw-p 00000000 00:00 0 
7f4c48351000-7f4c4c000000 ---p 00000000 00:00 0 
7f4c4c08e000-7f4c4c0e1000 rw-p 00000000 00:00 0 
7f4c4c0e1000-7f4c4c0eb000 r--s 000ae000 08:02 133731                     /usr/lib/jvm/java-7-openjdk-amd64/jre/lib/resources.jar
7f4c4c0eb000-7f4c4c0f5000 r--s 00203000 08:02 134926                     /usr/lib/jvm/java-7-openjdk-amd64/jre/lib/charsets.jar
7f4c4c0f5000-7f4c4c0fe000 r--s 000ee000 08:02 8782040                    /usr/share/java/mysql-connector-java-5.1.32.jar
7f4c4c0fe000-7f4c4c44a000 rw-p 00000000 00:00 0 
7f4c4c44a000-7f4c4c5fb000 r--s 01d27000 08:02 133016                     /usr/lib/jvm/java-7-openjdk-amd64/jre/lib/rt.jar
7f4c4c5fb000-7f4c4c905000 rw-p 00000000 00:00 0 
7f4c4c905000-7f4c4c906000 ---p 00000000 00:00 0 
7f4c4c906000-7f4c4ca06000 rw-p 00000000 00:00 0                          [stack:20733]
7f4c4ca06000-7f4c4ca07000 ---p 00000000 00:00 0 
7f4c4ca07000-7f4c4cb07000 rw-p 00000000 00:00 0                          [stack:20732]
7f4c4cb07000-7f4c4cb08000 ---p 00000000 00:00 0 
7f4c4cb08000-7f4c4cc08000 rw-p 00000000 00:00 0                          [stack:20731]
7f4c4cc08000-7f4c4cc09000 ---p 00000000 00:00 0 
7f4c4cc09000-7f4c4cd14000 rw-p 00000000 00:00 0                          [stack:20730]
7f4c4cd14000-7f4c4cd5c000 rw-p 00000000 00:00 0 
7f4c4cd5c000-7f4c4cd71000 rw-p 00000000 00:00 0 
7f4c4cd71000-7f4c4cea0000 rw-p 00000000 00:00 0 
7f4c4cea0000-7f4c4ceab000 rw-p 00000000 00:00 0 
7f4c4ceab000-7f4c4cef3000 rw-p 00000000 00:00 0 
7f4c4cef3000-7f4c4cf08000 rw-p 00000000 00:00 0 
7f4c4cf08000-7f4c4d037000 rw-p 00000000 00:00 0 
7f4c4d037000-7f4c4d042000 rw-p 00000000 00:00 0 
7f4c4d042000-7f4c4d0d9000 rw-p 00000000 00:00 0 
7f4c4d0d9000-7f4c4d0da000 rw-p 00000000 00:00 0 
7f4c4d0da000-7f4c4d0e2000 r-xp 00000000 08:02 133332                     /usr/lib/jvm/java-7-openjdk-amd64/jre/lib/amd64/libzip.so
7f4c4d0e2000-7f4c4d2e1000 ---p 00008000 08:02 133332                     /usr/lib/jvm/java-7-openjdk-amd64/jre/lib/amd64/libzip.so
7f4c4d2e1000-7f4c4d2e2000 r--p 00007000 08:02 133332                     /usr/lib/jvm/java-7-openjdk-amd64/jre/lib/amd64/libzip.so
7f4c4d2e2000-7f4c4d2e3000 rw-p 00008000 08:02 133332                     /usr/lib/jvm/java-7-openjdk-amd64/jre/lib/amd64/libzip.so
7f4c4d2e3000-7f4c4d2ef000 r-xp 00000000 08:02 2887616                    /lib/x86_64-linux-gnu/libnss_files-2.21.so
7f4c4d2ef000-7f4c4d4ee000 ---p 0000c000 08:02 2887616                    /lib/x86_64-linux-gnu/libnss_files-2.21.so
7f4c4d4ee000-7f4c4d4ef000 r--p 0000b000 08:02 2887616                    /lib/x86_64-linux-gnu/libnss_files-2.21.so
7f4c4d4ef000-7f4c4d4f0000 rw-p 0000c000 08:02 2887616                    /lib/x86_64-linux-gnu/libnss_files-2.21.so
7f4c4d4f0000-7f4c4d4fb000 r-xp 00000000 08:02 2883677                    /lib/x86_64-linux-gnu/libnss_nis-2.21.so
7f4c4d4fb000-7f4c4d6fa000 ---p 0000b000 08:02 2883677                    /lib/x86_64-linux-gnu/libnss_nis-2.21.so
7f4c4d6fa000-7f4c4d6fb000 r--p 0000a000 08:02 2883677                    /lib/x86_64-linux-gnu/libnss_nis-2.21.so
7f4c4d6fb000-7f4c4d6fc000 rw-p 0000b000 08:02 2883677                    /lib/x86_64-linux-gnu/libnss_nis-2.21.so
7f4c4d6fc000-7f4c4d713000 r-xp 00000000 08:02 2887629                    /lib/x86_64-linux-gnu/libnsl-2.21.so
7f4c4d713000-7f4c4d912000 ---p 00017000 08:02 2887629                    /lib/x86_64-linux-gnu/libnsl-2.21.so
7f4c4d912000-7f4c4d913000 r--p 00016000 08:02 2887629                    /lib/x86_64-linux-gnu/libnsl-2.21.so
7f4c4d913000-7f4c4d914000 rw-p 00017000 08:02 2887629                    /lib/x86_64-linux-gnu/libnsl-2.21.so
7f4c4d914000-7f4c4d916000 rw-p 00000000 00:00 0 
7f4c4d916000-7f4c4d91e000 r-xp 00000000 08:02 2887620                    /lib/x86_64-linux-gnu/libnss_compat-2.21.so
7f4c4d91e000-7f4c4db1d000 ---p 00008000 08:02 2887620                    /lib/x86_64-linux-gnu/libnss_compat-2.21.so
7f4c4db1d000-7f4c4db1e000 r--p 00007000 08:02 2887620                    /lib/x86_64-linux-gnu/libnss_compat-2.21.so
7f4c4db1e000-7f4c4db1f000 rw-p 00008000 08:02 2887620                    /lib/x86_64-linux-gnu/libnss_compat-2.21.so
7f4c4db1f000-7f4c4dde8000 r--p 00000000 08:02 8392995                    /usr/lib/locale/locale-archive
7f4c4dde8000-7f4c4ddeb000 r-xp 00000000 08:02 133268                     /usr/lib/jvm/java-7-openjdk-amd64/jre/lib/amd64/libnpt.so
7f4c4ddeb000-7f4c4dfea000 ---p 00003000 08:02 133268                     /usr/lib/jvm/java-7-openjdk-amd64/jre/lib/amd64/libnpt.so
7f4c4dfea000-7f4c4dfeb000 r--p 00002000 08:02 133268                     /usr/lib/jvm/java-7-openjdk-amd64/jre/lib/amd64/libnpt.so
7f4c4dfeb000-7f4c4dfec000 rw-p 00003000 08:02 133268                     /usr/lib/jvm/java-7-openjdk-amd64/jre/lib/amd64/libnpt.so
7f4c4dfec000-7f4c4e027000 r-xp 00000000 08:02 133653                     /usr/lib/jvm/java-7-openjdk-amd64/jre/lib/amd64/libjdwp.so
7f4c4e027000-7f4c4e226000 ---p 0003b000 08:02 133653                     /usr/lib/jvm/java-7-openjdk-amd64/jre/lib/amd64/libjdwp.so
7f4c4e226000-7f4c4e227000 r--p 0003a000 08:02 133653                     /usr/lib/jvm/java-7-openjdk-amd64/jre/lib/amd64/libjdwp.so
7f4c4e227000-7f4c4e228000 rw-p 0003b000 08:02 133653                     /usr/lib/jvm/java-7-openjdk-amd64/jre/lib/amd64/libjdwp.so
7f4c4e228000-7f4c4e229000 rw-p 00000000 00:00 0 
7f4c4e229000-7f4c4e233000 r-xp 00000000 08:02 133240                     /usr/lib/jvm/java-7-openjdk-amd64/jre/lib/amd64/libinstrument.so
7f4c4e233000-7f4c4e432000 ---p 0000a000 08:02 133240                     /usr/lib/jvm/java-7-openjdk-amd64/jre/lib/amd64/libinstrument.so
7f4c4e432000-7f4c4e433000 r--p 00009000 08:02 133240                     /usr/lib/jvm/java-7-openjdk-amd64/jre/lib/amd64/libinstrument.so
7f4c4e433000-7f4c4e434000 rw-p 0000a000 08:02 133240                     /usr/lib/jvm/java-7-openjdk-amd64/jre/lib/amd64/libinstrument.so
7f4c4e434000-7f4c4e461000 r-xp 00000000 08:02 133554                     /usr/lib/jvm/java-7-openjdk-amd64/jre/lib/amd64/libjava.so
7f4c4e461000-7f4c4e660000 ---p 0002d000 08:02 133554                     /usr/lib/jvm/java-7-openjdk-amd64/jre/lib/amd64/libjava.so
7f4c4e660000-7f4c4e661000 r--p 0002c000 08:02 133554                     /usr/lib/jvm/java-7-openjdk-amd64/jre/lib/amd64/libjava.so
7f4c4e661000-7f4c4e663000 rw-p 0002d000 08:02 133554                     /usr/lib/jvm/java-7-openjdk-amd64/jre/lib/amd64/libjava.so
7f4c4e663000-7f4c4e672000 r-xp 00000000 08:02 133547                     /usr/lib/jvm/java-7-openjdk-amd64/jre/lib/amd64/libverify.so
7f4c4e672000-7f4c4e871000 ---p 0000f000 08:02 133547                     /usr/lib/jvm/java-7-openjdk-amd64/jre/lib/amd64/libverify.so
7f4c4e871000-7f4c4e874000 r--p 0000e000 08:02 133547                     /usr/lib/jvm/java-7-openjdk-amd64/jre/lib/amd64/libverify.so
7f4c4e874000-7f4c4e875000 rw-p 00011000 08:02 133547                     /usr/lib/jvm/java-7-openjdk-amd64/jre/lib/amd64/libverify.so
7f4c4e875000-7f4c4e87c000 r-xp 00000000 08:02 2887631                    /lib/x86_64-linux-gnu/librt-2.21.so
7f4c4e87c000-7f4c4ea7b000 ---p 00007000 08:02 2887631                    /lib/x86_64-linux-gnu/librt-2.21.so
7f4c4ea7b000-7f4c4ea7c000 r--p 00006000 08:02 2887631                    /lib/x86_64-linux-gnu/librt-2.21.so
7f4c4ea7c000-7f4c4ea7d000 rw-p 00007000 08:02 2887631                    /lib/x86_64-linux-gnu/librt-2.21.so
7f4c4ea7d000-7f4c4ea93000 r-xp 00000000 08:02 2883678                    /lib/x86_64-linux-gnu/libgcc_s.so.1
7f4c4ea93000-7f4c4ec92000 ---p 00016000 08:02 2883678                    /lib/x86_64-linux-gnu/libgcc_s.so.1
7f4c4ec92000-7f4c4ec93000 rw-p 00015000 08:02 2883678                    /lib/x86_64-linux-gnu/libgcc_s.so.1
7f4c4ec93000-7f4c4ed9a000 r-xp 00000000 08:02 2887624                    /lib/x86_64-linux-gnu/libm-2.21.so
7f4c4ed9a000-7f4c4ef99000 ---p 00107000 08:02 2887624                    /lib/x86_64-linux-gnu/libm-2.21.so
7f4c4ef99000-7f4c4ef9a000 r--p 00106000 08:02 2887624                    /lib/x86_64-linux-gnu/libm-2.21.so
7f4c4ef9a000-7f4c4ef9b000 rw-p 00107000 08:02 2887624                    /lib/x86_64-linux-gnu/libm-2.21.so
7f4c4ef9b000-7f4c4f08b000 r-xp 00000000 08:02 8389681                    /usr/lib/x86_64-linux-gnu/libstdc++.so.6.0.20
7f4c4f08b000-7f4c4f28b000 ---p 000f0000 08:02 8389681                    /usr/lib/x86_64-linux-gnu/libstdc++.so.6.0.20
7f4c4f28b000-7f4c4f293000 r--p 000f0000 08:02 8389681                    /usr/lib/x86_64-linux-gnu/libstdc++.so.6.0.20
7f4c4f293000-7f4c4f295000 rw-p 000f8000 08:02 8389681                    /usr/lib/x86_64-linux-gnu/libstdc++.so.6.0.20
7f4c4f295000-7f4c4f2aa000 rw-p 00000000 00:00 0 
7f4c4f2aa000-7f4c4fe01000 r-xp 00000000 08:02 133243                     /usr/lib/jvm/java-7-openjdk-amd64/jre/lib/amd64/server/libjvm.so
7f4c4fe01000-7f4c50000000 ---p 00b57000 08:02 133243                     /usr/lib/jvm/java-7-openjdk-amd64/jre/lib/amd64/server/libjvm.so
7f4c50000000-7f4c5009f000 r--p 00b56000 08:02 133243                     /usr/lib/jvm/java-7-openjdk-amd64/jre/lib/amd64/server/libjvm.so
7f4c5009f000-7f4c500c2000 rw-p 00bf5000 08:02 133243                     /usr/lib/jvm/java-7-openjdk-amd64/jre/lib/amd64/server/libjvm.so
7f4c500c2000-7f4c500ef000 rw-p 00000000 00:00 0 
7f4c500ef000-7f4c50108000 r-xp 00000000 08:02 2884449                    /lib/x86_64-linux-gnu/libz.so.1.2.8
7f4c50108000-7f4c50308000 ---p 00019000 08:02 2884449                    /lib/x86_64-linux-gnu/libz.so.1.2.8
7f4c50308000-7f4c50309000 r--p 00019000 08:02 2884449                    /lib/x86_64-linux-gnu/libz.so.1.2.8
7f4c50309000-7f4c5030a000 rw-p 0001a000 08:02 2884449                    /lib/x86_64-linux-gnu/libz.so.1.2.8
7f4c5030a000-7f4c50322000 r-xp 00000000 08:02 2887606                    /lib/x86_64-linux-gnu/libpthread-2.21.so
7f4c50322000-7f4c50522000 ---p 00018000 08:02 2887606                    /lib/x86_64-linux-gnu/libpthread-2.21.so
7f4c50522000-7f4c50523000 r--p 00018000 08:02 2887606                    /lib/x86_64-linux-gnu/libpthread-2.21.so
7f4c50523000-7f4c50524000 rw-p 00019000 08:02 2887606                    /lib/x86_64-linux-gnu/libpthread-2.21.so
7f4c50524000-7f4c50528000 rw-p 00000000 00:00 0 
7f4c50528000-7f4c5052b000 r-xp 00000000 08:02 2887583                    /lib/x86_64-linux-gnu/libdl-2.21.so
7f4c5052b000-7f4c5072a000 ---p 00003000 08:02 2887583                    /lib/x86_64-linux-gnu/libdl-2.21.so
7f4c5072a000-7f4c5072b000 r--p 00002000 08:02 2887583                    /lib/x86_64-linux-gnu/libdl-2.21.so
7f4c5072b000-7f4c5072c000 rw-p 00003000 08:02 2887583                    /lib/x86_64-linux-gnu/libdl-2.21.so
7f4c5072c000-7f4c508ec000 r-xp 00000000 08:02 2887636                    /lib/x86_64-linux-gnu/libc-2.21.so
7f4c508ec000-7f4c50aec000 ---p 001c0000 08:02 2887636                    /lib/x86_64-linux-gnu/libc-2.21.so
7f4c50aec000-7f4c50af0000 r--p 001c0000 08:02 2887636                    /lib/x86_64-linux-gnu/libc-2.21.so
7f4c50af0000-7f4c50af2000 rw-p 001c4000 08:02 2887636                    /lib/x86_64-linux-gnu/libc-2.21.so
7f4c50af2000-7f4c50af6000 rw-p 00000000 00:00 0 
7f4c50af6000-7f4c50b03000 r-xp 00000000 08:02 133551                     /usr/lib/jvm/java-7-openjdk-amd64/jre/lib/amd64/jli/libjli.so
7f4c50b03000-7f4c50d02000 ---p 0000d000 08:02 133551                     /usr/lib/jvm/java-7-openjdk-amd64/jre/lib/amd64/jli/libjli.so
7f4c50d02000-7f4c50d03000 r--p 0000c000 08:02 133551                     /usr/lib/jvm/java-7-openjdk-amd64/jre/lib/amd64/jli/libjli.so
7f4c50d03000-7f4c50d04000 rw-p 0000d000 08:02 133551                     /usr/lib/jvm/java-7-openjdk-amd64/jre/lib/amd64/jli/libjli.so
7f4c50d04000-7f4c50d28000 r-xp 00000000 08:02 2887597                    /lib/x86_64-linux-gnu/ld-2.21.so
7f4c50d28000-7f4c50d2a000 r--s 00006000 08:02 8789351                    /usr/share/java/jayatana.jar
7f4c50d2a000-7f4c50d2b000 r--s 00000000 08:02 8786851                    /usr/share/java/jayatanaag.jar
7f4c50d2b000-7f4c50d2d000 r--s 00006000 08:02 8783448                    /usr/share/java/java-atk-wrapper.jar
7f4c50d2d000-7f4c50d4e000 rw-p 00000000 00:00 0 
7f4c50d4e000-7f4c50e04000 rw-p 00000000 00:00 0 
7f4c50e04000-7f4c50e07000 ---p 00000000 00:00 0 
7f4c50e07000-7f4c50f0a000 rw-p 00000000 00:00 0                          [stack:20729]
7f4c50f0a000-7f4c50f0d000 r--s 0000f000 08:02 133732                     /usr/lib/jvm/java-7-openjdk-amd64/jre/lib/ext/icedtea-sound.jar
7f4c50f0d000-7f4c50f0e000 r--s 00002000 08:02 134148                     /usr/lib/jvm/java-7-openjdk-amd64/jre/lib/ext/dnsns.jar
7f4c50f0e000-7f4c50f11000 r--s 00086000 08:02 134149                     /usr/lib/jvm/java-7-openjdk-amd64/jre/lib/ext/localedata.jar
7f4c50f11000-7f4c50f15000 r--s 00034000 08:02 133734                     /usr/lib/jvm/java-7-openjdk-amd64/jre/lib/ext/sunjce_provider.jar
7f4c50f15000-7f4c50f17000 r--s 00012000 08:02 133733                     /usr/lib/jvm/java-7-openjdk-amd64/jre/lib/ext/zipfs.jar
7f4c50f17000-7f4c50f1b000 r--s 0003c000 08:02 133735                     /usr/lib/jvm/java-7-openjdk-amd64/jre/lib/ext/sunpkcs11.jar
7f4c50f1b000-7f4c50f23000 rw-s 00000000 08:02 4980786                    /tmp/hsperfdata_ashish/20723
7f4c50f23000-7f4c50f24000 rw-p 00000000 00:00 0 
7f4c50f24000-7f4c50f25000 r--p 00000000 00:00 0 
7f4c50f25000-7f4c50f27000 rw-p 00000000 00:00 0 
7f4c50f27000-7f4c50f28000 r--p 00023000 08:02 2887597                    /lib/x86_64-linux-gnu/ld-2.21.so
7f4c50f28000-7f4c50f29000 rw-p 00024000 08:02 2887597                    /lib/x86_64-linux-gnu/ld-2.21.so
7f4c50f29000-7f4c50f2a000 rw-p 00000000 00:00 0 
7fff1d3d7000-7fff1d3f8000 rw-p 00000000 00:00 0                          [stack]
7fff1d3f8000-7fff1d3fa000 r--p 00000000 00:00 0                          [vvar]
7fff1d3fa000-7fff1d3fc000 r-xp 00000000 00:00 0                          [vdso]
ffffffffff600000-ffffffffff601000 r-xp 00000000 00:00 0                  [vsyscall]

VM Arguments:
jvm_args: -javaagent:/usr/share/java/jayatanaag.jar -agentlib:jdwp=transport=dt_socket,suspend=y,address=localhost:45798 -Dfile.encoding=UTF-8 
java_command: Display
Launcher Type: SUN_STANDARD

Environment Variables:
JAVA_TOOL_OPTIONS=-javaagent:/usr/share/java/jayatanaag.jar 
PATH=/usr/local/sbin:/usr/local/bin:/usr/sbin:/usr/bin:/sbin:/bin:/usr/games:/usr/local/games
SHELL=/bin/bash
DISPLAY=:0

Signal Handlers:
SIGSEGV: [libjvm.so+0x98abe0], sa_mask[0]=0x7ffbfeff, sa_flags=0x10000004
SIGBUS: [libjvm.so+0x98abe0], sa_mask[0]=0x7ffbfeff, sa_flags=0x10000004
SIGFPE: [libjvm.so+0x7f8a60], sa_mask[0]=0x7ffbfeff, sa_flags=0x10000004
SIGPIPE: [libjvm.so+0x7f8a60], sa_mask[0]=0x7ffbfeff, sa_flags=0x10000004
SIGXFSZ: [libjvm.so+0x7f8a60], sa_mask[0]=0x7ffbfeff, sa_flags=0x10000004
SIGILL: [libjvm.so+0x7f8a60], sa_mask[0]=0x7ffbfeff, sa_flags=0x10000004
SIGUSR1: SIG_DFL, sa_mask[0]=0x00000000, sa_flags=0x00000000
SIGUSR2: [libjvm.so+0x7f88e0], sa_mask[0]=0x00000004, sa_flags=0x10000004
SIGHUP: [libjvm.so+0x7f8ae0], sa_mask[0]=0x7ffbfeff, sa_flags=0x10000004
SIGINT: [libjvm.so+0x7f8ae0], sa_mask[0]=0x7ffbfeff, sa_flags=0x10000004
SIGTERM: [libjvm.so+0x7f8ae0], sa_mask[0]=0x7ffbfeff, sa_flags=0x10000004
SIGQUIT: [libjvm.so+0x7f8ae0], sa_mask[0]=0x7ffbfeff, sa_flags=0x10000004
SIGTRAP: SIG_DFL, sa_mask[0]=0x00000000, sa_flags=0x00000000


---------------  S Y S T E M  ---------------

OS:Ubuntu 15.04 (vivid)
uname:Linux 3.19.0-16-generic #16-Ubuntu SMP Thu Apr 30 16:09:58 UTC 2015 x86_64
libc:glibc 2.21 NPTL 2.21 
rlimit: STACK 8192k, CORE 0k, NPROC 15212, NOFILE 65536, AS infinity
load average:0.12 0.20 0.28

/proc/meminfo:
MemTotal:        3977236 kB
MemFree:          306900 kB
MemAvailable:     891116 kB
Buffers:          102436 kB
Cached:          1107624 kB
SwapCached:          216 kB
Active:          2077428 kB
Inactive:        1399940 kB
Active(anon):    1651892 kB
Inactive(anon):  1101380 kB
Active(file):     425536 kB
Inactive(file):   298560 kB
Unevictable:         264 kB
Mlocked:             264 kB
SwapTotal:       9764860 kB
SwapFree:        9757904 kB
Dirty:                84 kB
Writeback:             0 kB
AnonPages:       2267356 kB
Mapped:           359512 kB
Shmem:            485964 kB
Slab:              98944 kB
SReclaimable:      58112 kB
SUnreclaim:        40832 kB
KernelStack:       10464 kB
PageTables:        41336 kB
NFS_Unstable:          0 kB
Bounce:                0 kB
WritebackTmp:          0 kB
CommitLimit:    11753476 kB
Committed_AS:    7504452 kB
VmallocTotal:   34359738367 kB
VmallocUsed:      547744 kB
VmallocChunk:   34359138380 kB
HardwareCorrupted:     0 kB
AnonHugePages:   1347584 kB
CmaTotal:              0 kB
CmaFree:               0 kB
HugePages_Total:       0
HugePages_Free:        0
HugePages_Rsvd:        0
HugePages_Surp:        0
Hugepagesize:       2048 kB
DirectMap4k:      180544 kB
DirectMap2M:     2895872 kB
DirectMap1G:     2097152 kB


CPU:total 4 (2 cores per cpu, 2 threads per core) family 6 model 69 stepping 1, cmov, cx8, fxsr, mmx, sse, sse2, sse3, ssse3, sse4.1, sse4.2, popcnt, avx, avx2, aes, erms, ht, tsc, tscinvbit

/proc/cpuinfo:
processor	: 0
vendor_id	: GenuineIntel
cpu family	: 6
model		: 69
model name	: Intel(R) Core(TM) i3-4010U CPU @ 1.70GHz
stepping	: 1
microcode	: 0x17
cpu MHz		: 1329.785
cache size	: 3072 KB
physical id	: 0
siblings	: 4
core id		: 0
cpu cores	: 2
apicid		: 0
initial apicid	: 0
fpu		: yes
fpu_exception	: yes
cpuid level	: 13
wp		: yes
flags		: fpu vme de pse tsc msr pae mce cx8 apic sep mtrr pge mca cmov pat pse36 clflush dts acpi mmx fxsr sse sse2 ss ht tm pbe syscall nx pdpe1gb rdtscp lm constant_tsc arch_perfmon pebs bts rep_good nopl xtopology nonstop_tsc aperfmperf eagerfpu pni pclmulqdq dtes64 monitor ds_cpl vmx est tm2 ssse3 fma cx16 xtpr pdcm pcid sse4_1 sse4_2 x2apic movbe popcnt tsc_deadline_timer aes xsave avx f16c rdrand lahf_lm abm ida arat epb pln pts dtherm tpr_shadow vnmi flexpriority ept vpid fsgsbase tsc_adjust bmi1 avx2 smep bmi2 erms invpcid xsaveopt
bugs		:
bogomips	: 3391.96
clflush size	: 64
cache_alignment	: 64
address sizes	: 39 bits physical, 48 bits virtual
power management:

processor	: 1
vendor_id	: GenuineIntel
cpu family	: 6
model		: 69
model name	: Intel(R) Core(TM) i3-4010U CPU @ 1.70GHz
stepping	: 1
microcode	: 0x17
cpu MHz		: 875.632
cache size	: 3072 KB
physical id	: 0
siblings	: 4
core id		: 0
cpu cores	: 2
apicid		: 1
initial apicid	: 1
fpu		: yes
fpu_exception	: yes
cpuid level	: 13
wp		: yes
flags		: fpu vme de pse tsc msr pae mce cx8 apic sep mtrr pge mca cmov pat pse36 clflush dts acpi mmx fxsr sse sse2 ss ht tm pbe syscall nx pdpe1gb rdtscp lm constant_tsc arch_perfmon pebs bts rep_good nopl xtopology nonstop_tsc aperfmperf eagerfpu pni pclmulqdq dtes64 monitor ds_cpl vmx est tm2 ssse3 fma cx16 xtpr pdcm pcid sse4_1 sse4_2 x2apic movbe popcnt tsc_deadline_timer aes xsave avx f16c rdrand lahf_lm abm ida arat epb pln pts dtherm tpr_shadow vnmi flexpriority ept vpid fsgsbase tsc_adjust bmi1 avx2 smep bmi2 erms invpcid xsaveopt
bugs		:
bogomips	: 3391.96
clflush size	: 64
cache_alignment	: 64
address sizes	: 39 bits physical, 48 bits virtual
power management:

processor	: 2
vendor_id	: GenuineIntel
cpu family	: 6
model		: 69
model name	: Intel(R) Core(TM) i3-4010U CPU @ 1.70GHz
stepping	: 1
microcode	: 0x17
cpu MHz		: 1698.339
cache size	: 3072 KB
physical id	: 0
siblings	: 4
core id		: 1
cpu cores	: 2
apicid		: 2
initial apicid	: 2
fpu		: yes
fpu_exception	: yes
cpuid level	: 13
wp		: yes
flags		: fpu vme de pse tsc msr pae mce cx8 apic sep mtrr pge mca cmov pat pse36 clflush dts acpi mmx fxsr sse sse2 ss ht tm pbe syscall nx pdpe1gb rdtscp lm constant_tsc arch_perfmon pebs bts rep_good nopl xtopology nonstop_tsc aperfmperf eagerfpu pni pclmulqdq dtes64 monitor ds_cpl vmx est tm2 ssse3 fma cx16 xtpr pdcm pcid sse4_1 sse4_2 x2apic movbe popcnt tsc_deadline_timer aes xsave avx f16c rdrand lahf_lm abm ida arat epb pln pts dtherm tpr_shadow vnmi flexpriority ept vpid fsgsbase tsc_adjust bmi1 avx2 smep bmi2 erms invpcid xsaveopt
bugs		:
bogomips	: 3391.96
clflush size	: 64
cache_alignment	: 64
address sizes	: 39 bits physical, 48 bits virtual
power management:

processor	: 3
vendor_id	: GenuineIntel
cpu family	: 6
model		: 69
model name	: Intel(R) Core(TM) i3-4010U CPU @ 1.70GHz
stepping	: 1
microcode	: 0x17
cpu MHz		: 1698.207
cache size	: 3072 KB
physical id	: 0
siblings	: 4
core id		: 1
cpu cores	: 2
apicid		: 3
initial apicid	: 3
fpu		: yes
fpu_exception	: yes
cpuid level	: 13
wp		: yes
flags		: fpu vme de pse tsc msr pae mce cx8 apic sep mtrr pge mca cmov pat pse36 clflush dts acpi mmx fxsr sse sse2 ss ht tm pbe syscall nx pdpe1gb rdtscp lm constant_tsc arch_perfmon pebs bts rep_good nopl xtopology nonstop_tsc aperfmperf eagerfpu pni pclmulqdq dtes64 monitor ds_cpl vmx est tm2 ssse3 fma cx16 xtpr pdcm pcid sse4_1 sse4_2 x2apic movbe popcnt tsc_deadline_timer aes xsave avx f16c rdrand lahf_lm abm ida arat epb pln pts dtherm tpr_shadow vnmi flexpriority ept vpid fsgsbase tsc_adjust bmi1 avx2 smep bmi2 erms invpcid xsaveopt
bugs		:
bogomips	: 3391.96
clflush size	: 64
cache_alignment	: 64
address sizes	: 39 bits physical, 48 bits virtual
power management:



Memory: 4k page, physical 3977236k(306900k free), swap 9764860k(9757904k free)

vm_info: OpenJDK 64-Bit Server VM (24.79-b02) for linux-amd64 JRE (1.7.0_79-b14), built on Apr 15 2015 21:06:31 by "buildd" with gcc 4.9.2

time: Mon May 18 23:33:00 2015
elapsed time: 230 seconds

