#
# A fatal error has been detected by the Java Runtime Environment:
#
#  SIGSEGV (0xb) at pc=0x00007f87d48bf216, pid=20919, tid=140221154424576
#
# JRE version: OpenJDK Runtime Environment (7.0_79-b14) (build 1.7.0_79-b14)
# Java VM: OpenJDK 64-Bit Server VM (24.79-b02 mixed mode linux-amd64 compressed oops)
# Derivative: IcedTea 2.5.5
# Distribution: Ubuntu Vivid Vervet (development branch), package 7u79-2.5.5-0ubuntu1
# Problematic frame:
# V  [libjvm.so+0x97e216]  interpretedVFrame::monitors() const+0x1c6
#
# Failed to write core dump. Core dumps have been disabled. To enable core dumping, try "ulimit -c unlimited" before starting Java again
#
# If you would like to submit a bug report, please include
# instructions on how to reproduce the bug and visit:
#   http://icedtea.classpath.org/bugzilla
#

---------------  T H R E A D  ---------------

Current thread (0x00007f87cc1e4000):  JavaThread "JDWP Transport Listener: dt_socket" daemon [_thread_in_vm, id=20938, stack(0x00007f87c8097000,0x00007f87c8198000)]

siginfo:si_signo=SIGSEGV: si_errno=0, si_code=2 (SEGV_ACCERR), si_addr=0x00007f87d5a9dff0

Registers:
RAX=0x00000000ec160808, RBX=0x00007f878c0a3780, RCX=0x000000000000fca1, RDX=0x000000000000fca0
RSP=0x00007f87c81961a0, RBP=0x00007f87c8196250, RSI=0x0000000000000000, RDI=0x0000000000000020
R8 =0x00007f87a024a700, R9 =0x0000000000000000, R10=0x0000000000000022, R11=0x0000000000000206
R12=0x00007f878c0a3d80, R13=0x00007f87d5a9dfe8, R14=0x00007f87c81961e0, R15=0x0000000000000000
RIP=0x00007f87d48bf216, EFLAGS=0x0000000000010246, CSGSFS=0x0000000000000033, ERR=0x0000000000000004
  TRAPNO=0x000000000000000e

Top of Stack: (sp=0x00007f87c81961a0)
0x00007f87c81961a0:   0000000000000000 00007f87a01893c0
0x00007f87c81961b0:   00007f87d5b9a960 00007f87c90060d8
0x00007f87c81961c0:   00007f87c9005310 00007f8700000000
0x00007f87c81961d0:   00007f87d5b9aa48 00007f87d5b9aa08
0x00007f87c81961e0:   00007f87d5b9a960 00007f87c90060d8
0x00007f87c81961f0:   00007f87c9005310 00007f8700000000
0x00007f87c8196200:   00007f87d5b9aa48 00007f87d5b9aa08
0x00007f87c8196210:   00007f87cc1e3a00 cd7bd2f9a6d4d300
0x00007f87c8196220:   0000000000000000 00007f87cc1e3a00
0x00007f87c8196230:   0000000000000000 00007f87cc00d000
0x00007f87c8196240:   00007f87a0006d20 00007f87cc00d000
0x00007f87c8196250:   00007f87c8196330 00007f87d45f47e8
0x00007f87c8196260:   00007f87c81962d0 00007f87d4874ea9
0x00007f87c8196270:   00007f87d5b9aa08 cd7bd2f9a6d4d300
0x00007f87c8196280:   00000000000083b0 00000001a6d4d300
0x00007f87c8196290:   00007f87cc1e4000 00007f878c0ab158
0x00007f87c81962a0:   00007f878c0a3d80 00007f878c0a3170
0x00007f87c81962b0:   00007f87cc004a10 00007f87cc1e3a00
0x00007f87c81962c0:   00007f87c8196330 00007f87d4874ea9
0x00007f87c81962d0:   00007f87d5b9a910 cd7bd2f9a6d4d300
0x00007f87c81962e0:   00007f87c9005310 0000000000000001
0x00007f87c81962f0:   00007f87d4d39f38 cd7bd2f9a6d4d300
0x00007f87c8196300:   00007f87a0006d20 0000000000000001
0x00007f87c8196310:   00007f87d4d39f38 00007f87cc00d000
0x00007f87c8196320:   00007f87a0006d20 00007f878c0a3780
0x00007f87c8196330:   00007f87c81969c0 00007f87d45f4c55
0x00007f87c8196340:   00007f87c81963e0 00000000000003d8
0x00007f87c8196350:   00007f87cc1e3a00 00007f87cc1e4a48
0x00007f87c8196360:   00007f87cc1e4670 00007f87a0006d20
0x00007f87c8196370:   00007f87c8196390 00007f87cc1e4660
0x00007f87c8196380:   00007f87cc1e4000 00007f87cc004a10
0x00007f87c8196390:   00007f87cc1e4000 00007f87cc1e4a50 

Instructions: (pc=0x00007f87d48bf216)
0x00007f87d48bf1f6:   89 45 b0 48 8b 43 30 48 89 45 b8 e8 ea 3b ba ff
0x00007f87d48bf206:   49 39 c5 0f 82 11 01 00 00 31 f6 bf 20 00 00 00
0x00007f87d48bf216:   4d 8b 7d 08 e8 21 7e f0 ff 48 85 c0 49 89 c0 74
0x00007f87d48bf226:   17 4c 89 38 48 c7 40 10 00 00 00 00 4c 89 68 08 

Register to memory mapping:

RAX=0x00000000ec160808 is an oop
java.lang.NullPointerException 
 - klass: 'java/lang/NullPointerException'
RBX=0x00007f878c0a3780 is an unknown value
RCX=0x000000000000fca1 is an unknown value
RDX=0x000000000000fca0 is an unknown value
RSP=0x00007f87c81961a0 is pointing into the stack for thread: 0x00007f87cc1e4000
RBP=0x00007f87c8196250 is pointing into the stack for thread: 0x00007f87cc1e4000
RSI=0x0000000000000000 is an unknown value
RDI=0x0000000000000020 is an unknown value
R8 =0x00007f87a024a700 is an unknown value
R9 =0x0000000000000000 is an unknown value
R10=0x0000000000000022 is an unknown value
R11=0x0000000000000206 is an unknown value
R12=0x00007f878c0a3d80 is an unknown value
R13=0x00007f87d5a9dfe8 is pointing into the stack for thread: 0x00007f87cc00d000
R14=0x00007f87c81961e0 is pointing into the stack for thread: 0x00007f87cc1e4000
R15=0x0000000000000000 is an unknown value


Stack: [0x00007f87c8097000,0x00007f87c8198000],  sp=0x00007f87c81961a0,  free space=1020k
Native frames: (J=compiled Java code, j=interpreted, Vv=VM code, C=native code)
V  [libjvm.so+0x97e216]  interpretedVFrame::monitors() const+0x1c6
V  [libjvm.so+0x6b37e8]  JvmtiEnvBase::get_locked_objects_in_frame(JavaThread*, JavaThread*, javaVFrame*, GrowableArray<_jvmtiMonitorStackDepthInfo*>*, int)+0x88
V  [libjvm.so+0x6b3c55]  JvmtiEnvBase::get_owned_monitors(JavaThread*, JavaThread*, GrowableArray<_jvmtiMonitorStackDepthInfo*>*)+0x115
V  [libjvm.so+0x6a8dce]  JvmtiEnv::GetOwnedMonitorInfo(JavaThread*, int*, _jobject***)+0xfe
V  [libjvm.so+0x6625c7]  jvmti_GetOwnedMonitorInfo+0x187
C  [libjdwp.so+0xa3e6]
C  [libjdwp.so+0x11b08]
C  [libjdwp.so+0x23f65]
V  [libjvm.so+0x6ca221]  JvmtiAgentThread::start_function_wrapper(JavaThread*, Thread*)+0xa1
V  [libjvm.so+0x937cc8]  JavaThread::thread_main_inner()+0x118
V  [libjvm.so+0x937f51]  JavaThread::run()+0x231
V  [libjvm.so+0x7fa442]  java_start(Thread*)+0xf2


---------------  P R O C E S S  ---------------

Java Threads: ( => current thread )
  0x00007f87cc30e000 JavaThread "AWT-XAWT" daemon [_thread_in_native, id=20948, stack(0x00007f8783eff000,0x00007f8784000000)]
  0x00007f87cc2ea000 JavaThread "Java2D Disposer" daemon [_thread_blocked, id=20947, stack(0x00007f87b04ad000,0x00007f87b05ae000)]
  0x00007f87cc1ef000 JavaThread "Service Thread" daemon [_thread_blocked, id=20945, stack(0x00007f87b9566000,0x00007f87b9667000)]
  0x00007f87cc1ec800 JavaThread "C2 CompilerThread1" daemon [_thread_blocked, id=20944, stack(0x00007f87b9667000,0x00007f87b9768000)]
  0x00007f87cc1ea000 JavaThread "C2 CompilerThread0" daemon [_thread_blocked, id=20943, stack(0x00007f87b9768000,0x00007f87b9869000)]
  0x00007f87a0001000 JavaThread "JDWP Command Reader" daemon [_thread_in_native, id=20940, stack(0x00007f87b9869000,0x00007f87b996a000)]
  0x00007f87cc1e7800 JavaThread "JDWP Event Helper Thread" daemon [_thread_blocked, id=20939, stack(0x00007f87b996a000,0x00007f87b9a6b000)]
=>0x00007f87cc1e4000 JavaThread "JDWP Transport Listener: dt_socket" daemon [_thread_in_vm, id=20938, stack(0x00007f87c8097000,0x00007f87c8198000)]
  0x00007f87cc170000 JavaThread "Signal Dispatcher" daemon [_thread_blocked, id=20934, stack(0x00007f87c8cfd000,0x00007f87c8dfe000)]
  0x00007f87cc146800 JavaThread "Finalizer" daemon [_thread_blocked, id=20933, stack(0x00007f87c8dfe000,0x00007f87c8eff000)]
  0x00007f87cc144000 JavaThread "Reference Handler" daemon [_thread_blocked, id=20932, stack(0x00007f87c8eff000,0x00007f87c9000000)]
  0x00007f87cc00d000 JavaThread "main" [_thread_blocked, id=20925, stack(0x00007f87d5a9b000,0x00007f87d5b9c000)]

Other Threads:
  0x00007f87cc140000 VMThread [stack: 0x00007f87d0088000,0x00007f87d0189000] [id=20931]
  0x00007f87cc1fa000 WatcherThread [stack: 0x00007f87b9465000,0x00007f87b9566000] [id=20946]

VM state:not at safepoint (normal execution)

VM Mutex/Monitor currently owned by a thread: None

Heap
 PSYoungGen      total 18432K, used 5660K [0x00000000ebc00000, 0x00000000ed080000, 0x0000000100000000)
  eden space 15872K, 35% used [0x00000000ebc00000,0x00000000ec187070,0x00000000ecb80000)
  from space 2560K, 0% used [0x00000000ece00000,0x00000000ece00000,0x00000000ed080000)
  to   space 2560K, 0% used [0x00000000ecb80000,0x00000000ecb80000,0x00000000ece00000)
 ParOldGen       total 41472K, used 0K [0x00000000c3400000, 0x00000000c5c80000, 0x00000000ebc00000)
  object space 41472K, 0% used [0x00000000c3400000,0x00000000c3400000,0x00000000c5c80000)
 PSPermGen       total 21504K, used 7331K [0x00000000b8e00000, 0x00000000ba300000, 0x00000000c3400000)
  object space 21504K, 34% used [0x00000000b8e00000,0x00000000b9528cb0,0x00000000ba300000)

Card table byte_map: [0x00007f87d1b37000,0x00007f87d1d71000] byte_map_base: 0x00007f87d1570000

Polling page: 0x00007f87d5bbb000

Code Cache  [0x00007f87c9000000, 0x00007f87c9270000, 0x00007f87cc000000)
 total_blobs=355 nmethods=3 adapters=314 free_code_cache=48672Kb largest_free_block=49836160

Compilation events (6 events):
Event: 0.371 Thread 0x00007f87cc1ec800    1             java.lang.String::indexOf (70 bytes)
Event: 0.378 Thread 0x00007f87cc1ea000    2             java.lang.String::hashCode (55 bytes)
Event: 0.383 Thread 0x00007f87cc1ea000 nmethod 2 0x00007f87c9061cd0 code [0x00007f87c9061e20, 0x00007f87c9061fb8]
Event: 0.388 Thread 0x00007f87cc1ec800 nmethod 1 0x00007f87c9061890 code [0x00007f87c90619e0, 0x00007f87c9061ba8]
Event: 0.601 Thread 0x00007f87cc1ea000    3             sun.nio.cs.UTF_8$Encoder::encode (361 bytes)
Event: 0.634 Thread 0x00007f87cc1ea000 nmethod 3 0x00007f87c9078310 code [0x00007f87c90784a0, 0x00007f87c9078b68]

GC Heap History (0 events):
No events

Deoptimization events (0 events):
No events

Internal exceptions (10 events):
Event: 0.664 Thread 0x00007f87cc30e000 Threw 0x00000000ec007748 at /build/buildd/openjdk-7-7u79-2.5.5/build/openjdk/hotspot/src/share/vm/prims/jvm.cpp:1284
Event: 0.678 Thread 0x00007f87cc30e000 Threw 0x00000000ec025e70 at /build/buildd/openjdk-7-7u79-2.5.5/build/openjdk/hotspot/src/share/vm/prims/jvm.cpp:1284
Event: 0.684 Thread 0x00007f87cc30e000 Threw 0x00000000ec02b680 at /build/buildd/openjdk-7-7u79-2.5.5/build/openjdk/hotspot/src/share/vm/prims/jvm.cpp:1284
Event: 0.688 Thread 0x00007f87cc30e000 Threw 0x00000000ec0370c0 at /build/buildd/openjdk-7-7u79-2.5.5/build/openjdk/hotspot/src/share/vm/prims/jvm.cpp:1284
Event: 0.690 Thread 0x00007f87cc30e000 Threw 0x00000000ec098e88 at /build/buildd/openjdk-7-7u79-2.5.5/build/openjdk/hotspot/src/share/vm/prims/jvm.cpp:1284
Event: 0.736 Thread 0x00007f87cc00d000 Threw 0x00000000ec1158e8 at /build/buildd/openjdk-7-7u79-2.5.5/build/openjdk/hotspot/src/share/vm/prims/jvm.cpp:1284
Event: 0.738 Thread 0x00007f87cc00d000 Threw 0x00000000ec116f08 at /build/buildd/openjdk-7-7u79-2.5.5/build/openjdk/hotspot/src/share/vm/prims/jvm.cpp:1284
Event: 0.741 Thread 0x00007f87cc00d000 Threw 0x00000000ec11fa30 at /build/buildd/openjdk-7-7u79-2.5.5/build/openjdk/hotspot/src/share/vm/prims/jvm.cpp:1284
Event: 0.741 Thread 0x00007f87cc00d000 Threw 0x00000000ec121050 at /build/buildd/openjdk-7-7u79-2.5.5/build/openjdk/hotspot/src/share/vm/prims/jvm.cpp:1284
Event: 0.764 Thread 0x00007f87cc00d000 Threw 0x00000000ec160808 at /build/buildd/openjdk-7-7u79-2.5.5/build/openjdk/hotspot/src/share/vm/interpreter/linkResolver.cpp:895

Events (10 events):
Event: 149.897 Executing VM operation: RedefineClasses
Event: 149.897 Executing VM operation: RedefineClasses done
Event: 149.901 Executing VM operation: EnterInterpOnlyMode
Event: 149.901 Executing VM operation: EnterInterpOnlyMode done
Event: 149.901 Executing VM operation: GetCurrentLocation
Event: 149.901 Executing VM operation: GetCurrentLocation done
Event: 149.901 Executing VM operation: ChangeSingleStep
Event: 149.901 Executing VM operation: ChangeSingleStep done
Event: 149.901 Executing VM operation: ChangeSingleStep
Event: 149.901 Executing VM operation: ChangeSingleStep done


Dynamic libraries:
00400000-00401000 r-xp 00000000 08:02 134932                             /usr/lib/jvm/java-7-openjdk-amd64/jre/bin/java
00600000-00601000 r--p 00000000 08:02 134932                             /usr/lib/jvm/java-7-openjdk-amd64/jre/bin/java
00601000-00602000 rw-p 00001000 08:02 134932                             /usr/lib/jvm/java-7-openjdk-amd64/jre/bin/java
0151f000-01540000 rw-p 00000000 00:00 0                                  [heap]
b8e00000-ba300000 rw-p 00000000 00:00 0 
ba300000-c3400000 rw-p 00000000 00:00 0 
c3400000-c5c80000 rw-p 00000000 00:00 0 
c5c80000-ebc00000 rw-p 00000000 00:00 0 
ebc00000-ed080000 rw-p 00000000 00:00 0 
ed080000-100000000 rw-p 00000000 00:00 0 
7f8778000000-7f8778021000 rw-p 00000000 00:00 0 
7f8778021000-7f877c000000 ---p 00000000 00:00 0 
7f877c000000-7f877c021000 rw-p 00000000 00:00 0 
7f877c021000-7f8780000000 ---p 00000000 00:00 0 
7f87835ff000-7f87838d9000 rw-p 00000000 00:00 0 
7f87838d9000-7f87838f3000 r-xp 00000000 08:02 8388712                    /usr/lib/x86_64-linux-gnu/libdbusmenu-glib.so.4.0.12
7f87838f3000-7f8783af3000 ---p 0001a000 08:02 8388712                    /usr/lib/x86_64-linux-gnu/libdbusmenu-glib.so.4.0.12
7f8783af3000-7f8783af5000 r--p 0001a000 08:02 8388712                    /usr/lib/x86_64-linux-gnu/libdbusmenu-glib.so.4.0.12
7f8783af5000-7f8783af6000 rw-p 0001c000 08:02 8388712                    /usr/lib/x86_64-linux-gnu/libdbusmenu-glib.so.4.0.12
7f8783af6000-7f8783afc000 r-xp 00000000 08:02 8392516                    /usr/lib/jayatana/libjayatana.so
7f8783afc000-7f8783cfb000 ---p 00006000 08:02 8392516                    /usr/lib/jayatana/libjayatana.so
7f8783cfb000-7f8783cfc000 r--p 00005000 08:02 8392516                    /usr/lib/jayatana/libjayatana.so
7f8783cfc000-7f8783cfd000 rw-p 00006000 08:02 8392516                    /usr/lib/jayatana/libjayatana.so
7f8783cfd000-7f8783cfe000 r-xp 00000000 08:02 133245                     /usr/lib/jvm/java-7-openjdk-amd64/jre/lib/amd64/libjawt.so
7f8783cfe000-7f8783efd000 ---p 00001000 08:02 133245                     /usr/lib/jvm/java-7-openjdk-amd64/jre/lib/amd64/libjawt.so
7f8783efd000-7f8783efe000 r--p 00000000 08:02 133245                     /usr/lib/jvm/java-7-openjdk-amd64/jre/lib/amd64/libjawt.so
7f8783efe000-7f8783eff000 rw-p 00001000 08:02 133245                     /usr/lib/jvm/java-7-openjdk-amd64/jre/lib/amd64/libjawt.so
7f8783eff000-7f8783f02000 ---p 00000000 00:00 0 
7f8783f02000-7f8784000000 rw-p 00000000 00:00 0                          [stack:20948]
7f8784000000-7f8784021000 rw-p 00000000 00:00 0 
7f8784021000-7f8788000000 ---p 00000000 00:00 0 
7f8788000000-7f8788021000 rw-p 00000000 00:00 0 
7f8788021000-7f878c000000 ---p 00000000 00:00 0 
7f878c000000-7f878c104000 rw-p 00000000 00:00 0 
7f878c104000-7f8790000000 ---p 00000000 00:00 0 
7f8790000000-7f879003e000 rw-p 00000000 00:00 0 
7f879003e000-7f8794000000 ---p 00000000 00:00 0 
7f8794000000-7f8794021000 rw-p 00000000 00:00 0 
7f8794021000-7f8798000000 ---p 00000000 00:00 0 
7f8798000000-7f8798021000 rw-p 00000000 00:00 0 
7f8798021000-7f879c000000 ---p 00000000 00:00 0 
7f879c000000-7f879c021000 rw-p 00000000 00:00 0 
7f879c021000-7f87a0000000 ---p 00000000 00:00 0 
7f87a0000000-7f87a0253000 rw-p 00000000 00:00 0 
7f87a0253000-7f87a4000000 ---p 00000000 00:00 0 
7f87a4000000-7f87a4021000 rw-p 00000000 00:00 0 
7f87a4021000-7f87a8000000 ---p 00000000 00:00 0 
7f87a8000000-7f87a8021000 rw-p 00000000 00:00 0 
7f87a8021000-7f87ac000000 ---p 00000000 00:00 0 
7f87ac000000-7f87ac021000 rw-p 00000000 00:00 0 
7f87ac021000-7f87b0000000 ---p 00000000 00:00 0 
7f87b009d000-7f87b00a2000 r-xp 00000000 08:02 8395997                    /usr/lib/x86_64-linux-gnu/libXfixes.so.3.1.0
7f87b00a2000-7f87b02a1000 ---p 00005000 08:02 8395997                    /usr/lib/x86_64-linux-gnu/libXfixes.so.3.1.0
7f87b02a1000-7f87b02a2000 r--p 00004000 08:02 8395997                    /usr/lib/x86_64-linux-gnu/libXfixes.so.3.1.0
7f87b02a2000-7f87b02a3000 rw-p 00005000 08:02 8395997                    /usr/lib/x86_64-linux-gnu/libXfixes.so.3.1.0
7f87b02a3000-7f87b02ac000 r-xp 00000000 08:02 8396731                    /usr/lib/x86_64-linux-gnu/libXcursor.so.1.0.2
7f87b02ac000-7f87b04ab000 ---p 00009000 08:02 8396731                    /usr/lib/x86_64-linux-gnu/libXcursor.so.1.0.2
7f87b04ab000-7f87b04ac000 r--p 00008000 08:02 8396731                    /usr/lib/x86_64-linux-gnu/libXcursor.so.1.0.2
7f87b04ac000-7f87b04ad000 rw-p 00009000 08:02 8396731                    /usr/lib/x86_64-linux-gnu/libXcursor.so.1.0.2
7f87b04ad000-7f87b04b0000 ---p 00000000 00:00 0 
7f87b04b0000-7f87b05ae000 rw-p 00000000 00:00 0                          [stack:20947]
7f87b05ae000-7f87b05b1000 r-xp 00000000 08:02 2884548                    /lib/x86_64-linux-gnu/libkeyutils.so.1.5
7f87b05b1000-7f87b07b0000 ---p 00003000 08:02 2884548                    /lib/x86_64-linux-gnu/libkeyutils.so.1.5
7f87b07b0000-7f87b07b1000 r--p 00002000 08:02 2884548                    /lib/x86_64-linux-gnu/libkeyutils.so.1.5
7f87b07b1000-7f87b07b2000 rw-p 00003000 08:02 2884548                    /lib/x86_64-linux-gnu/libkeyutils.so.1.5
7f87b07b2000-7f87b081e000 r-xp 00000000 08:02 2884467                    /lib/x86_64-linux-gnu/libpcre.so.3.13.1
7f87b081e000-7f87b0a1d000 ---p 0006c000 08:02 2884467                    /lib/x86_64-linux-gnu/libpcre.so.3.13.1
7f87b0a1d000-7f87b0a1e000 r--p 0006b000 08:02 2884467                    /lib/x86_64-linux-gnu/libpcre.so.3.13.1
7f87b0a1e000-7f87b0a1f000 rw-p 0006c000 08:02 2884467                    /lib/x86_64-linux-gnu/libpcre.so.3.13.1
7f87b0a1f000-7f87b0a44000 r-xp 00000000 08:02 2884579                    /lib/x86_64-linux-gnu/libpng12.so.0.51.0
7f87b0a44000-7f87b0c43000 ---p 00025000 08:02 2884579                    /lib/x86_64-linux-gnu/libpng12.so.0.51.0
7f87b0c43000-7f87b0c44000 r--p 00024000 08:02 2884579                    /lib/x86_64-linux-gnu/libpng12.so.0.51.0
7f87b0c44000-7f87b0c45000 rw-p 00025000 08:02 2884579                    /lib/x86_64-linux-gnu/libpng12.so.0.51.0
7f87b0c45000-7f87b0c8b000 r-xp 00000000 08:02 2884461                    /lib/x86_64-linux-gnu/libdbus-1.so.3.8.9
7f87b0c8b000-7f87b0e8b000 ---p 00046000 08:02 2884461                    /lib/x86_64-linux-gnu/libdbus-1.so.3.8.9
7f87b0e8b000-7f87b0e8c000 r--p 00046000 08:02 2884461                    /lib/x86_64-linux-gnu/libdbus-1.so.3.8.9
7f87b0e8c000-7f87b0e8d000 rw-p 00047000 08:02 2884461                    /lib/x86_64-linux-gnu/libdbus-1.so.3.8.9
7f87b0e8d000-7f87b0f0b000 r-xp 00000000 08:02 8390130                    /usr/lib/x86_64-linux-gnu/libgmp.so.10.2.0
7f87b0f0b000-7f87b110b000 ---p 0007e000 08:02 8390130                    /usr/lib/x86_64-linux-gnu/libgmp.so.10.2.0
7f87b110b000-7f87b110c000 r--p 0007e000 08:02 8390130                    /usr/lib/x86_64-linux-gnu/libgmp.so.10.2.0
7f87b110c000-7f87b110d000 rw-p 0007f000 08:02 8390130                    /usr/lib/x86_64-linux-gnu/libgmp.so.10.2.0
7f87b110d000-7f87b113a000 r-xp 00000000 08:02 8390134                    /usr/lib/x86_64-linux-gnu/libhogweed.so.2.5
7f87b113a000-7f87b1339000 ---p 0002d000 08:02 8390134                    /usr/lib/x86_64-linux-gnu/libhogweed.so.2.5
7f87b1339000-7f87b133a000 r--p 0002c000 08:02 8390134                    /usr/lib/x86_64-linux-gnu/libhogweed.so.2.5
7f87b133a000-7f87b133b000 rw-p 0002d000 08:02 8390134                    /usr/lib/x86_64-linux-gnu/libhogweed.so.2.5
7f87b133b000-7f87b136b000 r-xp 00000000 08:02 8390132                    /usr/lib/x86_64-linux-gnu/libnettle.so.4.7
7f87b136b000-7f87b156a000 ---p 00030000 08:02 8390132                    /usr/lib/x86_64-linux-gnu/libnettle.so.4.7
7f87b156a000-7f87b156b000 r--p 0002f000 08:02 8390132                    /usr/lib/x86_64-linux-gnu/libnettle.so.4.7
7f87b156b000-7f87b156c000 rw-p 00030000 08:02 8390132                    /usr/lib/x86_64-linux-gnu/libnettle.so.4.7
7f87b156c000-7f87b157d000 r-xp 00000000 08:02 8394287                    /usr/lib/x86_64-linux-gnu/libtasn1.so.6.3.2
7f87b157d000-7f87b177d000 ---p 00011000 08:02 8394287                    /usr/lib/x86_64-linux-gnu/libtasn1.so.6.3.2
7f87b177d000-7f87b177f000 r--p 00011000 08:02 8394287                    /usr/lib/x86_64-linux-gnu/libtasn1.so.6.3.2
7f87b177f000-7f87b1780000 rw-p 00013000 08:02 8394287                    /usr/lib/x86_64-linux-gnu/libtasn1.so.6.3.2
7f87b1780000-7f87b17bc000 r-xp 00000000 08:02 8392824                    /usr/lib/x86_64-linux-gnu/libp11-kit.so.0.0.0
7f87b17bc000-7f87b19bb000 ---p 0003c000 08:02 8392824                    /usr/lib/x86_64-linux-gnu/libp11-kit.so.0.0.0
7f87b19bb000-7f87b19c4000 r--p 0003b000 08:02 8392824                    /usr/lib/x86_64-linux-gnu/libp11-kit.so.0.0.0
7f87b19c4000-7f87b19c6000 rw-p 00044000 08:02 8392824                    /usr/lib/x86_64-linux-gnu/libp11-kit.so.0.0.0
7f87b19c6000-7f87b19d0000 r-xp 00000000 08:02 8396512                    /usr/lib/x86_64-linux-gnu/libkrb5support.so.0.1
7f87b19d0000-7f87b1bcf000 ---p 0000a000 08:02 8396512                    /usr/lib/x86_64-linux-gnu/libkrb5support.so.0.1
7f87b1bcf000-7f87b1bd0000 r--p 00009000 08:02 8396512                    /usr/lib/x86_64-linux-gnu/libkrb5support.so.0.1
7f87b1bd0000-7f87b1bd1000 rw-p 0000a000 08:02 8396512                    /usr/lib/x86_64-linux-gnu/libkrb5support.so.0.1
7f87b1bd1000-7f87b1bd4000 r-xp 00000000 08:02 2884557                    /lib/x86_64-linux-gnu/libcom_err.so.2.1
7f87b1bd4000-7f87b1dd3000 ---p 00003000 08:02 2884557                    /lib/x86_64-linux-gnu/libcom_err.so.2.1
7f87b1dd3000-7f87b1dd4000 r--p 00002000 08:02 2884557                    /lib/x86_64-linux-gnu/libcom_err.so.2.1
7f87b1dd4000-7f87b1dd5000 rw-p 00003000 08:02 2884557                    /lib/x86_64-linux-gnu/libcom_err.so.2.1
7f87b1dd5000-7f87b1e03000 r-xp 00000000 08:02 8392734                    /usr/lib/x86_64-linux-gnu/libk5crypto.so.3.1
7f87b1e03000-7f87b2002000 ---p 0002e000 08:02 8392734                    /usr/lib/x86_64-linux-gnu/libk5crypto.so.3.1
7f87b2002000-7f87b2004000 r--p 0002d000 08:02 8392734                    /usr/lib/x86_64-linux-gnu/libk5crypto.so.3.1
7f87b2004000-7f87b2005000 rw-p 0002f000 08:02 8392734                    /usr/lib/x86_64-linux-gnu/libk5crypto.so.3.1
7f87b2005000-7f87b2006000 rw-p 00000000 00:00 0 
7f87b2006000-7f87b20c6000 r-xp 00000000 08:02 8396511                    /usr/lib/x86_64-linux-gnu/libkrb5.so.3.3
7f87b20c6000-7f87b22c6000 ---p 000c0000 08:02 8396511                    /usr/lib/x86_64-linux-gnu/libkrb5.so.3.3
7f87b22c6000-7f87b22d3000 r--p 000c0000 08:02 8396511                    /usr/lib/x86_64-linux-gnu/libkrb5.so.3.3
7f87b22d3000-7f87b22d5000 rw-p 000cd000 08:02 8396511                    /usr/lib/x86_64-linux-gnu/libkrb5.so.3.3
7f87b22d5000-7f87b22dc000 r-xp 00000000 08:02 8388691                    /usr/lib/x86_64-linux-gnu/libffi.so.6.0.4
7f87b22dc000-7f87b24db000 ---p 00007000 08:02 8388691                    /usr/lib/x86_64-linux-gnu/libffi.so.6.0.4
7f87b24db000-7f87b24dc000 r--p 00006000 08:02 8388691                    /usr/lib/x86_64-linux-gnu/libffi.so.6.0.4
7f87b24dc000-7f87b24dd000 rw-p 00007000 08:02 8388691                    /usr/lib/x86_64-linux-gnu/libffi.so.6.0.4
7f87b24dd000-7f87b24f4000 r-xp 00000000 08:02 2887612                    /lib/x86_64-linux-gnu/libresolv-2.21.so
7f87b24f4000-7f87b26f4000 ---p 00017000 08:02 2887612                    /lib/x86_64-linux-gnu/libresolv-2.21.so
7f87b26f4000-7f87b26f6000 r--p 00017000 08:02 2887612                    /lib/x86_64-linux-gnu/libresolv-2.21.so
7f87b26f6000-7f87b26f7000 rw-p 00019000 08:02 2887612                    /lib/x86_64-linux-gnu/libresolv-2.21.so
7f87b26f7000-7f87b26f9000 rw-p 00000000 00:00 0 
7f87b26f9000-7f87b271a000 r-xp 00000000 08:02 2883629                    /lib/x86_64-linux-gnu/libselinux.so.1
7f87b271a000-7f87b2919000 ---p 00021000 08:02 2883629                    /lib/x86_64-linux-gnu/libselinux.so.1
7f87b2919000-7f87b291a000 r--p 00020000 08:02 2883629                    /lib/x86_64-linux-gnu/libselinux.so.1
7f87b291a000-7f87b291b000 rw-p 00021000 08:02 2883629                    /lib/x86_64-linux-gnu/libselinux.so.1
7f87b291b000-7f87b291d000 rw-p 00000000 00:00 0 
7f87b291d000-7f87b2a2a000 r-xp 00000000 08:02 2887671                    /lib/x86_64-linux-gnu/libglib-2.0.so.0.4400.0
7f87b2a2a000-7f87b2c29000 ---p 0010d000 08:02 2887671                    /lib/x86_64-linux-gnu/libglib-2.0.so.0.4400.0
7f87b2c29000-7f87b2c2a000 r--p 0010c000 08:02 2887671                    /lib/x86_64-linux-gnu/libglib-2.0.so.0.4400.0
7f87b2c2a000-7f87b2c2b000 rw-p 0010d000 08:02 2887671                    /lib/x86_64-linux-gnu/libglib-2.0.so.0.4400.0
7f87b2c2b000-7f87b2c2c000 rw-p 00000000 00:00 0 
7f87b2c2c000-7f87b2c2f000 r-xp 00000000 08:02 8397439                    /usr/lib/x86_64-linux-gnu/libgmodule-2.0.so.0.4400.0
7f87b2c2f000-7f87b2e2e000 ---p 00003000 08:02 8397439                    /usr/lib/x86_64-linux-gnu/libgmodule-2.0.so.0.4400.0
7f87b2e2e000-7f87b2e2f000 r--p 00002000 08:02 8397439                    /usr/lib/x86_64-linux-gnu/libgmodule-2.0.so.0.4400.0
7f87b2e2f000-7f87b2e30000 rw-p 00003000 08:02 8397439                    /usr/lib/x86_64-linux-gnu/libgmodule-2.0.so.0.4400.0
7f87b2e30000-7f87b2e56000 r-xp 00000000 08:02 2883624                    /lib/x86_64-linux-gnu/libexpat.so.1.6.0
7f87b2e56000-7f87b3055000 ---p 00026000 08:02 2883624                    /lib/x86_64-linux-gnu/libexpat.so.1.6.0
7f87b3055000-7f87b3058000 r--p 00025000 08:02 2883624                    /lib/x86_64-linux-gnu/libexpat.so.1.6.0
7f87b3058000-7f87b3059000 rw-p 00028000 08:02 2883624                    /lib/x86_64-linux-gnu/libexpat.so.1.6.0
7f87b3059000-7f87b30fb000 r-xp 00000000 08:02 8402531                    /usr/lib/x86_64-linux-gnu/libfreetype.so.6.11.1
7f87b30fb000-7f87b32fa000 ---p 000a2000 08:02 8402531                    /usr/lib/x86_64-linux-gnu/libfreetype.so.6.11.1
7f87b32fa000-7f87b3300000 r--p 000a1000 08:02 8402531                    /usr/lib/x86_64-linux-gnu/libfreetype.so.6.11.1
7f87b3300000-7f87b3301000 rw-p 000a7000 08:02 8402531                    /usr/lib/x86_64-linux-gnu/libfreetype.so.6.11.1
7f87b3301000-7f87b3311000 r-xp 00000000 08:02 8392812                    /usr/lib/x86_64-linux-gnu/libavahi-client.so.3.2.9
7f87b3311000-7f87b3510000 ---p 00010000 08:02 8392812                    /usr/lib/x86_64-linux-gnu/libavahi-client.so.3.2.9
7f87b3510000-7f87b3511000 r--p 0000f000 08:02 8392812                    /usr/lib/x86_64-linux-gnu/libavahi-client.so.3.2.9
7f87b3511000-7f87b3512000 rw-p 00010000 08:02 8392812                    /usr/lib/x86_64-linux-gnu/libavahi-client.so.3.2.9
7f87b3512000-7f87b351d000 r-xp 00000000 08:02 8390400                    /usr/lib/x86_64-linux-gnu/libavahi-common.so.3.5.3
7f87b351d000-7f87b371c000 ---p 0000b000 08:02 8390400                    /usr/lib/x86_64-linux-gnu/libavahi-common.so.3.5.3
7f87b371c000-7f87b371d000 r--p 0000a000 08:02 8390400                    /usr/lib/x86_64-linux-gnu/libavahi-common.so.3.5.3
7f87b371d000-7f87b371e000 rw-p 0000b000 08:02 8390400                    /usr/lib/x86_64-linux-gnu/libavahi-common.so.3.5.3
7f87b371e000-7f87b382d000 r-xp 00000000 08:02 8398833                    /usr/lib/x86_64-linux-gnu/libgnutls-deb0.so.28.41.0
7f87b382d000-7f87b3a2d000 ---p 0010f000 08:02 8398833                    /usr/lib/x86_64-linux-gnu/libgnutls-deb0.so.28.41.0
7f87b3a2d000-7f87b3a36000 r--p 0010f000 08:02 8398833                    /usr/lib/x86_64-linux-gnu/libgnutls-deb0.so.28.41.0
7f87b3a36000-7f87b3a38000 rw-p 00118000 08:02 8398833                    /usr/lib/x86_64-linux-gnu/libgnutls-deb0.so.28.41.0
7f87b3a38000-7f87b3a7d000 r-xp 00000000 08:02 8396510                    /usr/lib/x86_64-linux-gnu/libgssapi_krb5.so.2.2
7f87b3a7d000-7f87b3c7c000 ---p 00045000 08:02 8396510                    /usr/lib/x86_64-linux-gnu/libgssapi_krb5.so.2.2
7f87b3c7c000-7f87b3c7e000 r--p 00044000 08:02 8396510                    /usr/lib/x86_64-linux-gnu/libgssapi_krb5.so.2.2
7f87b3c7e000-7f87b3c7f000 rw-p 00046000 08:02 8396510                    /usr/lib/x86_64-linux-gnu/libgssapi_krb5.so.2.2
7f87b3c7f000-7f87b3c80000 rw-p 00000000 00:00 0 
7f87b3c80000-7f87b3df8000 r-xp 00000000 08:02 8397420                    /usr/lib/x86_64-linux-gnu/libgio-2.0.so.0.4400.0
7f87b3df8000-7f87b3ff8000 ---p 00178000 08:02 8397420                    /usr/lib/x86_64-linux-gnu/libgio-2.0.so.0.4400.0
7f87b3ff8000-7f87b3ffc000 r--p 00178000 08:02 8397420                    /usr/lib/x86_64-linux-gnu/libgio-2.0.so.0.4400.0
7f87b3ffc000-7f87b3ffe000 rw-p 0017c000 08:02 8397420                    /usr/lib/x86_64-linux-gnu/libgio-2.0.so.0.4400.0
7f87b3ffe000-7f87b4000000 rw-p 00000000 00:00 0 
7f87b4000000-7f87b4021000 rw-p 00000000 00:00 0 
7f87b4021000-7f87b8000000 ---p 00000000 00:00 0 
7f87b8008000-7f87b8058000 r-xp 00000000 08:02 8396516                    /usr/lib/x86_64-linux-gnu/libgobject-2.0.so.0.4400.0
7f87b8058000-7f87b8258000 ---p 00050000 08:02 8396516                    /usr/lib/x86_64-linux-gnu/libgobject-2.0.so.0.4400.0
7f87b8258000-7f87b8259000 r--p 00050000 08:02 8396516                    /usr/lib/x86_64-linux-gnu/libgobject-2.0.so.0.4400.0
7f87b8259000-7f87b825a000 rw-p 00051000 08:02 8396516                    /usr/lib/x86_64-linux-gnu/libgobject-2.0.so.0.4400.0
7f87b825a000-7f87b8296000 r-xp 00000000 08:02 8389850                    /usr/lib/x86_64-linux-gnu/libfontconfig.so.1.8.0
7f87b8296000-7f87b8495000 ---p 0003c000 08:02 8389850                    /usr/lib/x86_64-linux-gnu/libfontconfig.so.1.8.0
7f87b8495000-7f87b8497000 r--p 0003b000 08:02 8389850                    /usr/lib/x86_64-linux-gnu/libfontconfig.so.1.8.0
7f87b8497000-7f87b8498000 rw-p 0003d000 08:02 8389850                    /usr/lib/x86_64-linux-gnu/libfontconfig.so.1.8.0
7f87b8498000-7f87b850d000 r-xp 00000000 08:02 8392309                    /usr/lib/x86_64-linux-gnu/libcups.so.2
7f87b850d000-7f87b870c000 ---p 00075000 08:02 8392309                    /usr/lib/x86_64-linux-gnu/libcups.so.2
7f87b870c000-7f87b8714000 r--p 00274000 08:02 8392309                    /usr/lib/x86_64-linux-gnu/libcups.so.2
7f87b8714000-7f87b8715000 rw-p 0027c000 08:02 8392309                    /usr/lib/x86_64-linux-gnu/libcups.so.2
7f87b8715000-7f87b8724000 r-xp 00000000 08:02 8388700                    /usr/lib/x86_64-linux-gnu/libXi.so.6.1.0
7f87b8724000-7f87b8923000 ---p 0000f000 08:02 8388700                    /usr/lib/x86_64-linux-gnu/libXi.so.6.1.0
7f87b8923000-7f87b8924000 r--p 0000e000 08:02 8388700                    /usr/lib/x86_64-linux-gnu/libXi.so.6.1.0
7f87b8924000-7f87b8925000 rw-p 0000f000 08:02 8388700                    /usr/lib/x86_64-linux-gnu/libXi.so.6.1.0
7f87b8925000-7f87b892a000 r-xp 00000000 08:02 8396765                    /usr/lib/x86_64-linux-gnu/libXtst.so.6.1.0
7f87b892a000-7f87b8b29000 ---p 00005000 08:02 8396765                    /usr/lib/x86_64-linux-gnu/libXtst.so.6.1.0
7f87b8b29000-7f87b8b2a000 r--p 00004000 08:02 8396765                    /usr/lib/x86_64-linux-gnu/libXtst.so.6.1.0
7f87b8b2a000-7f87b8b2b000 rw-p 00005000 08:02 8396765                    /usr/lib/x86_64-linux-gnu/libXtst.so.6.1.0
7f87b8b2b000-7f87b8b34000 r-xp 00000000 08:02 8390870                    /usr/lib/x86_64-linux-gnu/libXrender.so.1.3.0
7f87b8b34000-7f87b8d33000 ---p 00009000 08:02 8390870                    /usr/lib/x86_64-linux-gnu/libXrender.so.1.3.0
7f87b8d33000-7f87b8d34000 r--p 00008000 08:02 8390870                    /usr/lib/x86_64-linux-gnu/libXrender.so.1.3.0
7f87b8d34000-7f87b8d35000 rw-p 00009000 08:02 8390870                    /usr/lib/x86_64-linux-gnu/libXrender.so.1.3.0
7f87b8d35000-7f87b8d46000 r-xp 00000000 08:02 8389397                    /usr/lib/x86_64-linux-gnu/libXext.so.6.4.0
7f87b8d46000-7f87b8f45000 ---p 00011000 08:02 8389397                    /usr/lib/x86_64-linux-gnu/libXext.so.6.4.0
7f87b8f45000-7f87b8f46000 r--p 00010000 08:02 8389397                    /usr/lib/x86_64-linux-gnu/libXext.so.6.4.0
7f87b8f46000-7f87b8f47000 rw-p 00011000 08:02 8389397                    /usr/lib/x86_64-linux-gnu/libXext.so.6.4.0
7f87b8f47000-7f87b8f90000 r-xp 00000000 08:02 132840                     /usr/lib/jvm/java-7-openjdk-amd64/jre/lib/amd64/xawt/libmawt.so
7f87b8f90000-7f87b918f000 ---p 00049000 08:02 132840                     /usr/lib/jvm/java-7-openjdk-amd64/jre/lib/amd64/xawt/libmawt.so
7f87b918f000-7f87b9190000 r--p 00048000 08:02 132840                     /usr/lib/jvm/java-7-openjdk-amd64/jre/lib/amd64/xawt/libmawt.so
7f87b9190000-7f87b9193000 rw-p 00049000 08:02 132840                     /usr/lib/jvm/java-7-openjdk-amd64/jre/lib/amd64/xawt/libmawt.so
7f87b9193000-7f87b9194000 rw-p 00000000 00:00 0 
7f87b9194000-7f87b9235000 r-xp 00000000 08:02 133266                     /usr/lib/jvm/java-7-openjdk-amd64/jre/lib/amd64/libawt.so
7f87b9235000-7f87b9434000 ---p 000a1000 08:02 133266                     /usr/lib/jvm/java-7-openjdk-amd64/jre/lib/amd64/libawt.so
7f87b9434000-7f87b9435000 r--p 000a0000 08:02 133266                     /usr/lib/jvm/java-7-openjdk-amd64/jre/lib/amd64/libawt.so
7f87b9435000-7f87b9440000 rw-p 000a1000 08:02 133266                     /usr/lib/jvm/java-7-openjdk-amd64/jre/lib/amd64/libawt.so
7f87b9440000-7f87b9465000 rw-p 00000000 00:00 0 
7f87b9465000-7f87b9466000 ---p 00000000 00:00 0 
7f87b9466000-7f87b9566000 rw-p 00000000 00:00 0                          [stack:20946]
7f87b9566000-7f87b9569000 ---p 00000000 00:00 0 
7f87b9569000-7f87b9667000 rw-p 00000000 00:00 0                          [stack:20945]
7f87b9667000-7f87b966a000 ---p 00000000 00:00 0 
7f87b966a000-7f87b9768000 rw-p 00000000 00:00 0                          [stack:20944]
7f87b9768000-7f87b976b000 ---p 00000000 00:00 0 
7f87b976b000-7f87b9869000 rw-p 00000000 00:00 0                          [stack:20943]
7f87b9869000-7f87b986c000 ---p 00000000 00:00 0 
7f87b986c000-7f87b996a000 rw-p 00000000 00:00 0                          [stack:20940]
7f87b996a000-7f87b996d000 ---p 00000000 00:00 0 
7f87b996d000-7f87b9a6b000 rw-p 00000000 00:00 0                          [stack:20939]
7f87b9a6b000-7f87b9a6f000 r-xp 00000000 08:02 133553                     /usr/lib/jvm/java-7-openjdk-amd64/jre/lib/amd64/libdt_socket.so
7f87b9a6f000-7f87b9c6e000 ---p 00004000 08:02 133553                     /usr/lib/jvm/java-7-openjdk-amd64/jre/lib/amd64/libdt_socket.so
7f87b9c6e000-7f87b9c6f000 r--p 00003000 08:02 133553                     /usr/lib/jvm/java-7-openjdk-amd64/jre/lib/amd64/libdt_socket.so
7f87b9c6f000-7f87b9c70000 rw-p 00004000 08:02 133553                     /usr/lib/jvm/java-7-openjdk-amd64/jre/lib/amd64/libdt_socket.so
7f87b9c70000-7f87bc000000 rw-p 00000000 00:00 0 
7f87bc000000-7f87bc021000 rw-p 00000000 00:00 0 
7f87bc021000-7f87c0000000 ---p 00000000 00:00 0 
7f87c0000000-7f87c0021000 rw-p 00000000 00:00 0 
7f87c0021000-7f87c4000000 ---p 00000000 00:00 0 
7f87c4000000-7f87c4021000 rw-p 00000000 00:00 0 
7f87c4021000-7f87c8000000 ---p 00000000 00:00 0 
7f87c8097000-7f87c809a000 ---p 00000000 00:00 0 
7f87c809a000-7f87c8198000 rw-p 00000000 00:00 0                          [stack:20938]
7f87c8198000-7f87c819d000 r-xp 00000000 08:02 8389060                    /usr/lib/x86_64-linux-gnu/libXdmcp.so.6.0.0
7f87c819d000-7f87c839c000 ---p 00005000 08:02 8389060                    /usr/lib/x86_64-linux-gnu/libXdmcp.so.6.0.0
7f87c839c000-7f87c839d000 r--p 00004000 08:02 8389060                    /usr/lib/x86_64-linux-gnu/libXdmcp.so.6.0.0
7f87c839d000-7f87c839e000 rw-p 00005000 08:02 8389060                    /usr/lib/x86_64-linux-gnu/libXdmcp.so.6.0.0
7f87c839e000-7f87c83a0000 r-xp 00000000 08:02 8396724                    /usr/lib/x86_64-linux-gnu/libXau.so.6.0.0
7f87c83a0000-7f87c85a0000 ---p 00002000 08:02 8396724                    /usr/lib/x86_64-linux-gnu/libXau.so.6.0.0
7f87c85a0000-7f87c85a1000 r--p 00002000 08:02 8396724                    /usr/lib/x86_64-linux-gnu/libXau.so.6.0.0
7f87c85a1000-7f87c85a2000 rw-p 00003000 08:02 8396724                    /usr/lib/x86_64-linux-gnu/libXau.so.6.0.0
7f87c85a2000-7f87c85bf000 r-xp 00000000 08:02 8397794                    /usr/lib/x86_64-linux-gnu/libxcb.so.1.1.0
7f87c85bf000-7f87c87bf000 ---p 0001d000 08:02 8397794                    /usr/lib/x86_64-linux-gnu/libxcb.so.1.1.0
7f87c87bf000-7f87c87c0000 r--p 0001d000 08:02 8397794                    /usr/lib/x86_64-linux-gnu/libxcb.so.1.1.0
7f87c87c0000-7f87c87c1000 rw-p 0001e000 08:02 8397794                    /usr/lib/x86_64-linux-gnu/libxcb.so.1.1.0
7f87c87c1000-7f87c88f4000 r-xp 00000000 08:02 8393265                    /usr/lib/x86_64-linux-gnu/libX11.so.6.3.0
7f87c88f4000-7f87c8af4000 ---p 00133000 08:02 8393265                    /usr/lib/x86_64-linux-gnu/libX11.so.6.3.0
7f87c8af4000-7f87c8af5000 r--p 00133000 08:02 8393265                    /usr/lib/x86_64-linux-gnu/libX11.so.6.3.0
7f87c8af5000-7f87c8af9000 rw-p 00134000 08:02 8393265                    /usr/lib/x86_64-linux-gnu/libX11.so.6.3.0
7f87c8af9000-7f87c8afa000 rw-p 00000000 00:00 0 
7f87c8afa000-7f87c8afc000 r-xp 00000000 08:02 8392522                    /usr/lib/jayatana/libjayatanaag.so
7f87c8afc000-7f87c8cfb000 ---p 00002000 08:02 8392522                    /usr/lib/jayatana/libjayatanaag.so
7f87c8cfb000-7f87c8cfc000 r--p 00001000 08:02 8392522                    /usr/lib/jayatana/libjayatanaag.so
7f87c8cfc000-7f87c8cfd000 rw-p 00002000 08:02 8392522                    /usr/lib/jayatana/libjayatanaag.so
7f87c8cfd000-7f87c8d00000 ---p 00000000 00:00 0 
7f87c8d00000-7f87c8dfe000 rw-p 00000000 00:00 0                          [stack:20934]
7f87c8dfe000-7f87c8e01000 ---p 00000000 00:00 0 
7f87c8e01000-7f87c8eff000 rw-p 00000000 00:00 0                          [stack:20933]
7f87c8eff000-7f87c8f02000 ---p 00000000 00:00 0 
7f87c8f02000-7f87c9000000 rw-p 00000000 00:00 0                          [stack:20932]
7f87c9000000-7f87c9270000 rwxp 00000000 00:00 0 
7f87c9270000-7f87cc347000 rw-p 00000000 00:00 0 
7f87cc347000-7f87d0000000 ---p 00000000 00:00 0 
7f87d0018000-7f87d006b000 rw-p 00000000 00:00 0 
7f87d006b000-7f87d0075000 r--s 000ae000 08:02 133731                     /usr/lib/jvm/java-7-openjdk-amd64/jre/lib/resources.jar
7f87d0075000-7f87d007f000 r--s 00203000 08:02 134926                     /usr/lib/jvm/java-7-openjdk-amd64/jre/lib/charsets.jar
7f87d007f000-7f87d0088000 r--s 000ee000 08:02 8782040                    /usr/share/java/mysql-connector-java-5.1.32.jar
7f87d0088000-7f87d0089000 ---p 00000000 00:00 0 
7f87d0089000-7f87d10e1000 rw-p 00000000 00:00 0                          [stack:20931]
7f87d10e1000-7f87d1292000 r--s 01d27000 08:02 133016                     /usr/lib/jvm/java-7-openjdk-amd64/jre/lib/rt.jar
7f87d1292000-7f87d159c000 rw-p 00000000 00:00 0 
7f87d159c000-7f87d159d000 ---p 00000000 00:00 0 
7f87d159d000-7f87d169d000 rw-p 00000000 00:00 0                          [stack:20929]
7f87d169d000-7f87d169e000 ---p 00000000 00:00 0 
7f87d169e000-7f87d179e000 rw-p 00000000 00:00 0                          [stack:20928]
7f87d179e000-7f87d179f000 ---p 00000000 00:00 0 
7f87d179f000-7f87d189f000 rw-p 00000000 00:00 0                          [stack:20927]
7f87d189f000-7f87d18a0000 ---p 00000000 00:00 0 
7f87d18a0000-7f87d19ab000 rw-p 00000000 00:00 0                          [stack:20926]
7f87d19ab000-7f87d19f3000 rw-p 00000000 00:00 0 
7f87d19f3000-7f87d1a08000 rw-p 00000000 00:00 0 
7f87d1a08000-7f87d1b37000 rw-p 00000000 00:00 0 
7f87d1b37000-7f87d1b42000 rw-p 00000000 00:00 0 
7f87d1b42000-7f87d1b8a000 rw-p 00000000 00:00 0 
7f87d1b8a000-7f87d1b9f000 rw-p 00000000 00:00 0 
7f87d1b9f000-7f87d1cce000 rw-p 00000000 00:00 0 
7f87d1cce000-7f87d1cd9000 rw-p 00000000 00:00 0 
7f87d1cd9000-7f87d1d70000 rw-p 00000000 00:00 0 
7f87d1d70000-7f87d1d71000 rw-p 00000000 00:00 0 
7f87d1d71000-7f87d1d79000 r-xp 00000000 08:02 133332                     /usr/lib/jvm/java-7-openjdk-amd64/jre/lib/amd64/libzip.so
7f87d1d79000-7f87d1f78000 ---p 00008000 08:02 133332                     /usr/lib/jvm/java-7-openjdk-amd64/jre/lib/amd64/libzip.so
7f87d1f78000-7f87d1f79000 r--p 00007000 08:02 133332                     /usr/lib/jvm/java-7-openjdk-amd64/jre/lib/amd64/libzip.so
7f87d1f79000-7f87d1f7a000 rw-p 00008000 08:02 133332                     /usr/lib/jvm/java-7-openjdk-amd64/jre/lib/amd64/libzip.so
7f87d1f7a000-7f87d1f86000 r-xp 00000000 08:02 2887616                    /lib/x86_64-linux-gnu/libnss_files-2.21.so
7f87d1f86000-7f87d2185000 ---p 0000c000 08:02 2887616                    /lib/x86_64-linux-gnu/libnss_files-2.21.so
7f87d2185000-7f87d2186000 r--p 0000b000 08:02 2887616                    /lib/x86_64-linux-gnu/libnss_files-2.21.so
7f87d2186000-7f87d2187000 rw-p 0000c000 08:02 2887616                    /lib/x86_64-linux-gnu/libnss_files-2.21.so
7f87d2187000-7f87d2192000 r-xp 00000000 08:02 2883677                    /lib/x86_64-linux-gnu/libnss_nis-2.21.so
7f87d2192000-7f87d2391000 ---p 0000b000 08:02 2883677                    /lib/x86_64-linux-gnu/libnss_nis-2.21.so
7f87d2391000-7f87d2392000 r--p 0000a000 08:02 2883677                    /lib/x86_64-linux-gnu/libnss_nis-2.21.so
7f87d2392000-7f87d2393000 rw-p 0000b000 08:02 2883677                    /lib/x86_64-linux-gnu/libnss_nis-2.21.so
7f87d2393000-7f87d23aa000 r-xp 00000000 08:02 2887629                    /lib/x86_64-linux-gnu/libnsl-2.21.so
7f87d23aa000-7f87d25a9000 ---p 00017000 08:02 2887629                    /lib/x86_64-linux-gnu/libnsl-2.21.so
7f87d25a9000-7f87d25aa000 r--p 00016000 08:02 2887629                    /lib/x86_64-linux-gnu/libnsl-2.21.so
7f87d25aa000-7f87d25ab000 rw-p 00017000 08:02 2887629                    /lib/x86_64-linux-gnu/libnsl-2.21.so
7f87d25ab000-7f87d25ad000 rw-p 00000000 00:00 0 
7f87d25ad000-7f87d25b5000 r-xp 00000000 08:02 2887620                    /lib/x86_64-linux-gnu/libnss_compat-2.21.so
7f87d25b5000-7f87d27b4000 ---p 00008000 08:02 2887620                    /lib/x86_64-linux-gnu/libnss_compat-2.21.so
7f87d27b4000-7f87d27b5000 r--p 00007000 08:02 2887620                    /lib/x86_64-linux-gnu/libnss_compat-2.21.so
7f87d27b5000-7f87d27b6000 rw-p 00008000 08:02 2887620                    /lib/x86_64-linux-gnu/libnss_compat-2.21.so
7f87d27b6000-7f87d2a7f000 r--p 00000000 08:02 8392995                    /usr/lib/locale/locale-archive
7f87d2a7f000-7f87d2a82000 r-xp 00000000 08:02 133268                     /usr/lib/jvm/java-7-openjdk-amd64/jre/lib/amd64/libnpt.so
7f87d2a82000-7f87d2c81000 ---p 00003000 08:02 133268                     /usr/lib/jvm/java-7-openjdk-amd64/jre/lib/amd64/libnpt.so
7f87d2c81000-7f87d2c82000 r--p 00002000 08:02 133268                     /usr/lib/jvm/java-7-openjdk-amd64/jre/lib/amd64/libnpt.so
7f87d2c82000-7f87d2c83000 rw-p 00003000 08:02 133268                     /usr/lib/jvm/java-7-openjdk-amd64/jre/lib/amd64/libnpt.so
7f87d2c83000-7f87d2cbe000 r-xp 00000000 08:02 133653                     /usr/lib/jvm/java-7-openjdk-amd64/jre/lib/amd64/libjdwp.so
7f87d2cbe000-7f87d2ebd000 ---p 0003b000 08:02 133653                     /usr/lib/jvm/java-7-openjdk-amd64/jre/lib/amd64/libjdwp.so
7f87d2ebd000-7f87d2ebe000 r--p 0003a000 08:02 133653                     /usr/lib/jvm/java-7-openjdk-amd64/jre/lib/amd64/libjdwp.so
7f87d2ebe000-7f87d2ebf000 rw-p 0003b000 08:02 133653                     /usr/lib/jvm/java-7-openjdk-amd64/jre/lib/amd64/libjdwp.so
7f87d2ebf000-7f87d2ec0000 rw-p 00000000 00:00 0 
7f87d2ec0000-7f87d2eca000 r-xp 00000000 08:02 133240                     /usr/lib/jvm/java-7-openjdk-amd64/jre/lib/amd64/libinstrument.so
7f87d2eca000-7f87d30c9000 ---p 0000a000 08:02 133240                     /usr/lib/jvm/java-7-openjdk-amd64/jre/lib/amd64/libinstrument.so
7f87d30c9000-7f87d30ca000 r--p 00009000 08:02 133240                     /usr/lib/jvm/java-7-openjdk-amd64/jre/lib/amd64/libinstrument.so
7f87d30ca000-7f87d30cb000 rw-p 0000a000 08:02 133240                     /usr/lib/jvm/java-7-openjdk-amd64/jre/lib/amd64/libinstrument.so
7f87d30cb000-7f87d30f8000 r-xp 00000000 08:02 133554                     /usr/lib/jvm/java-7-openjdk-amd64/jre/lib/amd64/libjava.so
7f87d30f8000-7f87d32f7000 ---p 0002d000 08:02 133554                     /usr/lib/jvm/java-7-openjdk-amd64/jre/lib/amd64/libjava.so
7f87d32f7000-7f87d32f8000 r--p 0002c000 08:02 133554                     /usr/lib/jvm/java-7-openjdk-amd64/jre/lib/amd64/libjava.so
7f87d32f8000-7f87d32fa000 rw-p 0002d000 08:02 133554                     /usr/lib/jvm/java-7-openjdk-amd64/jre/lib/amd64/libjava.so
7f87d32fa000-7f87d3309000 r-xp 00000000 08:02 133547                     /usr/lib/jvm/java-7-openjdk-amd64/jre/lib/amd64/libverify.so
7f87d3309000-7f87d3508000 ---p 0000f000 08:02 133547                     /usr/lib/jvm/java-7-openjdk-amd64/jre/lib/amd64/libverify.so
7f87d3508000-7f87d350b000 r--p 0000e000 08:02 133547                     /usr/lib/jvm/java-7-openjdk-amd64/jre/lib/amd64/libverify.so
7f87d350b000-7f87d350c000 rw-p 00011000 08:02 133547                     /usr/lib/jvm/java-7-openjdk-amd64/jre/lib/amd64/libverify.so
7f87d350c000-7f87d3513000 r-xp 00000000 08:02 2887631                    /lib/x86_64-linux-gnu/librt-2.21.so
7f87d3513000-7f87d3712000 ---p 00007000 08:02 2887631                    /lib/x86_64-linux-gnu/librt-2.21.so
7f87d3712000-7f87d3713000 r--p 00006000 08:02 2887631                    /lib/x86_64-linux-gnu/librt-2.21.so
7f87d3713000-7f87d3714000 rw-p 00007000 08:02 2887631                    /lib/x86_64-linux-gnu/librt-2.21.so
7f87d3714000-7f87d372a000 r-xp 00000000 08:02 2883678                    /lib/x86_64-linux-gnu/libgcc_s.so.1
7f87d372a000-7f87d3929000 ---p 00016000 08:02 2883678                    /lib/x86_64-linux-gnu/libgcc_s.so.1
7f87d3929000-7f87d392a000 rw-p 00015000 08:02 2883678                    /lib/x86_64-linux-gnu/libgcc_s.so.1
7f87d392a000-7f87d3a31000 r-xp 00000000 08:02 2887624                    /lib/x86_64-linux-gnu/libm-2.21.so
7f87d3a31000-7f87d3c30000 ---p 00107000 08:02 2887624                    /lib/x86_64-linux-gnu/libm-2.21.so
7f87d3c30000-7f87d3c31000 r--p 00106000 08:02 2887624                    /lib/x86_64-linux-gnu/libm-2.21.so
7f87d3c31000-7f87d3c32000 rw-p 00107000 08:02 2887624                    /lib/x86_64-linux-gnu/libm-2.21.so
7f87d3c32000-7f87d3d22000 r-xp 00000000 08:02 8389681                    /usr/lib/x86_64-linux-gnu/libstdc++.so.6.0.20
7f87d3d22000-7f87d3f22000 ---p 000f0000 08:02 8389681                    /usr/lib/x86_64-linux-gnu/libstdc++.so.6.0.20
7f87d3f22000-7f87d3f2a000 r--p 000f0000 08:02 8389681                    /usr/lib/x86_64-linux-gnu/libstdc++.so.6.0.20
7f87d3f2a000-7f87d3f2c000 rw-p 000f8000 08:02 8389681                    /usr/lib/x86_64-linux-gnu/libstdc++.so.6.0.20
7f87d3f2c000-7f87d3f41000 rw-p 00000000 00:00 0 
7f87d3f41000-7f87d4a98000 r-xp 00000000 08:02 133243                     /usr/lib/jvm/java-7-openjdk-amd64/jre/lib/amd64/server/libjvm.so
7f87d4a98000-7f87d4c97000 ---p 00b57000 08:02 133243                     /usr/lib/jvm/java-7-openjdk-amd64/jre/lib/amd64/server/libjvm.so
7f87d4c97000-7f87d4d36000 r--p 00b56000 08:02 133243                     /usr/lib/jvm/java-7-openjdk-amd64/jre/lib/amd64/server/libjvm.so
7f87d4d36000-7f87d4d59000 rw-p 00bf5000 08:02 133243                     /usr/lib/jvm/java-7-openjdk-amd64/jre/lib/amd64/server/libjvm.so
7f87d4d59000-7f87d4d86000 rw-p 00000000 00:00 0 
7f87d4d86000-7f87d4d9f000 r-xp 00000000 08:02 2884449                    /lib/x86_64-linux-gnu/libz.so.1.2.8
7f87d4d9f000-7f87d4f9f000 ---p 00019000 08:02 2884449                    /lib/x86_64-linux-gnu/libz.so.1.2.8
7f87d4f9f000-7f87d4fa0000 r--p 00019000 08:02 2884449                    /lib/x86_64-linux-gnu/libz.so.1.2.8
7f87d4fa0000-7f87d4fa1000 rw-p 0001a000 08:02 2884449                    /lib/x86_64-linux-gnu/libz.so.1.2.8
7f87d4fa1000-7f87d4fb9000 r-xp 00000000 08:02 2887606                    /lib/x86_64-linux-gnu/libpthread-2.21.so
7f87d4fb9000-7f87d51b9000 ---p 00018000 08:02 2887606                    /lib/x86_64-linux-gnu/libpthread-2.21.so
7f87d51b9000-7f87d51ba000 r--p 00018000 08:02 2887606                    /lib/x86_64-linux-gnu/libpthread-2.21.so
7f87d51ba000-7f87d51bb000 rw-p 00019000 08:02 2887606                    /lib/x86_64-linux-gnu/libpthread-2.21.so
7f87d51bb000-7f87d51bf000 rw-p 00000000 00:00 0 
7f87d51bf000-7f87d51c2000 r-xp 00000000 08:02 2887583                    /lib/x86_64-linux-gnu/libdl-2.21.so
7f87d51c2000-7f87d53c1000 ---p 00003000 08:02 2887583                    /lib/x86_64-linux-gnu/libdl-2.21.so
7f87d53c1000-7f87d53c2000 r--p 00002000 08:02 2887583                    /lib/x86_64-linux-gnu/libdl-2.21.so
7f87d53c2000-7f87d53c3000 rw-p 00003000 08:02 2887583                    /lib/x86_64-linux-gnu/libdl-2.21.so
7f87d53c3000-7f87d5583000 r-xp 00000000 08:02 2887636                    /lib/x86_64-linux-gnu/libc-2.21.so
7f87d5583000-7f87d5783000 ---p 001c0000 08:02 2887636                    /lib/x86_64-linux-gnu/libc-2.21.so
7f87d5783000-7f87d5787000 r--p 001c0000 08:02 2887636                    /lib/x86_64-linux-gnu/libc-2.21.so
7f87d5787000-7f87d5789000 rw-p 001c4000 08:02 2887636                    /lib/x86_64-linux-gnu/libc-2.21.so
7f87d5789000-7f87d578d000 rw-p 00000000 00:00 0 
7f87d578d000-7f87d579a000 r-xp 00000000 08:02 133551                     /usr/lib/jvm/java-7-openjdk-amd64/jre/lib/amd64/jli/libjli.so
7f87d579a000-7f87d5999000 ---p 0000d000 08:02 133551                     /usr/lib/jvm/java-7-openjdk-amd64/jre/lib/amd64/jli/libjli.so
7f87d5999000-7f87d599a000 r--p 0000c000 08:02 133551                     /usr/lib/jvm/java-7-openjdk-amd64/jre/lib/amd64/jli/libjli.so
7f87d599a000-7f87d599b000 rw-p 0000d000 08:02 133551                     /usr/lib/jvm/java-7-openjdk-amd64/jre/lib/amd64/jli/libjli.so
7f87d599b000-7f87d59bf000 r-xp 00000000 08:02 2887597                    /lib/x86_64-linux-gnu/ld-2.21.so
7f87d59bf000-7f87d59c1000 r--s 00006000 08:02 8789351                    /usr/share/java/jayatana.jar
7f87d59c1000-7f87d59c2000 r--s 00000000 08:02 8786851                    /usr/share/java/jayatanaag.jar
7f87d59c2000-7f87d59c4000 r--s 00006000 08:02 8783448                    /usr/share/java/java-atk-wrapper.jar
7f87d59c4000-7f87d59e5000 rw-p 00000000 00:00 0 
7f87d59e5000-7f87d5a9b000 rw-p 00000000 00:00 0 
7f87d5a9b000-7f87d5a9e000 ---p 00000000 00:00 0 
7f87d5a9e000-7f87d5ba1000 rw-p 00000000 00:00 0                          [stack:20925]
7f87d5ba1000-7f87d5ba4000 r--s 0000f000 08:02 133732                     /usr/lib/jvm/java-7-openjdk-amd64/jre/lib/ext/icedtea-sound.jar
7f87d5ba4000-7f87d5ba5000 r--s 00002000 08:02 134148                     /usr/lib/jvm/java-7-openjdk-amd64/jre/lib/ext/dnsns.jar
7f87d5ba5000-7f87d5ba8000 r--s 00086000 08:02 134149                     /usr/lib/jvm/java-7-openjdk-amd64/jre/lib/ext/localedata.jar
7f87d5ba8000-7f87d5bac000 r--s 00034000 08:02 133734                     /usr/lib/jvm/java-7-openjdk-amd64/jre/lib/ext/sunjce_provider.jar
7f87d5bac000-7f87d5bae000 r--s 00012000 08:02 133733                     /usr/lib/jvm/java-7-openjdk-amd64/jre/lib/ext/zipfs.jar
7f87d5bae000-7f87d5bb2000 r--s 0003c000 08:02 133735                     /usr/lib/jvm/java-7-openjdk-amd64/jre/lib/ext/sunpkcs11.jar
7f87d5bb2000-7f87d5bba000 rw-s 00000000 08:02 4980771                    /tmp/hsperfdata_ashish/20919
7f87d5bba000-7f87d5bbb000 rw-p 00000000 00:00 0 
7f87d5bbb000-7f87d5bbc000 r--p 00000000 00:00 0 
7f87d5bbc000-7f87d5bbe000 rw-p 00000000 00:00 0 
7f87d5bbe000-7f87d5bbf000 r--p 00023000 08:02 2887597                    /lib/x86_64-linux-gnu/ld-2.21.so
7f87d5bbf000-7f87d5bc0000 rw-p 00024000 08:02 2887597                    /lib/x86_64-linux-gnu/ld-2.21.so
7f87d5bc0000-7f87d5bc1000 rw-p 00000000 00:00 0 
7fff1a978000-7fff1a999000 rw-p 00000000 00:00 0                          [stack]
7fff1a9bb000-7fff1a9bd000 r--p 00000000 00:00 0                          [vvar]
7fff1a9bd000-7fff1a9bf000 r-xp 00000000 00:00 0                          [vdso]
ffffffffff600000-ffffffffff601000 r-xp 00000000 00:00 0                  [vsyscall]

VM Arguments:
jvm_args: -javaagent:/usr/share/java/jayatanaag.jar -agentlib:jdwp=transport=dt_socket,suspend=y,address=localhost:49161 -Dfile.encoding=UTF-8 
java_command: Display
Launcher Type: SUN_STANDARD

Environment Variables:
JAVA_TOOL_OPTIONS=-javaagent:/usr/share/java/jayatanaag.jar 
PATH=/usr/local/sbin:/usr/local/bin:/usr/sbin:/usr/bin:/sbin:/bin:/usr/games:/usr/local/games
SHELL=/bin/bash
DISPLAY=:0

Signal Handlers:
SIGSEGV: [libjvm.so+0x98abe0], sa_mask[0]=0x7ffbfeff, sa_flags=0x10000004
SIGBUS: [libjvm.so+0x98abe0], sa_mask[0]=0x7ffbfeff, sa_flags=0x10000004
SIGFPE: [libjvm.so+0x7f8a60], sa_mask[0]=0x7ffbfeff, sa_flags=0x10000004
SIGPIPE: [libjvm.so+0x7f8a60], sa_mask[0]=0x7ffbfeff, sa_flags=0x10000004
SIGXFSZ: [libjvm.so+0x7f8a60], sa_mask[0]=0x7ffbfeff, sa_flags=0x10000004
SIGILL: [libjvm.so+0x7f8a60], sa_mask[0]=0x7ffbfeff, sa_flags=0x10000004
SIGUSR1: SIG_DFL, sa_mask[0]=0x00000000, sa_flags=0x00000000
SIGUSR2: [libjvm.so+0x7f88e0], sa_mask[0]=0x00000004, sa_flags=0x10000004
SIGHUP: [libjvm.so+0x7f8ae0], sa_mask[0]=0x7ffbfeff, sa_flags=0x10000004
SIGINT: [libjvm.so+0x7f8ae0], sa_mask[0]=0x7ffbfeff, sa_flags=0x10000004
SIGTERM: [libjvm.so+0x7f8ae0], sa_mask[0]=0x7ffbfeff, sa_flags=0x10000004
SIGQUIT: [libjvm.so+0x7f8ae0], sa_mask[0]=0x7ffbfeff, sa_flags=0x10000004
SIGTRAP: SIG_DFL, sa_mask[0]=0x00000000, sa_flags=0x00000000


---------------  S Y S T E M  ---------------

OS:Ubuntu 15.04 (vivid)
uname:Linux 3.19.0-16-generic #16-Ubuntu SMP Thu Apr 30 16:09:58 UTC 2015 x86_64
libc:glibc 2.21 NPTL 2.21 
rlimit: STACK 8192k, CORE 0k, NPROC 15212, NOFILE 65536, AS infinity
load average:0.21 0.36 0.34

/proc/meminfo:
MemTotal:        3977236 kB
MemFree:          298004 kB
MemAvailable:     882772 kB
Buffers:          103016 kB
Cached:          1117204 kB
SwapCached:          216 kB
Active:          2076532 kB
Inactive:        1408596 kB
Active(anon):    1649500 kB
Inactive(anon):  1110956 kB
Active(file):     427032 kB
Inactive(file):   297640 kB
Unevictable:         264 kB
Mlocked:             264 kB
SwapTotal:       9764860 kB
SwapFree:        9757904 kB
Dirty:                20 kB
Writeback:            12 kB
AnonPages:       2264864 kB
Mapped:           362740 kB
Shmem:            495612 kB
Slab:              98740 kB
SReclaimable:      58064 kB
SUnreclaim:        40676 kB
KernelStack:       10496 kB
PageTables:        41344 kB
NFS_Unstable:          0 kB
Bounce:                0 kB
WritebackTmp:          0 kB
CommitLimit:    11753476 kB
Committed_AS:    7515844 kB
VmallocTotal:   34359738367 kB
VmallocUsed:      547744 kB
VmallocChunk:   34359138380 kB
HardwareCorrupted:     0 kB
AnonHugePages:   1349632 kB
CmaTotal:              0 kB
CmaFree:               0 kB
HugePages_Total:       0
HugePages_Free:        0
HugePages_Rsvd:        0
HugePages_Surp:        0
Hugepagesize:       2048 kB
DirectMap4k:      180544 kB
DirectMap2M:     2895872 kB
DirectMap1G:     2097152 kB


CPU:total 4 (2 cores per cpu, 2 threads per core) family 6 model 69 stepping 1, cmov, cx8, fxsr, mmx, sse, sse2, sse3, ssse3, sse4.1, sse4.2, popcnt, avx, avx2, aes, erms, ht, tsc, tscinvbit

/proc/cpuinfo:
processor	: 0
vendor_id	: GenuineIntel
cpu family	: 6
model		: 69
model name	: Intel(R) Core(TM) i3-4010U CPU @ 1.70GHz
stepping	: 1
microcode	: 0x17
cpu MHz		: 1700.000
cache size	: 3072 KB
physical id	: 0
siblings	: 4
core id		: 0
cpu cores	: 2
apicid		: 0
initial apicid	: 0
fpu		: yes
fpu_exception	: yes
cpuid level	: 13
wp		: yes
flags		: fpu vme de pse tsc msr pae mce cx8 apic sep mtrr pge mca cmov pat pse36 clflush dts acpi mmx fxsr sse sse2 ss ht tm pbe syscall nx pdpe1gb rdtscp lm constant_tsc arch_perfmon pebs bts rep_good nopl xtopology nonstop_tsc aperfmperf eagerfpu pni pclmulqdq dtes64 monitor ds_cpl vmx est tm2 ssse3 fma cx16 xtpr pdcm pcid sse4_1 sse4_2 x2apic movbe popcnt tsc_deadline_timer aes xsave avx f16c rdrand lahf_lm abm ida arat epb pln pts dtherm tpr_shadow vnmi flexpriority ept vpid fsgsbase tsc_adjust bmi1 avx2 smep bmi2 erms invpcid xsaveopt
bugs		:
bogomips	: 3391.96
clflush size	: 64
cache_alignment	: 64
address sizes	: 39 bits physical, 48 bits virtual
power management:

processor	: 1
vendor_id	: GenuineIntel
cpu family	: 6
model		: 69
model name	: Intel(R) Core(TM) i3-4010U CPU @ 1.70GHz
stepping	: 1
microcode	: 0x17
cpu MHz		: 1699.933
cache size	: 3072 KB
physical id	: 0
siblings	: 4
core id		: 0
cpu cores	: 2
apicid		: 1
initial apicid	: 1
fpu		: yes
fpu_exception	: yes
cpuid level	: 13
wp		: yes
flags		: fpu vme de pse tsc msr pae mce cx8 apic sep mtrr pge mca cmov pat pse36 clflush dts acpi mmx fxsr sse sse2 ss ht tm pbe syscall nx pdpe1gb rdtscp lm constant_tsc arch_perfmon pebs bts rep_good nopl xtopology nonstop_tsc aperfmperf eagerfpu pni pclmulqdq dtes64 monitor ds_cpl vmx est tm2 ssse3 fma cx16 xtpr pdcm pcid sse4_1 sse4_2 x2apic movbe popcnt tsc_deadline_timer aes xsave avx f16c rdrand lahf_lm abm ida arat epb pln pts dtherm tpr_shadow vnmi flexpriority ept vpid fsgsbase tsc_adjust bmi1 avx2 smep bmi2 erms invpcid xsaveopt
bugs		:
bogomips	: 3391.96
clflush size	: 64
cache_alignment	: 64
address sizes	: 39 bits physical, 48 bits virtual
power management:

processor	: 2
vendor_id	: GenuineIntel
cpu family	: 6
model		: 69
model name	: Intel(R) Core(TM) i3-4010U CPU @ 1.70GHz
stepping	: 1
microcode	: 0x17
cpu MHz		: 1700.000
cache size	: 3072 KB
physical id	: 0
siblings	: 4
core id		: 1
cpu cores	: 2
apicid		: 2
initial apicid	: 2
fpu		: yes
fpu_exception	: yes
cpuid level	: 13
wp		: yes
flags		: fpu vme de pse tsc msr pae mce cx8 apic sep mtrr pge mca cmov pat pse36 clflush dts acpi mmx fxsr sse sse2 ss ht tm pbe syscall nx pdpe1gb rdtscp lm constant_tsc arch_perfmon pebs bts rep_good nopl xtopology nonstop_tsc aperfmperf eagerfpu pni pclmulqdq dtes64 monitor ds_cpl vmx est tm2 ssse3 fma cx16 xtpr pdcm pcid sse4_1 sse4_2 x2apic movbe popcnt tsc_deadline_timer aes xsave avx f16c rdrand lahf_lm abm ida arat epb pln pts dtherm tpr_shadow vnmi flexpriority ept vpid fsgsbase tsc_adjust bmi1 avx2 smep bmi2 erms invpcid xsaveopt
bugs		:
bogomips	: 3391.96
clflush size	: 64
cache_alignment	: 64
address sizes	: 39 bits physical, 48 bits virtual
power management:

processor	: 3
vendor_id	: GenuineIntel
cpu family	: 6
model		: 69
model name	: Intel(R) Core(TM) i3-4010U CPU @ 1.70GHz
stepping	: 1
microcode	: 0x17
cpu MHz		: 1700.000
cache size	: 3072 KB
physical id	: 0
siblings	: 4
core id		: 1
cpu cores	: 2
apicid		: 3
initial apicid	: 3
fpu		: yes
fpu_exception	: yes
cpuid level	: 13
wp		: yes
flags		: fpu vme de pse tsc msr pae mce cx8 apic sep mtrr pge mca cmov pat pse36 clflush dts acpi mmx fxsr sse sse2 ss ht tm pbe syscall nx pdpe1gb rdtscp lm constant_tsc arch_perfmon pebs bts rep_good nopl xtopology nonstop_tsc aperfmperf eagerfpu pni pclmulqdq dtes64 monitor ds_cpl vmx est tm2 ssse3 fma cx16 xtpr pdcm pcid sse4_1 sse4_2 x2apic movbe popcnt tsc_deadline_timer aes xsave avx f16c rdrand lahf_lm abm ida arat epb pln pts dtherm tpr_shadow vnmi flexpriority ept vpid fsgsbase tsc_adjust bmi1 avx2 smep bmi2 erms invpcid xsaveopt
bugs		:
bogomips	: 3391.96
clflush size	: 64
cache_alignment	: 64
address sizes	: 39 bits physical, 48 bits virtual
power management:



Memory: 4k page, physical 3977236k(298004k free), swap 9764860k(9757904k free)

vm_info: OpenJDK 64-Bit Server VM (24.79-b02) for linux-amd64 JRE (1.7.0_79-b14), built on Apr 15 2015 21:06:31 by "buildd" with gcc 4.9.2

time: Mon May 18 23:37:15 2015
elapsed time: 149 seconds

